{"C:\\Users\\Eman\\Desktop\\WORKSY\\src\\app.ts": {"path":"C:\\Users\\Eman\\Desktop\\WORKSY\\src\\app.ts","statementMap":{"0":{"start":{"line":2,"column":0},"end":{"line":2,"column":30}},"1":{"start":{"line":3,"column":0},"end":{"line":3,"column":72}},"2":{"start":{"line":4,"column":0},"end":{"line":4,"column":28}},"3":{"start":{"line":6,"column":0},"end":{"line":6,"column":28}},"4":{"start":{"line":7,"column":0},"end":{"line":7,"column":41}},"5":{"start":{"line":8,"column":0},"end":{"line":8,"column":24}},"6":{"start":{"line":13,"column":0},"end":{"line":13,"column":31}},"7":{"start":{"line":16,"column":0},"end":{"line":16,"column":38}},"8":{"start":{"line":17,"column":0},"end":{"line":17,"column":45}},"9":{"start":{"line":18,"column":0},"end":{"line":18,"column":56}},"10":{"start":{"line":19,"column":0},"end":{"line":19,"column":50}},"11":{"start":{"line":20,"column":0},"end":{"line":20,"column":58}},"12":{"start":{"line":21,"column":0},"end":{"line":21,"column":99}},"13":{"start":{"line":22,"column":0},"end":{"line":22,"column":29}},"14":{"start":{"line":23,"column":0},"end":{"line":23,"column":83}},"15":{"start":{"line":24,"column":0},"end":{"line":24,"column":48}},"16":{"start":{"line":25,"column":0},"end":{"line":25,"column":63}},"17":{"start":{"line":26,"column":0},"end":{"line":26,"column":46}},"18":{"start":{"line":33,"column":12},"end":{"line":33,"column":21}},"19":{"start":{"line":36,"column":0},"end":{"line":36,"column":16}},"20":{"start":{"line":38,"column":0},"end":{"line":38,"column":22}},"21":{"start":{"line":39,"column":0},"end":{"line":39,"column":28}},"22":{"start":{"line":40,"column":0},"end":{"line":40,"column":25}},"23":{"start":{"line":43,"column":0},"end":{"line":50,"column":4}},"24":{"start":{"line":51,"column":0},"end":{"line":55,"column":2}},"25":{"start":{"line":56,"column":0},"end":{"line":56,"column":24}},"26":{"start":{"line":57,"column":0},"end":{"line":57,"column":18}},"27":{"start":{"line":60,"column":41},"end":{"line":64,"column":2}},"28":{"start":{"line":67,"column":0},"end":{"line":67,"column":25}},"29":{"start":{"line":68,"column":0},"end":{"line":68,"column":36}},"30":{"start":{"line":69,"column":0},"end":{"line":69,"column":null}},"31":{"start":{"line":70,"column":0},"end":{"line":70,"column":55}},"32":{"start":{"line":71,"column":0},"end":{"line":71,"column":49}},"33":{"start":{"line":73,"column":0},"end":{"line":73,"column":54}},"34":{"start":{"line":74,"column":0},"end":{"line":74,"column":46}},"35":{"start":{"line":81,"column":0},"end":{"line":83,"column":3}},"36":{"start":{"line":82,"column":2},"end":{"line":82,"column":21}},"37":{"start":{"line":85,"column":0},"end":{"line":85,"column":35}},"38":{"start":{"line":86,"column":0},"end":{"line":86,"column":22}},"39":{"start":{"line":88,"column":0},"end":{"line":88,"column":19}}},"fnMap":{"0":{"name":"(anonymous_1)","decl":{"start":{"line":81,"column":13},"end":{"line":81,"column":18}},"loc":{"start":{"line":81,"column":32},"end":{"line":83,"column":1}}}},"branchMap":{},"s":{"0":17,"1":17,"2":17,"3":17,"4":17,"5":17,"6":17,"7":17,"8":17,"9":17,"10":17,"11":17,"12":17,"13":17,"14":17,"15":17,"16":17,"17":17,"18":17,"19":17,"20":17,"21":17,"22":17,"23":17,"24":17,"25":17,"26":17,"27":17,"28":17,"29":17,"30":17,"31":17,"32":17,"33":17,"34":17,"35":17,"36":0,"37":17,"38":17,"39":17},"f":{"0":0},"b":{}}
,"C:\\Users\\Eman\\Desktop\\WORKSY\\src\\server.ts": {"path":"C:\\Users\\Eman\\Desktop\\WORKSY\\src\\server.ts","statementMap":{"0":{"start":{"line":1,"column":0},"end":{"line":1,"column":24}},"1":{"start":{"line":2,"column":0},"end":{"line":2,"column":40}},"2":{"start":{"line":3,"column":0},"end":{"line":3,"column":7}},"3":{"start":{"line":19,"column":9},"end":{"line":3,"column":24}},"4":{"start":{"line":4,"column":0},"end":{"line":4,"column":38}},"5":{"start":{"line":6,"column":15},"end":{"line":6,"column":37}},"6":{"start":{"line":19,"column":14},"end":{"line":19,"column":20}},"7":{"start":{"line":8,"column":0},"end":{"line":8,"column":19}},"8":{"start":{"line":10,"column":13},"end":{"line":10,"column":37}},"9":{"start":{"line":12,"column":0},"end":{"line":17,"column":1}},"10":{"start":{"line":13,"column":2},"end":{"line":13,"column":14}},"11":{"start":{"line":14,"column":2},"end":{"line":16,"column":5}},"12":{"start":{"line":15,"column":4},"end":{"line":15,"column":50}}},"fnMap":{"0":{"name":"(anonymous_1)","decl":{"start":{"line":14,"column":22},"end":{"line":14,"column":25}},"loc":{"start":{"line":14,"column":27},"end":{"line":16,"column":3}}}},"branchMap":{"0":{"loc":{"start":{"line":10,"column":13},"end":{"line":10,"column":37}},"type":"binary-expr","locations":[{"start":{"line":10,"column":13},"end":{"line":10,"column":29}},{"start":{"line":10,"column":33},"end":{"line":10,"column":37}}]},"1":{"loc":{"start":{"line":12,"column":0},"end":{"line":17,"column":1}},"type":"if","locations":[{"start":{"line":12,"column":0},"end":{"line":17,"column":1}}]}},"s":{"0":17,"1":17,"2":17,"3":17,"4":17,"5":17,"6":17,"7":17,"8":17,"9":17,"10":0,"11":0,"12":0},"f":{"0":0},"b":{"0":[17,0],"1":[0]}}
,"C:\\Users\\Eman\\Desktop\\WORKSY\\src\\config\\db.ts": {"path":"C:\\Users\\Eman\\Desktop\\WORKSY\\src\\config\\db.ts","statementMap":{"0":{"start":{"line":1,"column":0},"end":{"line":1,"column":46}},"1":{"start":{"line":5,"column":15},"end":{"line":5,"column":33}},"2":{"start":{"line":9,"column":25},"end":{"line":17,"column":1}},"3":{"start":{"line":10,"column":2},"end":{"line":16,"column":3}},"4":{"start":{"line":11,"column":4},"end":{"line":11,"column":28}},"5":{"start":{"line":12,"column":4},"end":{"line":12,"column":51}},"6":{"start":{"line":14,"column":4},"end":{"line":14,"column":54}},"7":{"start":{"line":15,"column":4},"end":{"line":15,"column":20}},"8":{"start":{"line":9,"column":13},"end":{"line":9,"column":25}},"9":{"start":{"line":19,"column":0},"end":{"line":19,"column":22}}},"fnMap":{"0":{"name":"(anonymous_0)","decl":{"start":{"line":9,"column":25},"end":{"line":9,"column":30}},"loc":{"start":{"line":9,"column":36},"end":{"line":17,"column":1}}}},"branchMap":{},"s":{"0":18,"1":18,"2":18,"3":0,"4":0,"5":0,"6":0,"7":0,"8":18,"9":18},"f":{"0":0},"b":{}}
,"C:\\Users\\Eman\\Desktop\\WORKSY\\src\\config\\jwt.config.ts": {"path":"C:\\Users\\Eman\\Desktop\\WORKSY\\src\\config\\jwt.config.ts","statementMap":{"0":{"start":{"line":2,"column":0},"end":{"line":2,"column":32}},"1":{"start":{"line":3,"column":0},"end":{"line":3,"column":67}},"2":{"start":{"line":4,"column":0},"end":{"line":4,"column":46}},"3":{"start":{"line":6,"column":15},"end":{"line":6,"column":33}},"4":{"start":{"line":22,"column":19},"end":{"line":25,"column":2}},"5":{"start":{"line":28,"column":0},"end":{"line":79,"column":2}},"6":{"start":{"line":31,"column":9},"end":{"line":31,"column":59}},"7":{"start":{"line":33,"column":8},"end":{"line":77,"column":9}},"8":{"start":{"line":34,"column":12},"end":{"line":34,"column":72}},"9":{"start":{"line":36,"column":12},"end":{"line":39,"column":13}},"10":{"start":{"line":37,"column":16},"end":{"line":37,"column":90}},"11":{"start":{"line":38,"column":16},"end":{"line":38,"column":79}},"12":{"start":{"line":41,"column":25},"end":{"line":55,"column":14}},"13":{"start":{"line":57,"column":12},"end":{"line":73,"column":13}},"14":{"start":{"line":58,"column":47},"end":{"line":68,"column":18}},"15":{"start":{"line":69,"column":16},"end":{"line":69,"column":46}},"16":{"start":{"line":71,"column":16},"end":{"line":71,"column":97}},"17":{"start":{"line":72,"column":16},"end":{"line":72,"column":72}},"18":{"start":{"line":75,"column":12},"end":{"line":75,"column":93}},"19":{"start":{"line":76,"column":12},"end":{"line":76,"column":38}},"20":{"start":{"line":80,"column":0},"end":{"line":80,"column":53}},"21":{"start":{"line":82,"column":0},"end":{"line":82,"column":24}}},"fnMap":{"0":{"name":"(anonymous_1)","decl":{"start":{"line":29,"column":32},"end":{"line":29,"column":37}},"loc":{"start":{"line":29,"column":60},"end":{"line":78,"column":5}}}},"branchMap":{"0":{"loc":{"start":{"line":36,"column":12},"end":{"line":39,"column":13}},"type":"if","locations":[{"start":{"line":36,"column":12},"end":{"line":39,"column":13}}]},"1":{"loc":{"start":{"line":36,"column":16},"end":{"line":36,"column":71}},"type":"binary-expr","locations":[{"start":{"line":36,"column":16},"end":{"line":36,"column":32}},{"start":{"line":36,"column":36},"end":{"line":36,"column":71}}]},"2":{"loc":{"start":{"line":57,"column":12},"end":{"line":73,"column":13}},"type":"if","locations":[{"start":{"line":57,"column":12},"end":{"line":73,"column":13}},{"start":{"line":70,"column":19},"end":{"line":73,"column":13}}]}},"s":{"0":17,"1":17,"2":17,"3":17,"4":17,"5":17,"6":0,"7":0,"8":0,"9":0,"10":0,"11":0,"12":0,"13":0,"14":0,"15":0,"16":0,"17":0,"18":0,"19":0,"20":17,"21":17},"f":{"0":0},"b":{"0":[0],"1":[0,0],"2":[0,0]}}
,"C:\\Users\\Eman\\Desktop\\WORKSY\\src\\config\\oauth.config.ts": {"path":"C:\\Users\\Eman\\Desktop\\WORKSY\\src\\config\\oauth.config.ts","statementMap":{"0":{"start":{"line":2,"column":0},"end":{"line":2,"column":32}},"1":{"start":{"line":3,"column":0},"end":{"line":3,"column":69}},"2":{"start":{"line":4,"column":0},"end":{"line":4,"column":67}},"3":{"start":{"line":7,"column":0},"end":{"line":7,"column":26}},"4":{"start":{"line":11,"column":0},"end":{"line":11,"column":44}},"5":{"start":{"line":12,"column":0},"end":{"line":12,"column":83}},"6":{"start":{"line":13,"column":0},"end":{"line":13,"column":91}},"7":{"start":{"line":14,"column":0},"end":{"line":14,"column":89}},"8":{"start":{"line":15,"column":0},"end":{"line":15,"column":97}},"9":{"start":{"line":16,"column":0},"end":{"line":16,"column":47}},"10":{"start":{"line":19,"column":0},"end":{"line":21,"column":1}},"11":{"start":{"line":20,"column":2},"end":{"line":20,"column":82}},"12":{"start":{"line":23,"column":0},"end":{"line":25,"column":1}},"13":{"start":{"line":24,"column":2},"end":{"line":24,"column":85}},"14":{"start":{"line":27,"column":0},"end":{"line":29,"column":1}},"15":{"start":{"line":28,"column":2},"end":{"line":28,"column":66}},"16":{"start":{"line":44,"column":0},"end":{"line":46,"column":3}},"17":{"start":{"line":45,"column":2},"end":{"line":45,"column":22}},"18":{"start":{"line":49,"column":0},"end":{"line":65,"column":3}},"19":{"start":{"line":50,"column":2},"end":{"line":64,"column":3}},"20":{"start":{"line":51,"column":17},"end":{"line":60,"column":6}},"21":{"start":{"line":61,"column":4},"end":{"line":61,"column":21}},"22":{"start":{"line":63,"column":4},"end":{"line":63,"column":22}},"23":{"start":{"line":68,"column":0},"end":{"line":100,"column":1}},"24":{"start":{"line":69,"column":2},"end":{"line":96,"column":4}},"25":{"start":{"line":78,"column":8},"end":{"line":93,"column":9}},"26":{"start":{"line":79,"column":45},"end":{"line":86,"column":12}},"27":{"start":{"line":88,"column":23},"end":{"line":88,"column":58}},"28":{"start":{"line":89,"column":10},"end":{"line":89,"column":34}},"29":{"start":{"line":91,"column":10},"end":{"line":91,"column":54}},"30":{"start":{"line":92,"column":10},"end":{"line":92,"column":36}},"31":{"start":{"line":97,"column":2},"end":{"line":97,"column":63}},"32":{"start":{"line":99,"column":2},"end":{"line":99,"column":77}},"33":{"start":{"line":103,"column":0},"end":{"line":135,"column":1}},"34":{"start":{"line":104,"column":2},"end":{"line":131,"column":4}},"35":{"start":{"line":113,"column":8},"end":{"line":128,"column":9}},"36":{"start":{"line":114,"column":45},"end":{"line":121,"column":12}},"37":{"start":{"line":123,"column":23},"end":{"line":123,"column":58}},"38":{"start":{"line":124,"column":10},"end":{"line":124,"column":34}},"39":{"start":{"line":126,"column":10},"end":{"line":126,"column":57}},"40":{"start":{"line":127,"column":10},"end":{"line":127,"column":36}},"41":{"start":{"line":132,"column":2},"end":{"line":132,"column":66}},"42":{"start":{"line":134,"column":2},"end":{"line":134,"column":80}},"43":{"start":{"line":139,"column":16},"end":{"line":139,"column":42}},"44":{"start":{"line":141,"column":2},"end":{"line":143,"column":3}},"45":{"start":{"line":142,"column":4},"end":{"line":142,"column":59}},"46":{"start":{"line":146,"column":13},"end":{"line":148,"column":4}},"47":{"start":{"line":150,"column":2},"end":{"line":179,"column":3}},"48":{"start":{"line":152,"column":4},"end":{"line":160,"column":7}},"49":{"start":{"line":163,"column":17},"end":{"line":165,"column":25}},"50":{"start":{"line":167,"column":4},"end":{"line":178,"column":7}},"51":{"start":{"line":181,"column":2},"end":{"line":181,"column":14}},"52":{"start":{"line":184,"column":0},"end":{"line":184,"column":24}}},"fnMap":{"0":{"name":"(anonymous_1)","decl":{"start":{"line":44,"column":23},"end":{"line":44,"column":24}},"loc":{"start":{"line":44,"column":43},"end":{"line":46,"column":1}}},"1":{"name":"(anonymous_2)","decl":{"start":{"line":49,"column":25},"end":{"line":49,"column":30}},"loc":{"start":{"line":49,"column":52},"end":{"line":65,"column":1}}},"2":{"name":"(anonymous_3)","decl":{"start":{"line":77,"column":6},"end":{"line":77,"column":11}},"loc":{"start":{"line":77,"column":57},"end":{"line":94,"column":7}}},"3":{"name":"(anonymous_4)","decl":{"start":{"line":112,"column":6},"end":{"line":112,"column":11}},"loc":{"start":{"line":112,"column":94},"end":{"line":129,"column":7}}},"4":{"name":"handleOAuthUser","decl":{"start":{"line":138,"column":15},"end":{"line":138,"column":30}},"loc":{"start":{"line":138,"column":52},"end":{"line":182,"column":1}}}},"branchMap":{"0":{"loc":{"start":{"line":12,"column":33},"end":{"line":12,"column":81}},"type":"cond-expr","locations":[{"start":{"line":12,"column":64},"end":{"line":12,"column":69}},{"start":{"line":12,"column":72},"end":{"line":12,"column":81}}]},"1":{"loc":{"start":{"line":13,"column":37},"end":{"line":13,"column":89}},"type":"cond-expr","locations":[{"start":{"line":13,"column":72},"end":{"line":13,"column":77}},{"start":{"line":13,"column":80},"end":{"line":13,"column":89}}]},"2":{"loc":{"start":{"line":14,"column":36},"end":{"line":14,"column":87}},"type":"cond-expr","locations":[{"start":{"line":14,"column":70},"end":{"line":14,"column":75}},{"start":{"line":14,"column":78},"end":{"line":14,"column":87}}]},"3":{"loc":{"start":{"line":15,"column":40},"end":{"line":15,"column":95}},"type":"cond-expr","locations":[{"start":{"line":15,"column":78},"end":{"line":15,"column":83}},{"start":{"line":15,"column":86},"end":{"line":15,"column":95}}]},"4":{"loc":{"start":{"line":19,"column":0},"end":{"line":21,"column":1}},"type":"if","locations":[{"start":{"line":19,"column":0},"end":{"line":21,"column":1}}]},"5":{"loc":{"start":{"line":19,"column":4},"end":{"line":19,"column":70}},"type":"binary-expr","locations":[{"start":{"line":19,"column":4},"end":{"line":19,"column":33}},{"start":{"line":19,"column":37},"end":{"line":19,"column":70}}]},"6":{"loc":{"start":{"line":23,"column":0},"end":{"line":25,"column":1}},"type":"if","locations":[{"start":{"line":23,"column":0},"end":{"line":25,"column":1}}]},"7":{"loc":{"start":{"line":23,"column":4},"end":{"line":23,"column":76}},"type":"binary-expr","locations":[{"start":{"line":23,"column":4},"end":{"line":23,"column":36}},{"start":{"line":23,"column":40},"end":{"line":23,"column":76}}]},"8":{"loc":{"start":{"line":27,"column":0},"end":{"line":29,"column":1}},"type":"if","locations":[{"start":{"line":27,"column":0},"end":{"line":29,"column":1}}]},"9":{"loc":{"start":{"line":68,"column":0},"end":{"line":100,"column":1}},"type":"if","locations":[{"start":{"line":68,"column":0},"end":{"line":100,"column":1}},{"start":{"line":98,"column":7},"end":{"line":100,"column":1}}]},"10":{"loc":{"start":{"line":68,"column":4},"end":{"line":68,"column":68}},"type":"binary-expr","locations":[{"start":{"line":68,"column":4},"end":{"line":68,"column":32}},{"start":{"line":68,"column":36},"end":{"line":68,"column":68}}]},"11":{"loc":{"start":{"line":103,"column":0},"end":{"line":135,"column":1}},"type":"if","locations":[{"start":{"line":103,"column":0},"end":{"line":135,"column":1}},{"start":{"line":133,"column":7},"end":{"line":135,"column":1}}]},"12":{"loc":{"start":{"line":103,"column":4},"end":{"line":103,"column":74}},"type":"binary-expr","locations":[{"start":{"line":103,"column":4},"end":{"line":103,"column":35}},{"start":{"line":103,"column":39},"end":{"line":103,"column":74}}]},"13":{"loc":{"start":{"line":141,"column":2},"end":{"line":143,"column":3}},"type":"if","locations":[{"start":{"line":141,"column":2},"end":{"line":143,"column":3}}]},"14":{"loc":{"start":{"line":150,"column":2},"end":{"line":179,"column":3}},"type":"if","locations":[{"start":{"line":150,"column":2},"end":{"line":179,"column":3}},{"start":{"line":161,"column":9},"end":{"line":179,"column":3}}]},"15":{"loc":{"start":{"line":157,"column":16},"end":{"line":157,"column":57}},"type":"binary-expr","locations":[{"start":{"line":157,"column":16},"end":{"line":157,"column":42}},{"start":{"line":157,"column":46},"end":{"line":157,"column":57}}]},"16":{"loc":{"start":{"line":163,"column":17},"end":{"line":165,"column":25}},"type":"binary-expr","locations":[{"start":{"line":163,"column":17},"end":{"line":163,"column":36}},{"start":{"line":164,"column":6},"end":{"line":164,"column":81}},{"start":{"line":165,"column":6},"end":{"line":165,"column":25}}]},"17":{"loc":{"start":{"line":164,"column":9},"end":{"line":164,"column":38}},"type":"binary-expr","locations":[{"start":{"line":164,"column":9},"end":{"line":164,"column":32}},{"start":{"line":164,"column":36},"end":{"line":164,"column":38}}]},"18":{"loc":{"start":{"line":164,"column":42},"end":{"line":164,"column":72}},"type":"binary-expr","locations":[{"start":{"line":164,"column":42},"end":{"line":164,"column":66}},{"start":{"line":164,"column":70},"end":{"line":164,"column":72}}]}},"s":{"0":17,"1":17,"2":17,"3":17,"4":17,"5":17,"6":17,"7":17,"8":17,"9":17,"10":17,"11":0,"12":17,"13":17,"14":17,"15":0,"16":17,"17":0,"18":17,"19":0,"20":0,"21":0,"22":0,"23":17,"24":17,"25":0,"26":0,"27":0,"28":0,"29":0,"30":0,"31":17,"32":0,"33":17,"34":0,"35":0,"36":0,"37":0,"38":0,"39":0,"40":0,"41":0,"42":17,"43":0,"44":0,"45":0,"46":0,"47":0,"48":0,"49":0,"50":0,"51":0,"52":17},"f":{"0":0,"1":0,"2":0,"3":0,"4":0},"b":{"0":[17,0],"1":[17,0],"2":[0,17],"3":[0,17],"4":[0],"5":[17,17],"6":[17],"7":[17,0],"8":[0],"9":[17,0],"10":[17,17],"11":[0,17],"12":[17,0],"13":[0],"14":[0,0],"15":[0,0],"16":[0,0,0],"17":[0,0],"18":[0,0]}}
,"C:\\Users\\Eman\\Desktop\\WORKSY\\src\\config\\firebase\\firebase.ts": {"path":"C:\\Users\\Eman\\Desktop\\WORKSY\\src\\config\\firebase\\firebase.ts","statementMap":{"0":{"start":{"line":1,"column":0},"end":{"line":1,"column":66}},"1":{"start":{"line":2,"column":0},"end":{"line":2,"column":56}},"2":{"start":{"line":6,"column":23},"end":{"line":18,"column":2}},"3":{"start":{"line":21,"column":0},"end":{"line":25,"column":1}},"4":{"start":{"line":22,"column":4},"end":{"line":24,"column":7}},"5":{"start":{"line":27,"column":13},"end":{"line":27,"column":40}}},"fnMap":{},"branchMap":{"0":{"loc":{"start":{"line":21,"column":0},"end":{"line":25,"column":1}},"type":"if","locations":[{"start":{"line":21,"column":0},"end":{"line":25,"column":1}}]}},"s":{"0":17,"1":17,"2":17,"3":17,"4":17,"5":17},"f":{},"b":{"0":[17]}}
,"C:\\Users\\Eman\\Desktop\\WORKSY\\src\\constants\\OTP_Template.ts": {"path":"C:\\Users\\Eman\\Desktop\\WORKSY\\src\\constants\\OTP_Template.ts","statementMap":{"0":{"start":{"line":3,"column":38},"end":{"line":85,"column":1}},"1":{"start":{"line":4,"column":2},"end":{"line":84,"column":4}},"2":{"start":{"line":3,"column":13},"end":{"line":3,"column":38}}},"fnMap":{"0":{"name":"(anonymous_0)","decl":{"start":{"line":3,"column":38},"end":{"line":3,"column":39}},"loc":{"start":{"line":3,"column":62},"end":{"line":85,"column":1}}}},"branchMap":{},"s":{"0":17,"1":1,"2":17},"f":{"0":1},"b":{}}
,"C:\\Users\\Eman\\Desktop\\WORKSY\\src\\constants\\emailTemplates.ts": {"path":"C:\\Users\\Eman\\Desktop\\WORKSY\\src\\constants\\emailTemplates.ts","statementMap":{"0":{"start":{"line":1,"column":43},"end":{"line":28,"column":2}},"1":{"start":{"line":1,"column":65},"end":{"line":28,"column":2}},"2":{"start":{"line":1,"column":13},"end":{"line":1,"column":43}}},"fnMap":{"0":{"name":"(anonymous_0)","decl":{"start":{"line":1,"column":43},"end":{"line":1,"column":44}},"loc":{"start":{"line":1,"column":65},"end":{"line":28,"column":2}}}},"branchMap":{},"s":{"0":17,"1":1,"2":17},"f":{"0":1},"b":{}}
,"C:\\Users\\Eman\\Desktop\\WORKSY\\src\\constants\\sendEmailVerificationEmail.ts": {"path":"C:\\Users\\Eman\\Desktop\\WORKSY\\src\\constants\\sendEmailVerificationEmail.ts","statementMap":{"0":{"start":{"line":1,"column":0},"end":{"line":1,"column":47}},"1":{"start":{"line":3,"column":42},"end":{"line":21,"column":1}},"2":{"start":{"line":4,"column":26},"end":{"line":4,"column":81}},"3":{"start":{"line":6,"column":22},"end":{"line":18,"column":4}},"4":{"start":{"line":20,"column":2},"end":{"line":20,"column":null}},"5":{"start":{"line":3,"column":13},"end":{"line":3,"column":42}}},"fnMap":{"0":{"name":"(anonymous_0)","decl":{"start":{"line":3,"column":42},"end":{"line":3,"column":47}},"loc":{"start":{"line":3,"column":95},"end":{"line":21,"column":1}}}},"branchMap":{},"s":{"0":17,"1":17,"2":1,"3":1,"4":1,"5":17},"f":{"0":1},"b":{}}
,"C:\\Users\\Eman\\Desktop\\WORKSY\\src\\constants\\sendInviteEmail.ts": {"path":"C:\\Users\\Eman\\Desktop\\WORKSY\\src\\constants\\sendInviteEmail.ts","statementMap":{"0":{"start":{"line":1,"column":0},"end":{"line":1,"column":47}},"1":{"start":{"line":3,"column":31},"end":{"line":32,"column":1}},"2":{"start":{"line":9,"column":22},"end":{"line":9,"column":78}},"3":{"start":{"line":11,"column":24},"end":{"line":29,"column":6}},"4":{"start":{"line":31,"column":4},"end":{"line":31,"column":40}},"5":{"start":{"line":3,"column":13},"end":{"line":3,"column":31}}},"fnMap":{"0":{"name":"(anonymous_0)","decl":{"start":{"line":3,"column":31},"end":{"line":3,"column":36}},"loc":{"start":{"line":8,"column":4},"end":{"line":32,"column":1}}}},"branchMap":{},"s":{"0":17,"1":17,"2":6,"3":6,"4":6,"5":17},"f":{"0":6},"b":{}}
,"C:\\Users\\Eman\\Desktop\\WORKSY\\src\\controllers\\auth.controller.ts": {"path":"C:\\Users\\Eman\\Desktop\\WORKSY\\src\\controllers\\auth.controller.ts","statementMap":{"0":{"start":{"line":2,"column":0},"end":{"line":2,"column":32}},"1":{"start":{"line":4,"column":0},"end":{"line":4,"column":47}},"2":{"start":{"line":5,"column":0},"end":{"line":5,"column":74}},"3":{"start":{"line":7,"column":0},"end":{"line":7,"column":51}},"4":{"start":{"line":8,"column":0},"end":{"line":8,"column":55}},"5":{"start":{"line":9,"column":0},"end":{"line":9,"column":44}},"6":{"start":{"line":10,"column":0},"end":{"line":10,"column":45}},"7":{"start":{"line":11,"column":0},"end":{"line":11,"column":67}},"8":{"start":{"line":15,"column":4},"end":{"line":32,"column":5}},"9":{"start":{"line":16,"column":40},"end":{"line":16,"column":48}},"10":{"start":{"line":18,"column":19},"end":{"line":18,"column":72}},"11":{"start":{"line":20,"column":6},"end":{"line":29,"column":8}},"12":{"start":{"line":31,"column":6},"end":{"line":31,"column":18}},"13":{"start":{"line":40,"column":4},"end":{"line":56,"column":5}},"14":{"start":{"line":41,"column":24},"end":{"line":41,"column":34}},"15":{"start":{"line":43,"column":19},"end":{"line":43,"column":55}},"16":{"start":{"line":45,"column":6},"end":{"line":45,"column":32}},"17":{"start":{"line":47,"column":6},"end":{"line":53,"column":9}},"18":{"start":{"line":55,"column":6},"end":{"line":55,"column":18}},"19":{"start":{"line":64,"column":4},"end":{"line":70,"column":5}},"20":{"start":{"line":65,"column":24},"end":{"line":65,"column":32}},"21":{"start":{"line":66,"column":26},"end":{"line":66,"column":74}},"22":{"start":{"line":67,"column":6},"end":{"line":67,"column":44}},"23":{"start":{"line":69,"column":6},"end":{"line":69,"column":18}},"24":{"start":{"line":78,"column":21},"end":{"line":78,"column":29}},"25":{"start":{"line":79,"column":4},"end":{"line":105,"column":5}},"26":{"start":{"line":81,"column":8},"end":{"line":81,"column":null}},"27":{"start":{"line":88,"column":19},"end":{"line":88,"column":47}},"28":{"start":{"line":89,"column":6},"end":{"line":93,"column":9}},"29":{"start":{"line":95,"column":6},"end":{"line":98,"column":8}},"30":{"start":{"line":100,"column":6},"end":{"line":102,"column":7}},"31":{"start":{"line":101,"column":8},"end":{"line":101,"column":20}},"32":{"start":{"line":103,"column":6},"end":{"line":103,"column":62}},"33":{"start":{"line":104,"column":6},"end":{"line":104,"column":67}},"34":{"start":{"line":109,"column":4},"end":{"line":140,"column":5}},"35":{"start":{"line":110,"column":43},"end":{"line":110,"column":51}},"36":{"start":{"line":112,"column":27},"end":{"line":115,"column":null}},"37":{"start":{"line":118,"column":6},"end":{"line":124,"column":9}},"38":{"start":{"line":126,"column":6},"end":{"line":132,"column":8}},"39":{"start":{"line":134,"column":6},"end":{"line":136,"column":7}},"40":{"start":{"line":135,"column":8},"end":{"line":135,"column":27}},"41":{"start":{"line":138,"column":6},"end":{"line":138,"column":54}},"42":{"start":{"line":139,"column":6},"end":{"line":139,"column":61}},"43":{"start":{"line":144,"column":4},"end":{"line":167,"column":5}},"44":{"start":{"line":145,"column":38},"end":{"line":145,"column":46}},"45":{"start":{"line":147,"column":31},"end":{"line":149,"column":null}},"46":{"start":{"line":152,"column":19},"end":{"line":152,"column":47}},"47":{"start":{"line":153,"column":6},"end":{"line":157,"column":9}},"48":{"start":{"line":159,"column":6},"end":{"line":159,"column":57}},"49":{"start":{"line":161,"column":6},"end":{"line":163,"column":7}},"50":{"start":{"line":162,"column":8},"end":{"line":162,"column":27}},"51":{"start":{"line":165,"column":6},"end":{"line":165,"column":54}},"52":{"start":{"line":166,"column":6},"end":{"line":166,"column":67}},"53":{"start":{"line":171,"column":25},"end":{"line":171,"column":49}},"54":{"start":{"line":172,"column":4},"end":{"line":172,"column":71}},"55":{"start":{"line":172,"column":23},"end":{"line":172,"column":71}},"56":{"start":{"line":174,"column":20},"end":{"line":174,"column":45}},"57":{"start":{"line":176,"column":4},"end":{"line":178,"column":5}},"58":{"start":{"line":177,"column":6},"end":{"line":177,"column":59}},"59":{"start":{"line":180,"column":19},"end":{"line":180,"column":72}},"60":{"start":{"line":181,"column":4},"end":{"line":187,"column":7}},"61":{"start":{"line":188,"column":4},"end":{"line":191,"column":6}},"62":{"start":{"line":198,"column":23},"end":{"line":198,"column":31}},"63":{"start":{"line":199,"column":21},"end":{"line":199,"column":53}},"64":{"start":{"line":200,"column":4},"end":{"line":203,"column":6}},"65":{"start":{"line":207,"column":4},"end":{"line":220,"column":5}},"66":{"start":{"line":208,"column":67},"end":{"line":208,"column":75}},"67":{"start":{"line":209,"column":6},"end":{"line":209,"column":72}},"68":{"start":{"line":211,"column":6},"end":{"line":214,"column":8}},"69":{"start":{"line":216,"column":6},"end":{"line":218,"column":7}},"70":{"start":{"line":217,"column":8},"end":{"line":217,"column":27}},"71":{"start":{"line":219,"column":6},"end":{"line":219,"column":66}},"72":{"start":{"line":225,"column":4},"end":{"line":262,"column":5}},"73":{"start":{"line":226,"column":24},"end":{"line":226,"column":32}},"74":{"start":{"line":229,"column":8},"end":{"line":229,"column":47}},"75":{"start":{"line":230,"column":19},"end":{"line":230,"column":56}},"76":{"start":{"line":232,"column":6},"end":{"line":236,"column":9}},"77":{"start":{"line":239,"column":6},"end":{"line":244,"column":7}},"78":{"start":{"line":240,"column":8},"end":{"line":243,"column":10}},"79":{"start":{"line":246,"column":6},"end":{"line":249,"column":8}},"80":{"start":{"line":251,"column":6},"end":{"line":258,"column":7}},"81":{"start":{"line":252,"column":8},"end":{"line":256,"column":9}},"82":{"start":{"line":253,"column":10},"end":{"line":255,"column":12}},"83":{"start":{"line":257,"column":8},"end":{"line":257,"column":27}},"84":{"start":{"line":260,"column":6},"end":{"line":260,"column":49}},"85":{"start":{"line":261,"column":6},"end":{"line":261,"column":65}},"86":{"start":{"line":266,"column":4},"end":{"line":290,"column":5}},"87":{"start":{"line":267,"column":29},"end":{"line":267,"column":37}},"88":{"start":{"line":269,"column":38},"end":{"line":271,"column":null}},"89":{"start":{"line":275,"column":6},"end":{"line":277,"column":7}},"90":{"start":{"line":276,"column":8},"end":{"line":276,"column":60}},"91":{"start":{"line":279,"column":6},"end":{"line":282,"column":8}},"92":{"start":{"line":284,"column":6},"end":{"line":286,"column":7}},"93":{"start":{"line":285,"column":8},"end":{"line":285,"column":27}},"94":{"start":{"line":288,"column":6},"end":{"line":288,"column":48}},"95":{"start":{"line":289,"column":6},"end":{"line":289,"column":61}},"96":{"start":{"line":294,"column":4},"end":{"line":328,"column":5}},"97":{"start":{"line":295,"column":66},"end":{"line":295,"column":74}},"98":{"start":{"line":297,"column":28},"end":{"line":297,"column":64}},"99":{"start":{"line":298,"column":6},"end":{"line":302,"column":7}},"100":{"start":{"line":299,"column":8},"end":{"line":301,"column":10}},"101":{"start":{"line":304,"column":6},"end":{"line":304,"column":70}},"102":{"start":{"line":306,"column":6},"end":{"line":306,"column":45}},"103":{"start":{"line":308,"column":6},"end":{"line":308,"column":79}},"104":{"start":{"line":310,"column":6},"end":{"line":320,"column":7}},"105":{"start":{"line":315,"column":8},"end":{"line":319,"column":10}},"106":{"start":{"line":322,"column":6},"end":{"line":324,"column":7}},"107":{"start":{"line":323,"column":8},"end":{"line":323,"column":27}},"108":{"start":{"line":326,"column":6},"end":{"line":326,"column":52}},"109":{"start":{"line":327,"column":6},"end":{"line":327,"column":65}},"110":{"start":{"line":332,"column":4},"end":{"line":363,"column":5}},"111":{"start":{"line":333,"column":24},"end":{"line":333,"column":32}},"112":{"start":{"line":335,"column":8},"end":{"line":335,"column":50}},"113":{"start":{"line":337,"column":6},"end":{"line":343,"column":7}},"114":{"start":{"line":338,"column":8},"end":{"line":342,"column":10}},"115":{"start":{"line":345,"column":29},"end":{"line":345,"column":68}},"116":{"start":{"line":347,"column":6},"end":{"line":351,"column":9}},"117":{"start":{"line":353,"column":6},"end":{"line":356,"column":8}},"118":{"start":{"line":358,"column":6},"end":{"line":362,"column":8}},"119":{"start":{"line":378,"column":4},"end":{"line":414,"column":23}},"120":{"start":{"line":379,"column":6},"end":{"line":413,"column":7}},"121":{"start":{"line":380,"column":8},"end":{"line":385,"column":9}},"122":{"start":{"line":381,"column":10},"end":{"line":381,"column":52}},"123":{"start":{"line":382,"column":10},"end":{"line":384,"column":12}},"124":{"start":{"line":387,"column":8},"end":{"line":391,"column":9}},"125":{"start":{"line":388,"column":10},"end":{"line":390,"column":12}},"126":{"start":{"line":394,"column":29},"end":{"line":394,"column":71}},"127":{"start":{"line":397,"column":8},"end":{"line":403,"column":11}},"128":{"start":{"line":406,"column":28},"end":{"line":406,"column":108}},"129":{"start":{"line":407,"column":8},"end":{"line":407,"column":41}},"130":{"start":{"line":409,"column":8},"end":{"line":409,"column":55}},"131":{"start":{"line":410,"column":8},"end":{"line":412,"column":10}},"132":{"start":{"line":422,"column":4},"end":{"line":462,"column":22}},"133":{"start":{"line":426,"column":8},"end":{"line":460,"column":9}},"134":{"start":{"line":427,"column":10},"end":{"line":432,"column":11}},"135":{"start":{"line":428,"column":12},"end":{"line":428,"column":57}},"136":{"start":{"line":429,"column":12},"end":{"line":431,"column":14}},"137":{"start":{"line":434,"column":10},"end":{"line":438,"column":11}},"138":{"start":{"line":435,"column":12},"end":{"line":437,"column":14}},"139":{"start":{"line":441,"column":31},"end":{"line":441,"column":73}},"140":{"start":{"line":444,"column":10},"end":{"line":450,"column":13}},"141":{"start":{"line":453,"column":30},"end":{"line":453,"column":105}},"142":{"start":{"line":454,"column":10},"end":{"line":454,"column":43}},"143":{"start":{"line":456,"column":10},"end":{"line":456,"column":60}},"144":{"start":{"line":457,"column":10},"end":{"line":459,"column":12}},"145":{"start":{"line":466,"column":4},"end":{"line":482,"column":5}},"146":{"start":{"line":467,"column":43},"end":{"line":467,"column":51}},"147":{"start":{"line":468,"column":21},"end":{"line":468,"column":33}},"148":{"start":{"line":470,"column":6},"end":{"line":472,"column":7}},"149":{"start":{"line":471,"column":8},"end":{"line":471,"column":62}},"150":{"start":{"line":474,"column":6},"end":{"line":474,"column":75}},"151":{"start":{"line":476,"column":6},"end":{"line":479,"column":8}},"152":{"start":{"line":481,"column":6},"end":{"line":481,"column":25}},"153":{"start":{"line":486,"column":4},"end":{"line":506,"column":5}},"154":{"start":{"line":487,"column":21},"end":{"line":487,"column":33}},"155":{"start":{"line":489,"column":6},"end":{"line":491,"column":7}},"156":{"start":{"line":490,"column":8},"end":{"line":490,"column":63}},"157":{"start":{"line":493,"column":6},"end":{"line":493,"column":51}},"158":{"start":{"line":495,"column":6},"end":{"line":498,"column":8}},"159":{"start":{"line":500,"column":6},"end":{"line":500,"column":52}},"160":{"start":{"line":501,"column":6},"end":{"line":505,"column":8}},"161":{"start":{"line":368,"column":9},"end":{"line":370,"column":5}},"162":{"start":{"line":372,"column":9},"end":{"line":374,"column":5}},"163":{"start":{"line":13,"column":21},"end":{"line":13,"column":null}}},"fnMap":{"0":{"name":"(anonymous_1)","decl":{"start":{"line":14,"column":2},"end":{"line":14,"column":8}},"loc":{"start":{"line":14,"column":71},"end":{"line":33,"column":3}}},"1":{"name":"(anonymous_2)","decl":{"start":{"line":35,"column":2},"end":{"line":35,"column":8}},"loc":{"start":{"line":38,"column":22},"end":{"line":57,"column":3}}},"2":{"name":"(anonymous_3)","decl":{"start":{"line":59,"column":2},"end":{"line":59,"column":8}},"loc":{"start":{"line":62,"column":22},"end":{"line":71,"column":3}}},"3":{"name":"(anonymous_4)","decl":{"start":{"line":73,"column":2},"end":{"line":73,"column":8}},"loc":{"start":{"line":76,"column":22},"end":{"line":106,"column":3}}},"4":{"name":"(anonymous_5)","decl":{"start":{"line":108,"column":2},"end":{"line":108,"column":8}},"loc":{"start":{"line":108,"column":77},"end":{"line":141,"column":3}}},"5":{"name":"(anonymous_6)","decl":{"start":{"line":143,"column":2},"end":{"line":143,"column":8}},"loc":{"start":{"line":143,"column":77},"end":{"line":168,"column":3}}},"6":{"name":"(anonymous_7)","decl":{"start":{"line":170,"column":2},"end":{"line":170,"column":8}},"loc":{"start":{"line":170,"column":55},"end":{"line":192,"column":3}}},"7":{"name":"(anonymous_8)","decl":{"start":{"line":194,"column":2},"end":{"line":194,"column":8}},"loc":{"start":{"line":196,"column":17},"end":{"line":204,"column":3}}},"8":{"name":"(anonymous_9)","decl":{"start":{"line":206,"column":2},"end":{"line":206,"column":8}},"loc":{"start":{"line":206,"column":77},"end":{"line":221,"column":3}}},"9":{"name":"(anonymous_10)","decl":{"start":{"line":224,"column":2},"end":{"line":224,"column":8}},"loc":{"start":{"line":224,"column":77},"end":{"line":263,"column":3}}},"10":{"name":"(anonymous_11)","decl":{"start":{"line":265,"column":2},"end":{"line":265,"column":8}},"loc":{"start":{"line":265,"column":72},"end":{"line":291,"column":3}}},"11":{"name":"(anonymous_12)","decl":{"start":{"line":293,"column":2},"end":{"line":293,"column":8}},"loc":{"start":{"line":293,"column":76},"end":{"line":329,"column":3}}},"12":{"name":"(anonymous_13)","decl":{"start":{"line":331,"column":2},"end":{"line":331,"column":8}},"loc":{"start":{"line":331,"column":77},"end":{"line":364,"column":3}}},"13":{"name":"(anonymous_14)","decl":{"start":{"line":377,"column":2},"end":{"line":377,"column":8}},"loc":{"start":{"line":377,"column":77},"end":{"line":415,"column":3}}},"14":{"name":"(anonymous_15)","decl":{"start":{"line":378,"column":56},"end":{"line":378,"column":61}},"loc":{"start":{"line":378,"column":76},"end":{"line":414,"column":5}}},"15":{"name":"(anonymous_16)","decl":{"start":{"line":417,"column":2},"end":{"line":417,"column":8}},"loc":{"start":{"line":420,"column":22},"end":{"line":463,"column":3}}},"16":{"name":"(anonymous_17)","decl":{"start":{"line":425,"column":6},"end":{"line":425,"column":11}},"loc":{"start":{"line":425,"column":36},"end":{"line":461,"column":7}}},"17":{"name":"(anonymous_18)","decl":{"start":{"line":465,"column":2},"end":{"line":465,"column":8}},"loc":{"start":{"line":465,"column":74},"end":{"line":483,"column":3}}},"18":{"name":"(anonymous_19)","decl":{"start":{"line":485,"column":2},"end":{"line":485,"column":8}},"loc":{"start":{"line":485,"column":76},"end":{"line":507,"column":3}}}},"branchMap":{"0":{"loc":{"start":{"line":100,"column":6},"end":{"line":102,"column":7}},"type":"if","locations":[{"start":{"line":100,"column":6},"end":{"line":102,"column":7}}]},"1":{"loc":{"start":{"line":134,"column":6},"end":{"line":136,"column":7}},"type":"if","locations":[{"start":{"line":134,"column":6},"end":{"line":136,"column":7}}]},"2":{"loc":{"start":{"line":161,"column":6},"end":{"line":163,"column":7}},"type":"if","locations":[{"start":{"line":161,"column":6},"end":{"line":163,"column":7}}]},"3":{"loc":{"start":{"line":172,"column":4},"end":{"line":172,"column":71}},"type":"if","locations":[{"start":{"line":172,"column":4},"end":{"line":172,"column":71}}]},"4":{"loc":{"start":{"line":176,"column":4},"end":{"line":178,"column":5}},"type":"if","locations":[{"start":{"line":176,"column":4},"end":{"line":178,"column":5}}]},"5":{"loc":{"start":{"line":216,"column":6},"end":{"line":218,"column":7}},"type":"if","locations":[{"start":{"line":216,"column":6},"end":{"line":218,"column":7}}]},"6":{"loc":{"start":{"line":239,"column":6},"end":{"line":244,"column":7}},"type":"if","locations":[{"start":{"line":239,"column":6},"end":{"line":244,"column":7}}]},"7":{"loc":{"start":{"line":251,"column":6},"end":{"line":258,"column":7}},"type":"if","locations":[{"start":{"line":251,"column":6},"end":{"line":258,"column":7}}]},"8":{"loc":{"start":{"line":252,"column":8},"end":{"line":256,"column":9}},"type":"if","locations":[{"start":{"line":252,"column":8},"end":{"line":256,"column":9}}]},"9":{"loc":{"start":{"line":275,"column":6},"end":{"line":277,"column":7}},"type":"if","locations":[{"start":{"line":275,"column":6},"end":{"line":277,"column":7}}]},"10":{"loc":{"start":{"line":275,"column":10},"end":{"line":275,"column":33}},"type":"binary-expr","locations":[{"start":{"line":275,"column":10},"end":{"line":275,"column":18}},{"start":{"line":275,"column":22},"end":{"line":275,"column":33}}]},"11":{"loc":{"start":{"line":284,"column":6},"end":{"line":286,"column":7}},"type":"if","locations":[{"start":{"line":284,"column":6},"end":{"line":286,"column":7}}]},"12":{"loc":{"start":{"line":298,"column":6},"end":{"line":302,"column":7}},"type":"if","locations":[{"start":{"line":298,"column":6},"end":{"line":302,"column":7}}]},"13":{"loc":{"start":{"line":310,"column":6},"end":{"line":320,"column":7}},"type":"if","locations":[{"start":{"line":310,"column":6},"end":{"line":320,"column":7}}]},"14":{"loc":{"start":{"line":311,"column":8},"end":{"line":313,"column":32}},"type":"binary-expr","locations":[{"start":{"line":311,"column":8},"end":{"line":311,"column":52}},{"start":{"line":312,"column":8},"end":{"line":312,"column":32}},{"start":{"line":313,"column":8},"end":{"line":313,"column":32}}]},"15":{"loc":{"start":{"line":322,"column":6},"end":{"line":324,"column":7}},"type":"if","locations":[{"start":{"line":322,"column":6},"end":{"line":324,"column":7}}]},"16":{"loc":{"start":{"line":337,"column":6},"end":{"line":343,"column":7}},"type":"if","locations":[{"start":{"line":337,"column":6},"end":{"line":343,"column":7}}]},"17":{"loc":{"start":{"line":339,"column":10},"end":{"line":341,"column":37}},"type":"cond-expr","locations":[{"start":{"line":340,"column":14},"end":{"line":340,"column":78}},{"start":{"line":341,"column":14},"end":{"line":341,"column":37}}]},"18":{"loc":{"start":{"line":359,"column":8},"end":{"line":361,"column":58}},"type":"cond-expr","locations":[{"start":{"line":360,"column":12},"end":{"line":360,"column":17}},{"start":{"line":361,"column":12},"end":{"line":361,"column":58}}]},"19":{"loc":{"start":{"line":380,"column":8},"end":{"line":385,"column":9}},"type":"if","locations":[{"start":{"line":380,"column":8},"end":{"line":385,"column":9}}]},"20":{"loc":{"start":{"line":387,"column":8},"end":{"line":391,"column":9}},"type":"if","locations":[{"start":{"line":387,"column":8},"end":{"line":391,"column":9}}]},"21":{"loc":{"start":{"line":427,"column":10},"end":{"line":432,"column":11}},"type":"if","locations":[{"start":{"line":427,"column":10},"end":{"line":432,"column":11}}]},"22":{"loc":{"start":{"line":434,"column":10},"end":{"line":438,"column":11}},"type":"if","locations":[{"start":{"line":434,"column":10},"end":{"line":438,"column":11}}]},"23":{"loc":{"start":{"line":470,"column":6},"end":{"line":472,"column":7}},"type":"if","locations":[{"start":{"line":470,"column":6},"end":{"line":472,"column":7}}]},"24":{"loc":{"start":{"line":489,"column":6},"end":{"line":491,"column":7}},"type":"if","locations":[{"start":{"line":489,"column":6},"end":{"line":491,"column":7}}]},"25":{"loc":{"start":{"line":502,"column":8},"end":{"line":504,"column":49}},"type":"cond-expr","locations":[{"start":{"line":503,"column":12},"end":{"line":503,"column":17}},{"start":{"line":504,"column":12},"end":{"line":504,"column":49}}]}},"s":{"0":17,"1":17,"2":17,"3":17,"4":17,"5":17,"6":17,"7":17,"8":1,"9":1,"10":1,"11":1,"12":0,"13":1,"14":1,"15":1,"16":1,"17":1,"18":0,"19":1,"20":1,"21":1,"22":0,"23":1,"24":1,"25":1,"26":1,"27":1,"28":1,"29":1,"30":0,"31":0,"32":0,"33":0,"34":1,"35":1,"36":1,"37":1,"38":1,"39":0,"40":0,"41":0,"42":0,"43":0,"44":0,"45":0,"46":0,"47":0,"48":0,"49":0,"50":0,"51":0,"52":0,"53":1,"54":1,"55":0,"56":1,"57":1,"58":0,"59":1,"60":1,"61":1,"62":1,"63":1,"64":1,"65":1,"66":1,"67":1,"68":1,"69":0,"70":0,"71":0,"72":1,"73":1,"74":1,"75":1,"76":1,"77":1,"78":1,"79":0,"80":0,"81":0,"82":0,"83":0,"84":0,"85":0,"86":2,"87":2,"88":2,"89":2,"90":1,"91":1,"92":1,"93":1,"94":0,"95":0,"96":1,"97":1,"98":1,"99":1,"100":0,"101":1,"102":1,"103":1,"104":0,"105":0,"106":0,"107":0,"108":0,"109":0,"110":0,"111":0,"112":0,"113":0,"114":0,"115":0,"116":0,"117":0,"118":0,"119":0,"120":0,"121":0,"122":0,"123":0,"124":0,"125":0,"126":0,"127":0,"128":0,"129":0,"130":0,"131":0,"132":0,"133":0,"134":0,"135":0,"136":0,"137":0,"138":0,"139":0,"140":0,"141":0,"142":0,"143":0,"144":0,"145":0,"146":0,"147":0,"148":0,"149":0,"150":0,"151":0,"152":0,"153":0,"154":0,"155":0,"156":0,"157":0,"158":0,"159":0,"160":0,"161":17,"162":17,"163":17},"f":{"0":1,"1":1,"2":1,"3":1,"4":1,"5":0,"6":1,"7":1,"8":1,"9":1,"10":2,"11":1,"12":0,"13":0,"14":0,"15":0,"16":0,"17":0,"18":0},"b":{"0":[0],"1":[0],"2":[0],"3":[0],"4":[0],"5":[0],"6":[1],"7":[0],"8":[0],"9":[1],"10":[2,1],"11":[1],"12":[0],"13":[0],"14":[0,0,0],"15":[0],"16":[0],"17":[0,0],"18":[0,0],"19":[0],"20":[0],"21":[0],"22":[0],"23":[0],"24":[0],"25":[0,0]}}
,"C:\\Users\\Eman\\Desktop\\WORKSY\\src\\controllers\\channel.controller.ts": {"path":"C:\\Users\\Eman\\Desktop\\WORKSY\\src\\controllers\\channel.controller.ts","statementMap":{"0":{"start":{"line":3,"column":0},"end":{"line":3,"column":51}},"1":{"start":{"line":5,"column":0},"end":{"line":5,"column":61}},"2":{"start":{"line":10,"column":19},"end":{"line":10,"column":31}},"3":{"start":{"line":11,"column":28},"end":{"line":11,"column":38}},"4":{"start":{"line":12,"column":49},"end":{"line":12,"column":57}},"5":{"start":{"line":13,"column":20},"end":{"line":13,"column":88}},"6":{"start":{"line":15,"column":4},"end":{"line":15,"column":81}},"7":{"start":{"line":20,"column":19},"end":{"line":20,"column":31}},"8":{"start":{"line":21,"column":28},"end":{"line":21,"column":38}},"9":{"start":{"line":22,"column":21},"end":{"line":22,"column":77}},"10":{"start":{"line":24,"column":4},"end":{"line":24,"column":83}},"11":{"start":{"line":28,"column":19},"end":{"line":28,"column":31}},"12":{"start":{"line":29,"column":39},"end":{"line":29,"column":49}},"13":{"start":{"line":30,"column":20},"end":{"line":30,"column":83}},"14":{"start":{"line":32,"column":4},"end":{"line":32,"column":81}},"15":{"start":{"line":35,"column":39},"end":{"line":35,"column":49}},"16":{"start":{"line":36,"column":49},"end":{"line":36,"column":57}},"17":{"start":{"line":37,"column":27},"end":{"line":37,"column":98}},"18":{"start":{"line":39,"column":4},"end":{"line":39,"column":88}},"19":{"start":{"line":43,"column":39},"end":{"line":43,"column":49}},"20":{"start":{"line":44,"column":4},"end":{"line":44,"column":63}},"21":{"start":{"line":46,"column":4},"end":{"line":46,"column":78}},"22":{"start":{"line":7,"column":0},"end":{"line":7,"column":21}}},"fnMap":{"0":{"name":"(anonymous_0)","decl":{"start":{"line":9,"column":2},"end":{"line":9,"column":8}},"loc":{"start":{"line":9,"column":76},"end":{"line":16,"column":3}}},"1":{"name":"(anonymous_1)","decl":{"start":{"line":19,"column":2},"end":{"line":19,"column":8}},"loc":{"start":{"line":19,"column":77},"end":{"line":25,"column":3}}},"2":{"name":"(anonymous_2)","decl":{"start":{"line":27,"column":2},"end":{"line":27,"column":8}},"loc":{"start":{"line":27,"column":73},"end":{"line":33,"column":3}}},"3":{"name":"(anonymous_3)","decl":{"start":{"line":34,"column":2},"end":{"line":34,"column":8}},"loc":{"start":{"line":34,"column":76},"end":{"line":40,"column":3}}},"4":{"name":"(anonymous_4)","decl":{"start":{"line":42,"column":2},"end":{"line":42,"column":8}},"loc":{"start":{"line":42,"column":76},"end":{"line":47,"column":3}}}},"branchMap":{},"s":{"0":17,"1":17,"2":6,"3":6,"4":6,"5":6,"6":5,"7":1,"8":1,"9":1,"10":1,"11":0,"12":0,"13":0,"14":0,"15":1,"16":1,"17":1,"18":1,"19":1,"20":1,"21":1,"22":17},"f":{"0":6,"1":1,"2":0,"3":1,"4":1},"b":{}}
,"C:\\Users\\Eman\\Desktop\\WORKSY\\src\\controllers\\channelMembers.controller.ts": {"path":"C:\\Users\\Eman\\Desktop\\WORKSY\\src\\controllers\\channelMembers.controller.ts","statementMap":{"0":{"start":{"line":3,"column":0},"end":{"line":3,"column":51}},"1":{"start":{"line":4,"column":0},"end":{"line":4,"column":75}},"2":{"start":{"line":8,"column":31},"end":{"line":8,"column":43}},"3":{"start":{"line":9,"column":38},"end":{"line":9,"column":48}},"4":{"start":{"line":11,"column":34},"end":{"line":11,"column":92}},"5":{"start":{"line":13,"column":16},"end":{"line":13,"column":93}},"6":{"start":{"line":17,"column":31},"end":{"line":17,"column":43}},"7":{"start":{"line":18,"column":38},"end":{"line":18,"column":48}},"8":{"start":{"line":20,"column":31},"end":{"line":20,"column":90}},"9":{"start":{"line":22,"column":16},"end":{"line":22,"column":88}},"10":{"start":{"line":26,"column":38},"end":{"line":26,"column":48}},"11":{"start":{"line":28,"column":32},"end":{"line":28,"column":91}},"12":{"start":{"line":30,"column":16},"end":{"line":30,"column":101}},"13":{"start":{"line":34,"column":48},"end":{"line":34,"column":58}},"14":{"start":{"line":35,"column":33},"end":{"line":35,"column":66}},"15":{"start":{"line":37,"column":32},"end":{"line":37,"column":103}},"16":{"start":{"line":39,"column":16},"end":{"line":39,"column":97}},"17":{"start":{"line":43,"column":38},"end":{"line":43,"column":50}},"18":{"start":{"line":44,"column":62},"end":{"line":44,"column":72}},"19":{"start":{"line":46,"column":31},"end":{"line":46,"column":109}},"20":{"start":{"line":49,"column":16},"end":{"line":49,"column":90}},"21":{"start":{"line":53,"column":38},"end":{"line":53,"column":48}},"22":{"start":{"line":54,"column":39},"end":{"line":54,"column":73}},"23":{"start":{"line":56,"column":32},"end":{"line":56,"column":107}},"24":{"start":{"line":58,"column":16},"end":{"line":58,"column":107}},"25":{"start":{"line":6,"column":0},"end":{"line":6,"column":21}}},"fnMap":{"0":{"name":"(anonymous_0)","decl":{"start":{"line":7,"column":8},"end":{"line":7,"column":14}},"loc":{"start":{"line":7,"column":80},"end":{"line":14,"column":9}}},"1":{"name":"(anonymous_1)","decl":{"start":{"line":16,"column":8},"end":{"line":16,"column":14}},"loc":{"start":{"line":16,"column":81},"end":{"line":23,"column":9}}},"2":{"name":"(anonymous_2)","decl":{"start":{"line":25,"column":8},"end":{"line":25,"column":14}},"loc":{"start":{"line":25,"column":89},"end":{"line":31,"column":9}}},"3":{"name":"(anonymous_3)","decl":{"start":{"line":33,"column":8},"end":{"line":33,"column":14}},"loc":{"start":{"line":33,"column":85},"end":{"line":40,"column":9}}},"4":{"name":"(anonymous_4)","decl":{"start":{"line":42,"column":8},"end":{"line":42,"column":14}},"loc":{"start":{"line":42,"column":79},"end":{"line":50,"column":9}}},"5":{"name":"(anonymous_5)","decl":{"start":{"line":52,"column":8},"end":{"line":52,"column":14}},"loc":{"start":{"line":52,"column":93},"end":{"line":59,"column":9}}}},"branchMap":{},"s":{"0":17,"1":17,"2":1,"3":1,"4":1,"5":1,"6":2,"7":2,"8":2,"9":1,"10":1,"11":1,"12":1,"13":1,"14":1,"15":1,"16":1,"17":1,"18":1,"19":1,"20":1,"21":1,"22":1,"23":1,"24":1,"25":17},"f":{"0":1,"1":2,"2":1,"3":1,"4":1,"5":1},"b":{}}
,"C:\\Users\\Eman\\Desktop\\WORKSY\\src\\controllers\\conversation.controllers.ts": {"path":"C:\\Users\\Eman\\Desktop\\WORKSY\\src\\controllers\\conversation.controllers.ts","statementMap":{"0":{"start":{"line":2,"column":0},"end":{"line":2,"column":51}},"1":{"start":{"line":3,"column":0},"end":{"line":3,"column":71}},"2":{"start":{"line":8,"column":23},"end":{"line":8,"column":35}},"3":{"start":{"line":9,"column":32},"end":{"line":9,"column":42}},"4":{"start":{"line":10,"column":32},"end":{"line":10,"column":40}},"5":{"start":{"line":11,"column":29},"end":{"line":11,"column":107}},"6":{"start":{"line":14,"column":8},"end":{"line":14,"column":95}},"7":{"start":{"line":17,"column":23},"end":{"line":17,"column":35}},"8":{"start":{"line":18,"column":32},"end":{"line":18,"column":42}},"9":{"start":{"line":19,"column":33},"end":{"line":19,"column":41}},"10":{"start":{"line":20,"column":34},"end":{"line":20,"column":118}},"11":{"start":{"line":21,"column":8},"end":{"line":21,"column":105}},"12":{"start":{"line":26,"column":23},"end":{"line":26,"column":35}},"13":{"start":{"line":27,"column":32},"end":{"line":27,"column":42}},"14":{"start":{"line":29,"column":30},"end":{"line":29,"column":106}},"15":{"start":{"line":31,"column":8},"end":{"line":31,"column":98}},"16":{"start":{"line":6,"column":0},"end":{"line":6,"column":21}}},"fnMap":{"0":{"name":"(anonymous_0)","decl":{"start":{"line":7,"column":4},"end":{"line":7,"column":10}},"loc":{"start":{"line":7,"column":83},"end":{"line":15,"column":5}}},"1":{"name":"(anonymous_1)","decl":{"start":{"line":16,"column":4},"end":{"line":16,"column":10}},"loc":{"start":{"line":16,"column":88},"end":{"line":22,"column":5}}},"2":{"name":"(anonymous_2)","decl":{"start":{"line":25,"column":4},"end":{"line":25,"column":10}},"loc":{"start":{"line":25,"column":83},"end":{"line":33,"column":5}}}},"branchMap":{},"s":{"0":17,"1":17,"2":0,"3":0,"4":0,"5":0,"6":0,"7":0,"8":0,"9":0,"10":0,"11":0,"12":0,"13":0,"14":0,"15":0,"16":17},"f":{"0":0,"1":0,"2":0},"b":{}}
,"C:\\Users\\Eman\\Desktop\\WORKSY\\src\\controllers\\file.controller.ts": {"path":"C:\\Users\\Eman\\Desktop\\WORKSY\\src\\controllers\\file.controller.ts","statementMap":{"0":{"start":{"line":2,"column":0},"end":{"line":2,"column":51}},"1":{"start":{"line":3,"column":0},"end":{"line":3,"column":55}},"2":{"start":{"line":4,"column":0},"end":{"line":4,"column":45}},"3":{"start":{"line":10,"column":8},"end":{"line":22,"column":9}},"4":{"start":{"line":11,"column":12},"end":{"line":13,"column":13}},"5":{"start":{"line":12,"column":16},"end":{"line":12,"column":63}},"6":{"start":{"line":15,"column":27},"end":{"line":15,"column":39}},"7":{"start":{"line":16,"column":30},"end":{"line":16,"column":48}},"8":{"start":{"line":18,"column":33},"end":{"line":18,"column":90}},"9":{"start":{"line":19,"column":12},"end":{"line":19,"column":92}},"10":{"start":{"line":21,"column":12},"end":{"line":21,"column":24}},"11":{"start":{"line":27,"column":8},"end":{"line":35,"column":9}},"12":{"start":{"line":28,"column":31},"end":{"line":28,"column":41}},"13":{"start":{"line":29,"column":27},"end":{"line":29,"column":39}},"14":{"start":{"line":31,"column":25},"end":{"line":31,"column":74}},"15":{"start":{"line":32,"column":12},"end":{"line":32,"column":92}},"16":{"start":{"line":34,"column":12},"end":{"line":34,"column":24}},"17":{"start":{"line":40,"column":8},"end":{"line":52,"column":9}},"18":{"start":{"line":41,"column":31},"end":{"line":41,"column":41}},"19":{"start":{"line":43,"column":27},"end":{"line":43,"column":39}},"20":{"start":{"line":46,"column":25},"end":{"line":46,"column":74}},"21":{"start":{"line":47,"column":12},"end":{"line":47,"column":30}},"22":{"start":{"line":49,"column":12},"end":{"line":49,"column":35}},"23":{"start":{"line":51,"column":12},"end":{"line":51,"column":24}},"24":{"start":{"line":57,"column":8},"end":{"line":65,"column":9}},"25":{"start":{"line":58,"column":31},"end":{"line":58,"column":41}},"26":{"start":{"line":59,"column":27},"end":{"line":59,"column":39}},"27":{"start":{"line":61,"column":32},"end":{"line":61,"column":76}},"28":{"start":{"line":62,"column":12},"end":{"line":62,"column":90}},"29":{"start":{"line":64,"column":12},"end":{"line":64,"column":24}},"30":{"start":{"line":6,"column":0},"end":{"line":6,"column":21}}},"fnMap":{"0":{"name":"(anonymous_0)","decl":{"start":{"line":9,"column":4},"end":{"line":9,"column":10}},"loc":{"start":{"line":9,"column":75},"end":{"line":23,"column":5}}},"1":{"name":"(anonymous_1)","decl":{"start":{"line":26,"column":4},"end":{"line":26,"column":10}},"loc":{"start":{"line":26,"column":80},"end":{"line":36,"column":5}}},"2":{"name":"(anonymous_2)","decl":{"start":{"line":39,"column":4},"end":{"line":39,"column":10}},"loc":{"start":{"line":39,"column":77},"end":{"line":53,"column":5}}},"3":{"name":"(anonymous_3)","decl":{"start":{"line":56,"column":4},"end":{"line":56,"column":10}},"loc":{"start":{"line":56,"column":75},"end":{"line":66,"column":5}}}},"branchMap":{"0":{"loc":{"start":{"line":11,"column":12},"end":{"line":13,"column":13}},"type":"if","locations":[{"start":{"line":11,"column":12},"end":{"line":13,"column":13}}]}},"s":{"0":17,"1":17,"2":17,"3":0,"4":0,"5":0,"6":0,"7":0,"8":0,"9":0,"10":0,"11":0,"12":0,"13":0,"14":0,"15":0,"16":0,"17":0,"18":0,"19":0,"20":0,"21":0,"22":0,"23":0,"24":0,"25":0,"26":0,"27":0,"28":0,"29":0,"30":17},"f":{"0":0,"1":0,"2":0,"3":0},"b":{"0":[0]}}
,"C:\\Users\\Eman\\Desktop\\WORKSY\\src\\controllers\\invite.controller.ts": {"path":"C:\\Users\\Eman\\Desktop\\WORKSY\\src\\controllers\\invite.controller.ts","statementMap":{"0":{"start":{"line":2,"column":0},"end":{"line":2,"column":51}},"1":{"start":{"line":4,"column":0},"end":{"line":4,"column":59}},"2":{"start":{"line":8,"column":19},"end":{"line":8,"column":31}},"3":{"start":{"line":9,"column":28},"end":{"line":9,"column":38}},"4":{"start":{"line":10,"column":47},"end":{"line":10,"column":55}},"5":{"start":{"line":11,"column":19},"end":{"line":11,"column":84}},"6":{"start":{"line":12,"column":4},"end":{"line":12,"column":79}},"7":{"start":{"line":15,"column":19},"end":{"line":15,"column":31}},"8":{"start":{"line":16,"column":22},"end":{"line":16,"column":32}},"9":{"start":{"line":17,"column":19},"end":{"line":17,"column":66}},"10":{"start":{"line":18,"column":4},"end":{"line":18,"column":94}},"11":{"start":{"line":6,"column":0},"end":{"line":6,"column":21}}},"fnMap":{"0":{"name":"(anonymous_0)","decl":{"start":{"line":7,"column":2},"end":{"line":7,"column":8}},"loc":{"start":{"line":7,"column":75},"end":{"line":13,"column":3}}},"1":{"name":"(anonymous_1)","decl":{"start":{"line":14,"column":2},"end":{"line":14,"column":8}},"loc":{"start":{"line":14,"column":75},"end":{"line":19,"column":3}}}},"branchMap":{},"s":{"0":17,"1":17,"2":6,"3":6,"4":6,"5":6,"6":6,"7":6,"8":6,"9":6,"10":6,"11":17},"f":{"0":6,"1":6},"b":{}}
,"C:\\Users\\Eman\\Desktop\\WORKSY\\src\\controllers\\meeting.controller.ts": {"path":"C:\\Users\\Eman\\Desktop\\WORKSY\\src\\controllers\\meeting.controller.ts","statementMap":{"0":{"start":{"line":2,"column":0},"end":{"line":2,"column":51}},"1":{"start":{"line":3,"column":0},"end":{"line":3,"column":61}},"2":{"start":{"line":4,"column":0},"end":{"line":4,"column":176}},"3":{"start":{"line":5,"column":0},"end":{"line":5,"column":45}},"4":{"start":{"line":6,"column":0},"end":{"line":6,"column":24}},"5":{"start":{"line":10,"column":8},"end":{"line":16,"column":9}},"6":{"start":{"line":11,"column":27},"end":{"line":11,"column":39}},"7":{"start":{"line":12,"column":28},"end":{"line":12,"column":73}},"8":{"start":{"line":13,"column":12},"end":{"line":13,"column":109}},"9":{"start":{"line":15,"column":12},"end":{"line":15,"column":24}},"10":{"start":{"line":20,"column":8},"end":{"line":49,"column":9}},"11":{"start":{"line":22,"column":36},"end":{"line":22,"column":45}},"12":{"start":{"line":24,"column":12},"end":{"line":26,"column":13}},"13":{"start":{"line":25,"column":16},"end":{"line":25,"column":78}},"14":{"start":{"line":27,"column":12},"end":{"line":29,"column":13}},"15":{"start":{"line":28,"column":16},"end":{"line":28,"column":93}},"16":{"start":{"line":31,"column":27},"end":{"line":31,"column":32}},"17":{"start":{"line":33,"column":12},"end":{"line":40,"column":13}},"18":{"start":{"line":34,"column":16},"end":{"line":34,"column":65}},"19":{"start":{"line":36,"column":16},"end":{"line":38,"column":17}},"20":{"start":{"line":37,"column":20},"end":{"line":37,"column":115}},"21":{"start":{"line":37,"column":90},"end":{"line":37,"column":99}},"22":{"start":{"line":39,"column":16},"end":{"line":39,"column":68}},"23":{"start":{"line":42,"column":27},"end":{"line":42,"column":100}},"24":{"start":{"line":46,"column":12},"end":{"line":46,"column":95}},"25":{"start":{"line":48,"column":12},"end":{"line":48,"column":24}},"26":{"start":{"line":53,"column":8},"end":{"line":64,"column":9}},"27":{"start":{"line":54,"column":34},"end":{"line":54,"column":44}},"28":{"start":{"line":55,"column":32},"end":{"line":55,"column":44}},"29":{"start":{"line":56,"column":57},"end":{"line":56,"column":65}},"30":{"start":{"line":58,"column":12},"end":{"line":58,"column":51}},"31":{"start":{"line":60,"column":28},"end":{"line":60,"column":101}},"32":{"start":{"line":61,"column":12},"end":{"line":61,"column":91}},"33":{"start":{"line":63,"column":12},"end":{"line":63,"column":24}},"34":{"start":{"line":68,"column":8},"end":{"line":77,"column":9}},"35":{"start":{"line":69,"column":34},"end":{"line":69,"column":44}},"36":{"start":{"line":70,"column":27},"end":{"line":70,"column":39}},"37":{"start":{"line":71,"column":32},"end":{"line":71,"column":64}},"38":{"start":{"line":73,"column":29},"end":{"line":73,"column":93}},"39":{"start":{"line":74,"column":12},"end":{"line":74,"column":91}},"40":{"start":{"line":76,"column":12},"end":{"line":76,"column":24}},"41":{"start":{"line":81,"column":8},"end":{"line":89,"column":9}},"42":{"start":{"line":82,"column":45},"end":{"line":82,"column":55}},"43":{"start":{"line":83,"column":27},"end":{"line":83,"column":39}},"44":{"start":{"line":85,"column":28},"end":{"line":85,"column":93}},"45":{"start":{"line":86,"column":12},"end":{"line":86,"column":89}},"46":{"start":{"line":88,"column":12},"end":{"line":88,"column":24}},"47":{"start":{"line":93,"column":8},"end":{"line":104,"column":9}},"48":{"start":{"line":94,"column":45},"end":{"line":94,"column":55}},"49":{"start":{"line":95,"column":27},"end":{"line":95,"column":39}},"50":{"start":{"line":96,"column":56},"end":{"line":96,"column":64}},"51":{"start":{"line":98,"column":12},"end":{"line":98,"column":50}},"52":{"start":{"line":100,"column":35},"end":{"line":100,"column":111}},"53":{"start":{"line":101,"column":12},"end":{"line":101,"column":96}},"54":{"start":{"line":103,"column":12},"end":{"line":103,"column":24}},"55":{"start":{"line":108,"column":8},"end":{"line":116,"column":9}},"56":{"start":{"line":109,"column":45},"end":{"line":109,"column":55}},"57":{"start":{"line":110,"column":27},"end":{"line":110,"column":39}},"58":{"start":{"line":112,"column":35},"end":{"line":112,"column":99}},"59":{"start":{"line":113,"column":12},"end":{"line":113,"column":96}},"60":{"start":{"line":115,"column":12},"end":{"line":115,"column":24}},"61":{"start":{"line":8,"column":0},"end":{"line":8,"column":21}}},"fnMap":{"0":{"name":"(anonymous_0)","decl":{"start":{"line":9,"column":4},"end":{"line":9,"column":10}},"loc":{"start":{"line":9,"column":81},"end":{"line":17,"column":5}}},"1":{"name":"(anonymous_1)","decl":{"start":{"line":19,"column":4},"end":{"line":19,"column":10}},"loc":{"start":{"line":19,"column":93},"end":{"line":50,"column":5}}},"2":{"name":"(anonymous_2)","decl":{"start":{"line":37,"column":85},"end":{"line":37,"column":86}},"loc":{"start":{"line":37,"column":90},"end":{"line":37,"column":99}}},"3":{"name":"(anonymous_3)","decl":{"start":{"line":52,"column":4},"end":{"line":52,"column":10}},"loc":{"start":{"line":52,"column":80},"end":{"line":65,"column":5}}},"4":{"name":"(anonymous_4)","decl":{"start":{"line":67,"column":4},"end":{"line":67,"column":10}},"loc":{"start":{"line":67,"column":76},"end":{"line":78,"column":5}}},"5":{"name":"(anonymous_5)","decl":{"start":{"line":80,"column":4},"end":{"line":80,"column":10}},"loc":{"start":{"line":80,"column":79},"end":{"line":90,"column":5}}},"6":{"name":"(anonymous_6)","decl":{"start":{"line":92,"column":4},"end":{"line":92,"column":10}},"loc":{"start":{"line":92,"column":78},"end":{"line":105,"column":5}}},"7":{"name":"(anonymous_7)","decl":{"start":{"line":107,"column":4},"end":{"line":107,"column":10}},"loc":{"start":{"line":107,"column":78},"end":{"line":117,"column":5}}}},"branchMap":{"0":{"loc":{"start":{"line":24,"column":12},"end":{"line":26,"column":13}},"type":"if","locations":[{"start":{"line":24,"column":12},"end":{"line":26,"column":13}}]},"1":{"loc":{"start":{"line":27,"column":12},"end":{"line":29,"column":13}},"type":"if","locations":[{"start":{"line":27,"column":12},"end":{"line":29,"column":13}}]},"2":{"loc":{"start":{"line":27,"column":16},"end":{"line":27,"column":51}},"type":"binary-expr","locations":[{"start":{"line":27,"column":16},"end":{"line":27,"column":22}},{"start":{"line":27,"column":26},"end":{"line":27,"column":51}}]},"3":{"loc":{"start":{"line":36,"column":16},"end":{"line":38,"column":17}},"type":"if","locations":[{"start":{"line":36,"column":16},"end":{"line":38,"column":17}}]}},"s":{"0":17,"1":17,"2":17,"3":17,"4":17,"5":0,"6":0,"7":0,"8":0,"9":0,"10":0,"11":0,"12":0,"13":0,"14":0,"15":0,"16":0,"17":0,"18":0,"19":0,"20":0,"21":0,"22":0,"23":0,"24":0,"25":0,"26":1,"27":1,"28":1,"29":1,"30":1,"31":1,"32":1,"33":0,"34":1,"35":1,"36":1,"37":1,"38":1,"39":1,"40":0,"41":1,"42":1,"43":1,"44":1,"45":1,"46":0,"47":1,"48":1,"49":1,"50":1,"51":1,"52":1,"53":1,"54":0,"55":1,"56":1,"57":1,"58":1,"59":1,"60":0,"61":17},"f":{"0":0,"1":0,"2":0,"3":1,"4":1,"5":1,"6":1,"7":1},"b":{"0":[0],"1":[0],"2":[0,0],"3":[0]}}
,"C:\\Users\\Eman\\Desktop\\WORKSY\\src\\controllers\\message.controller.ts": {"path":"C:\\Users\\Eman\\Desktop\\WORKSY\\src\\controllers\\message.controller.ts","statementMap":{"0":{"start":{"line":2,"column":0},"end":{"line":2,"column":51}},"1":{"start":{"line":3,"column":0},"end":{"line":3,"column":75}},"2":{"start":{"line":4,"column":0},"end":{"line":4,"column":51}},"3":{"start":{"line":8,"column":23},"end":{"line":8,"column":35}},"4":{"start":{"line":9,"column":30},"end":{"line":9,"column":40}},"5":{"start":{"line":10,"column":28},"end":{"line":10,"column":36}},"6":{"start":{"line":11,"column":30},"end":{"line":11,"column":76}},"7":{"start":{"line":13,"column":24},"end":{"line":13,"column":113}},"8":{"start":{"line":15,"column":8},"end":{"line":15,"column":82}},"9":{"start":{"line":18,"column":23},"end":{"line":18,"column":35}},"10":{"start":{"line":19,"column":35},"end":{"line":19,"column":45}},"11":{"start":{"line":20,"column":28},"end":{"line":20,"column":36}},"12":{"start":{"line":21,"column":30},"end":{"line":21,"column":76}},"13":{"start":{"line":23,"column":24},"end":{"line":23,"column":101}},"14":{"start":{"line":25,"column":8},"end":{"line":25,"column":82}},"15":{"start":{"line":6,"column":0},"end":{"line":6,"column":21}}},"fnMap":{"0":{"name":"(anonymous_0)","decl":{"start":{"line":7,"column":4},"end":{"line":7,"column":10}},"loc":{"start":{"line":7,"column":83},"end":{"line":16,"column":5}}},"1":{"name":"(anonymous_1)","decl":{"start":{"line":17,"column":4},"end":{"line":17,"column":10}},"loc":{"start":{"line":17,"column":78},"end":{"line":26,"column":5}}}},"branchMap":{},"s":{"0":17,"1":17,"2":17,"3":0,"4":0,"5":0,"6":0,"7":0,"8":0,"9":0,"10":0,"11":0,"12":0,"13":0,"14":0,"15":17},"f":{"0":0,"1":0},"b":{}}
,"C:\\Users\\Eman\\Desktop\\WORKSY\\src\\controllers\\user.controller.ts": {"path":"C:\\Users\\Eman\\Desktop\\WORKSY\\src\\controllers\\user.controller.ts","statementMap":{"0":{"start":{"line":2,"column":0},"end":{"line":2,"column":55}},"1":{"start":{"line":4,"column":0},"end":{"line":4,"column":51}},"2":{"start":{"line":15,"column":23},"end":{"line":15,"column":35}},"3":{"start":{"line":17,"column":21},"end":{"line":17,"column":61}},"4":{"start":{"line":18,"column":8},"end":{"line":18,"column":87}},"5":{"start":{"line":26,"column":23},"end":{"line":26,"column":35}},"6":{"start":{"line":27,"column":28},"end":{"line":27,"column":72}},"7":{"start":{"line":28,"column":8},"end":{"line":28,"column":98}},"8":{"start":{"line":34,"column":22},"end":{"line":34,"column":62}},"9":{"start":{"line":35,"column":8},"end":{"line":35,"column":81}},"10":{"start":{"line":44,"column":28},"end":{"line":44,"column":85}},"11":{"start":{"line":45,"column":8},"end":{"line":45,"column":86}},"12":{"start":{"line":53,"column":28},"end":{"line":53,"column":107}},"13":{"start":{"line":54,"column":8},"end":{"line":54,"column":91}},"14":{"start":{"line":62,"column":28},"end":{"line":62,"column":75}},"15":{"start":{"line":63,"column":8},"end":{"line":63,"column":86}},"16":{"start":{"line":10,"column":0},"end":{"line":10,"column":21}}},"fnMap":{"0":{"name":"(anonymous_0)","decl":{"start":{"line":13,"column":4},"end":{"line":13,"column":10}},"loc":{"start":{"line":13,"column":79},"end":{"line":19,"column":5}}},"1":{"name":"(anonymous_1)","decl":{"start":{"line":21,"column":4},"end":{"line":21,"column":10}},"loc":{"start":{"line":24,"column":26},"end":{"line":29,"column":5}}},"2":{"name":"(anonymous_2)","decl":{"start":{"line":33,"column":4},"end":{"line":33,"column":10}},"loc":{"start":{"line":33,"column":76},"end":{"line":36,"column":5}}},"3":{"name":"(anonymous_3)","decl":{"start":{"line":38,"column":4},"end":{"line":38,"column":10}},"loc":{"start":{"line":41,"column":26},"end":{"line":46,"column":5}}},"4":{"name":"(anonymous_4)","decl":{"start":{"line":48,"column":4},"end":{"line":48,"column":10}},"loc":{"start":{"line":51,"column":26},"end":{"line":55,"column":5}}},"5":{"name":"(anonymous_5)","decl":{"start":{"line":57,"column":4},"end":{"line":57,"column":10}},"loc":{"start":{"line":60,"column":26},"end":{"line":64,"column":5}}}},"branchMap":{},"s":{"0":17,"1":17,"2":1,"3":1,"4":1,"5":1,"6":1,"7":1,"8":1,"9":1,"10":0,"11":0,"12":2,"13":1,"14":1,"15":1,"16":17},"f":{"0":1,"1":1,"2":1,"3":0,"4":2,"5":1},"b":{}}
,"C:\\Users\\Eman\\Desktop\\WORKSY\\src\\controllers\\workspace.controllers.ts": {"path":"C:\\Users\\Eman\\Desktop\\WORKSY\\src\\controllers\\workspace.controllers.ts","statementMap":{"0":{"start":{"line":3,"column":0},"end":{"line":3,"column":65}},"1":{"start":{"line":4,"column":0},"end":{"line":4,"column":51}},"2":{"start":{"line":12,"column":19},"end":{"line":12,"column":31}},"3":{"start":{"line":13,"column":44},"end":{"line":13,"column":52}},"4":{"start":{"line":14,"column":22},"end":{"line":14,"column":83}},"5":{"start":{"line":16,"column":4},"end":{"line":16,"column":85}},"6":{"start":{"line":19,"column":19},"end":{"line":19,"column":31}},"7":{"start":{"line":20,"column":23},"end":{"line":20,"column":80}},"8":{"start":{"line":21,"column":4},"end":{"line":21,"column":87}},"9":{"start":{"line":24,"column":19},"end":{"line":24,"column":31}},"10":{"start":{"line":25,"column":28},"end":{"line":25,"column":38}},"11":{"start":{"line":26,"column":26},"end":{"line":26,"column":34}},"12":{"start":{"line":27,"column":29},"end":{"line":30,"column":null}},"13":{"start":{"line":32,"column":4},"end":{"line":32,"column":92}},"14":{"start":{"line":35,"column":19},"end":{"line":35,"column":31}},"15":{"start":{"line":36,"column":28},"end":{"line":36,"column":38}},"16":{"start":{"line":37,"column":19},"end":{"line":37,"column":78}},"17":{"start":{"line":38,"column":4},"end":{"line":38,"column":82}},"18":{"start":{"line":6,"column":0},"end":{"line":6,"column":21}}},"fnMap":{"0":{"name":"(anonymous_0)","decl":{"start":{"line":7,"column":2},"end":{"line":7,"column":8}},"loc":{"start":{"line":10,"column":22},"end":{"line":17,"column":3}}},"1":{"name":"(anonymous_1)","decl":{"start":{"line":18,"column":2},"end":{"line":18,"column":8}},"loc":{"start":{"line":18,"column":78},"end":{"line":22,"column":3}}},"2":{"name":"(anonymous_2)","decl":{"start":{"line":23,"column":2},"end":{"line":23,"column":8}},"loc":{"start":{"line":23,"column":78},"end":{"line":33,"column":3}}},"3":{"name":"(anonymous_3)","decl":{"start":{"line":34,"column":2},"end":{"line":34,"column":8}},"loc":{"start":{"line":34,"column":78},"end":{"line":39,"column":3}}}},"branchMap":{},"s":{"0":17,"1":17,"2":34,"3":34,"4":34,"5":33,"6":2,"7":2,"8":2,"9":1,"10":1,"11":1,"12":1,"13":1,"14":2,"15":2,"16":2,"17":2,"18":17},"f":{"0":34,"1":2,"2":1,"3":2},"b":{}}
,"C:\\Users\\Eman\\Desktop\\WORKSY\\src\\controllers\\workspaceMembers.controller.ts": {"path":"C:\\Users\\Eman\\Desktop\\WORKSY\\src\\controllers\\workspaceMembers.controller.ts","statementMap":{"0":{"start":{"line":3,"column":0},"end":{"line":3,"column":51}},"1":{"start":{"line":4,"column":0},"end":{"line":4,"column":71}},"2":{"start":{"line":9,"column":56},"end":{"line":9,"column":66}},"3":{"start":{"line":10,"column":23},"end":{"line":10,"column":35}},"4":{"start":{"line":12,"column":23},"end":{"line":12,"column":100}},"5":{"start":{"line":13,"column":8},"end":{"line":13,"column":85}},"6":{"start":{"line":17,"column":32},"end":{"line":17,"column":42}},"7":{"start":{"line":18,"column":23},"end":{"line":18,"column":35}},"8":{"start":{"line":20,"column":23},"end":{"line":20,"column":85}},"9":{"start":{"line":21,"column":8},"end":{"line":21,"column":91}},"10":{"start":{"line":25,"column":56},"end":{"line":25,"column":66}},"11":{"start":{"line":26,"column":25},"end":{"line":26,"column":60}},"12":{"start":{"line":29,"column":24},"end":{"line":29,"column":103}},"13":{"start":{"line":30,"column":8},"end":{"line":30,"column":89}},"14":{"start":{"line":34,"column":32},"end":{"line":34,"column":42}},"15":{"start":{"line":36,"column":24},"end":{"line":36,"column":80}},"16":{"start":{"line":37,"column":8},"end":{"line":37,"column":95}},"17":{"start":{"line":41,"column":32},"end":{"line":41,"column":42}},"18":{"start":{"line":42,"column":31},"end":{"line":42,"column":65}},"19":{"start":{"line":44,"column":24},"end":{"line":44,"column":105}},"20":{"start":{"line":45,"column":8},"end":{"line":45,"column":101}},"21":{"start":{"line":6,"column":0},"end":{"line":6,"column":21}}},"fnMap":{"0":{"name":"(anonymous_0)","decl":{"start":{"line":8,"column":4},"end":{"line":8,"column":10}},"loc":{"start":{"line":8,"column":77},"end":{"line":14,"column":5}}},"1":{"name":"(anonymous_1)","decl":{"start":{"line":16,"column":4},"end":{"line":16,"column":10}},"loc":{"start":{"line":16,"column":79},"end":{"line":22,"column":5}}},"2":{"name":"(anonymous_2)","decl":{"start":{"line":24,"column":4},"end":{"line":24,"column":10}},"loc":{"start":{"line":24,"column":81},"end":{"line":31,"column":5}}},"3":{"name":"(anonymous_3)","decl":{"start":{"line":33,"column":4},"end":{"line":33,"column":10}},"loc":{"start":{"line":33,"column":78},"end":{"line":38,"column":5}}},"4":{"name":"(anonymous_4)","decl":{"start":{"line":40,"column":4},"end":{"line":40,"column":10}},"loc":{"start":{"line":40,"column":91},"end":{"line":46,"column":5}}}},"branchMap":{},"s":{"0":17,"1":17,"2":1,"3":1,"4":1,"5":1,"6":1,"7":1,"8":1,"9":1,"10":1,"11":1,"12":1,"13":1,"14":1,"15":1,"16":1,"17":1,"18":1,"19":1,"20":1,"21":17},"f":{"0":1,"1":1,"2":1,"3":1,"4":1},"b":{}}
,"C:\\Users\\Eman\\Desktop\\WORKSY\\src\\middlewares\\asyncHandler.ts": {"path":"C:\\Users\\Eman\\Desktop\\WORKSY\\src\\middlewares\\asyncHandler.ts","statementMap":{"0":{"start":{"line":2,"column":0},"end":{"line":2,"column":30}},"1":{"start":{"line":4,"column":28},"end":{"line":6,"column":1}},"2":{"start":{"line":4,"column":41},"end":{"line":6,"column":1}},"3":{"start":{"line":5,"column":2},"end":{"line":5,"column":50}},"4":{"start":{"line":4,"column":13},"end":{"line":4,"column":28}}},"fnMap":{"0":{"name":"(anonymous_0)","decl":{"start":{"line":4,"column":28},"end":{"line":4,"column":29}},"loc":{"start":{"line":4,"column":41},"end":{"line":6,"column":1}}},"1":{"name":"(anonymous_1)","decl":{"start":{"line":4,"column":41},"end":{"line":4,"column":42}},"loc":{"start":{"line":4,"column":93},"end":{"line":6,"column":1}}}},"branchMap":{},"s":{"0":17,"1":17,"2":1037,"3":95,"4":17},"f":{"0":1037,"1":95},"b":{}}
,"C:\\Users\\Eman\\Desktop\\WORKSY\\src\\middlewares\\authorization.middleware.ts": {"path":"C:\\Users\\Eman\\Desktop\\WORKSY\\src\\middlewares\\authorization.middleware.ts","statementMap":{"0":{"start":{"line":2,"column":0},"end":{"line":2,"column":66}},"1":{"start":{"line":3,"column":0},"end":{"line":3,"column":34}},"2":{"start":{"line":4,"column":0},"end":{"line":4,"column":45}},"3":{"start":{"line":10,"column":4},"end":{"line":10,"column":19}},"4":{"start":{"line":11,"column":4},"end":{"line":11,"column":36}},"5":{"start":{"line":12,"column":4},"end":{"line":12,"column":33}},"6":{"start":{"line":17,"column":31},"end":{"line":40,"column":1}},"7":{"start":{"line":18,"column":2},"end":{"line":39,"column":4}},"8":{"start":{"line":19,"column":4},"end":{"line":21,"column":5}},"9":{"start":{"line":20,"column":6},"end":{"line":20,"column":69}},"10":{"start":{"line":23,"column":48},"end":{"line":28,"column":6}},"11":{"start":{"line":30,"column":28},"end":{"line":30,"column":41}},"12":{"start":{"line":31,"column":33},"end":{"line":31,"column":63}},"13":{"start":{"line":32,"column":30},"end":{"line":32,"column":57}},"14":{"start":{"line":34,"column":4},"end":{"line":38,"column":5}},"15":{"start":{"line":35,"column":6},"end":{"line":35,"column":13}},"16":{"start":{"line":37,"column":6},"end":{"line":37,"column":69}},"17":{"start":{"line":17,"column":13},"end":{"line":17,"column":31}},"18":{"start":{"line":43,"column":34},"end":{"line":107,"column":1}},"19":{"start":{"line":44,"column":2},"end":{"line":106,"column":4}},"20":{"start":{"line":45,"column":4},"end":{"line":47,"column":5}},"21":{"start":{"line":46,"column":6},"end":{"line":46,"column":69}},"22":{"start":{"line":49,"column":19},"end":{"line":49,"column":30}},"23":{"start":{"line":50,"column":24},"end":{"line":50,"column":89}},"24":{"start":{"line":52,"column":4},"end":{"line":54,"column":5}},"25":{"start":{"line":53,"column":6},"end":{"line":53,"column":89}},"26":{"start":{"line":56,"column":4},"end":{"line":105,"column":5}},"27":{"start":{"line":57,"column":24},"end":{"line":60,"column":8}},"28":{"start":{"line":62,"column":6},"end":{"line":64,"column":7}},"29":{"start":{"line":63,"column":8},"end":{"line":63,"column":63}},"30":{"start":{"line":66,"column":6},"end":{"line":68,"column":7}},"31":{"start":{"line":67,"column":8},"end":{"line":67,"column":22}},"32":{"start":{"line":71,"column":30},"end":{"line":76,"column":8}},"33":{"start":{"line":78,"column":6},"end":{"line":80,"column":7}},"34":{"start":{"line":79,"column":8},"end":{"line":79,"column":94}},"35":{"start":{"line":82,"column":68},"end":{"line":86,"column":8}},"36":{"start":{"line":88,"column":44},"end":{"line":88,"column":88}},"37":{"start":{"line":89,"column":32},"end":{"line":89,"column":68}},"38":{"start":{"line":91,"column":31},"end":{"line":91,"column":59}},"39":{"start":{"line":93,"column":6},"end":{"line":95,"column":7}},"40":{"start":{"line":94,"column":8},"end":{"line":94,"column":96}},"41":{"start":{"line":97,"column":6},"end":{"line":99,"column":7}},"42":{"start":{"line":98,"column":8},"end":{"line":98,"column":22}},"43":{"start":{"line":101,"column":6},"end":{"line":101,"column":79}},"44":{"start":{"line":103,"column":6},"end":{"line":103,"column":61}},"45":{"start":{"line":104,"column":6},"end":{"line":104,"column":74}},"46":{"start":{"line":43,"column":13},"end":{"line":43,"column":34}},"47":{"start":{"line":109,"column":32},"end":{"line":211,"column":1}},"48":{"start":{"line":110,"column":2},"end":{"line":210,"column":4}},"49":{"start":{"line":111,"column":4},"end":{"line":113,"column":5}},"50":{"start":{"line":112,"column":6},"end":{"line":112,"column":69}},"51":{"start":{"line":115,"column":19},"end":{"line":115,"column":30}},"52":{"start":{"line":116,"column":22},"end":{"line":116,"column":81}},"53":{"start":{"line":117,"column":24},"end":{"line":117,"column":89}},"54":{"start":{"line":119,"column":4},"end":{"line":121,"column":5}},"55":{"start":{"line":120,"column":6},"end":{"line":120,"column":105}},"56":{"start":{"line":123,"column":4},"end":{"line":209,"column":5}},"57":{"start":{"line":124,"column":64},"end":{"line":128,"column":8}},"58":{"start":{"line":129,"column":68},"end":{"line":133,"column":8}},"59":{"start":{"line":135,"column":29},"end":{"line":143,"column":8}},"60":{"start":{"line":145,"column":6},"end":{"line":147,"column":7}},"61":{"start":{"line":146,"column":8},"end":{"line":146,"column":79}},"62":{"start":{"line":149,"column":29},"end":{"line":149,"column":62}},"63":{"start":{"line":150,"column":31},"end":{"line":150,"column":75}},"64":{"start":{"line":153,"column":30},"end":{"line":159,"column":8}},"65":{"start":{"line":160,"column":6},"end":{"line":162,"column":7}},"66":{"start":{"line":161,"column":8},"end":{"line":161,"column":56}},"67":{"start":{"line":163,"column":44},"end":{"line":163,"column":123}},"68":{"start":{"line":165,"column":6},"end":{"line":167,"column":7}},"69":{"start":{"line":166,"column":8},"end":{"line":166,"column":22}},"70":{"start":{"line":169,"column":6},"end":{"line":171,"column":7}},"71":{"start":{"line":170,"column":8},"end":{"line":170,"column":22}},"72":{"start":{"line":173,"column":6},"end":{"line":178,"column":7}},"73":{"start":{"line":177,"column":8},"end":{"line":177,"column":22}},"74":{"start":{"line":180,"column":28},"end":{"line":191,"column":8}},"75":{"start":{"line":193,"column":6},"end":{"line":195,"column":7}},"76":{"start":{"line":194,"column":8},"end":{"line":194,"column":123}},"77":{"start":{"line":197,"column":37},"end":{"line":197,"column":55}},"78":{"start":{"line":198,"column":42},"end":{"line":198,"column":86}},"79":{"start":{"line":199,"column":32},"end":{"line":199,"column":66}},"80":{"start":{"line":201,"column":6},"end":{"line":205,"column":7}},"81":{"start":{"line":202,"column":8},"end":{"line":202,"column":15}},"82":{"start":{"line":204,"column":8},"end":{"line":204,"column":72}},"83":{"start":{"line":207,"column":6},"end":{"line":207,"column":59}},"84":{"start":{"line":208,"column":6},"end":{"line":208,"column":72}},"85":{"start":{"line":109,"column":13},"end":{"line":109,"column":32}},"86":{"start":{"line":214,"column":41},"end":{"line":219,"column":1}},"87":{"start":{"line":215,"column":2},"end":{"line":217,"column":3}},"88":{"start":{"line":216,"column":4},"end":{"line":216,"column":74}},"89":{"s
[...]
:66,"column":6}}},"fnMap":{"0":{"name":"buildPrismaQuery","decl":{"start":{"line":15,"column":16},"end":{"line":15,"column":32}},"loc":{"start":{"line":19,"column":22},"end":{"line":67,"column":1}}},"1":{"name":"(anonymous_1)","decl":{"start":{"line":26,"column":46},"end":{"line":26,"column":47}},"loc":{"start":{"line":26,"column":58},"end":{"line":31,"column":14}}}},"branchMap":{"0":{"loc":{"start":{"line":17,"column":4},"end":{"line":17,"column":25}},"type":"default-arg","locations":[{"start":{"line":17,"column":23},"end":{"line":17,"column":25}}]},"1":{"loc":{"start":{"line":18,"column":4},"end":{"line":18,"column":25}},"type":"default-arg","locations":[{"start":{"line":18,"column":23},"end":{"line":18,"column":25}}]},"2":{"loc":{"start":{"line":23,"column":4},"end":{"line":33,"column":5}},"type":"if","locations":[{"start":{"line":23,"column":4},"end":{"line":33,"column":5}}]},"3":{"loc":{"start":{"line":23,"column":8},"end":{"line":23,"column":51}},"type":"binary-expr","locations":[{"start":{"line":23,"column":8},"end":{"line":23,"column":20}},{"start":{"line":23,"column":24},"end":{"line":23,"column":51}}]},"4":{"loc":{"start":{"line":25,"column":8},"end":{"line":32,"column":9}},"type":"if","locations":[{"start":{"line":25,"column":8},"end":{"line":32,"column":9}}]},"5":{"loc":{"start":{"line":38,"column":8},"end":{"line":40,"column":9}},"type":"if","locations":[{"start":{"line":38,"column":8},"end":{"line":40,"column":9}}]},"6":{"loc":{"start":{"line":38,"column":12},"end":{"line":38,"column":60}},"type":"binary-expr","locations":[{"start":{"line":38,"column":12},"end":{"line":38,"column":37}},{"start":{"line":38,"column":41},"end":{"line":38,"column":60}}]},"7":{"loc":{"start":{"line":45,"column":4},"end":{"line":50,"column":5}},"type":"if","locations":[{"start":{"line":45,"column":4},"end":{"line":50,"column":5}}]},"8":{"loc":{"start":{"line":46,"column":22},"end":{"line":46,"column":39}},"type":"default-arg","locations":[{"start":{"line":46,"column":34},"end":{"line":46,"column":39}}]},"9":{"loc":{"start":{"line":48,"column":21},"end":{"line":48,"column":72}},"type":"cond-expr","locations":[{"start":{"line":48,"column":58},"end":{"line":48,"column":64}},{"start":{"line":48,"column":67},"end":{"line":48,"column":72}}]},"10":{"loc":{"start":{"line":53,"column":24},"end":{"line":53,"column":41}},"type":"binary-expr","locations":[{"start":{"line":53,"column":24},"end":{"line":53,"column":34}},{"start":{"line":53,"column":38},"end":{"line":53,"column":41}}]},"11":{"loc":{"start":{"line":54,"column":24},"end":{"line":54,"column":43}},"type":"binary-expr","locations":[{"start":{"line":54,"column":24},"end":{"line":54,"column":35}},{"start":{"line":54,"column":39},"end":{"line":54,"column":43}}]},"12":{"loc":{"start":{"line":56,"column":4},"end":{"line":56,"column":42}},"type":"if","locations":[{"start":{"line":56,"column":4},"end":{"line":56,"column":42}}]},"13":{"loc":{"start":{"line":56,"column":8},"end":{"line":56,"column":31}},"type":"binary-expr","locations":[{"start":{"line":56,"column":8},"end":{"line":56,"column":19}},{"start":{"line":56,"column":23},"end":{"line":56,"column":31}}]},"14":{"loc":{"start":{"line":57,"column":4},"end":{"line":57,"column":43}},"type":"if","locations":[{"start":{"line":57,"column":4},"end":{"line":57,"column":43}}]},"15":{"loc":{"start":{"line":57,"column":8},"end":{"line":57,"column":31}},"type":"binary-expr","locations":[{"start":{"line":57,"column":8},"end":{"line":57,"column":19}},{"start":{"line":57,"column":23},"end":{"line":57,"column":31}}]},"16":{"loc":{"start":{"line":62,"column":17},"end":{"line":62,"column":70}},"type":"cond-expr","locations":[{"start":{"line":62,"column":51},"end":{"line":62,"column":58}},{"start":{"line":62,"column":61},"end":{"line":62,"column":70}}]}},"s":{"0":22,"1":44,"2":44,"3":6,"4":6,"5":5,"6":9,"7":44,"8":20,"9":20,"10":11,"11":44,"12":44,"13":7,"14":7,"15":44,"16":44,"17":44,"18":3,"19":44,"20":3,"21":44,"22":44},"f":{"0":44,"1":9},"b":{"0":[22],"1":[25],"2":[6],"3":[44,8],"4":[5],"5":[11],"6":[20,13],"7":[7],"8":[2],"9":[3,4],"10":[44,34],"11":[44,34],"12":[3],"13":[44,43],"14":[3],"15":[44,43],"16":[11,33]}}
,"C:\\Users\\Eman\\Desktop\\WORKSY\\src\\utils\\jwt.ts": {"path":"C:\\Users\\Eman\\Desktop\\WORKSY\\src\\utils\\jwt.ts","statementMap":{"0":{"start":{"line":1,"column":0},"end":{"line":1,"column":31}},"1":{"start":{"line":11,"column":35},"end":{"line":15,"column":1}},"2":{"start":{"line":12,"column":30},"end":{"line":12,"column":62}},"3":{"start":{"line":14,"column":2},"end":{"line":14,"column":74}},"4":{"start":{"line":11,"column":13},"end":{"line":11,"column":35}},"5":{"start":{"line":17,"column":36},"end":{"line":20,"column":1}},"6":{"start":{"line":18,"column":31},"end":{"line":18,"column":64}},"7":{"start":{"line":19,"column":2},"end":{"line":19,"column":75}},"8":{"start":{"line":17,"column":13},"end":{"line":17,"column":36}},"9":{"start":{"line":22,"column":27},"end":{"line":35,"column":1}},"10":{"start":{"line":23,"column":31},"end":{"line":23,"column":64}},"11":{"start":{"line":24,"column":2},"end":{"line":34,"column":3}},"12":{"start":{"line":25,"column":4},"end":{"line":25,"column":68}},"13":{"start":{"line":27,"column":4},"end":{"line":29,"column":5}},"14":{"start":{"line":28,"column":6},"end":{"line":28,"column":39}},"15":{"start":{"line":30,"column":4},"end":{"line":32,"column":5}},"16":{"start":{"line":31,"column":6},"end":{"line":31,"column":39}},"17":{"start":{"line":33,"column":4},"end":{"line":33,"column":16}},"18":{"start":{"line":22,"column":13},"end":{"line":22,"column":27}},"19":{"start":{"line":37,"column":29},"end":{"line":42,"column":1}},"20":{"start":{"line":38,"column":31},"end":{"line":38,"column":64}},"21":{"start":{"line":39,"column":2},"end":{"line":41,"column":5}},"22":{"start":{"line":37,"column":13},"end":{"line":37,"column":29}}},"fnMap":{"0":{"name":"(anonymous_1)","decl":{"start":{"line":11,"column":35},"end":{"line":11,"column":36}},"loc":{"start":{"line":11,"column":72},"end":{"line":15,"column":1}}},"1":{"name":"(anonymous_2)","decl":{"start":{"line":17,"column":36},"end":{"line":17,"column":37}},"loc":{"start":{"line":17,"column":73},"end":{"line":20,"column":1}}},"2":{"name":"(anonymous_3)","decl":{"start":{"line":22,"column":27},"end":{"line":22,"column":28}},"loc":{"start":{"line":22,"column":59},"end":{"line":35,"column":1}}},"3":{"name":"(anonymous_4)","decl":{"start":{"line":37,"column":29},"end":{"line":37,"column":30}},"loc":{"start":{"line":37,"column":84},"end":{"line":42,"column":1}}}},"branchMap":{"0":{"loc":{"start":{"line":27,"column":4},"end":{"line":29,"column":5}},"type":"if","locations":[{"start":{"line":27,"column":4},"end":{"line":29,"column":5}}]},"1":{"loc":{"start":{"line":30,"column":4},"end":{"line":32,"column":5}},"type":"if","locations":[{"start":{"line":30,"column":4},"end":{"line":32,"column":5}}]},"2":{"loc":{"start":{"line":37,"column":47},"end":{"line":37,"column":72}},"type":"default-arg","locations":[{"start":{"line":37,"column":67},"end":{"line":37,"column":72}}]}},"s":{"0":18,"1":18,"2":74,"3":74,"4":18,"5":18,"6":6,"7":6,"8":18,"9":18,"10":10,"11":10,"12":10,"13":6,"14":1,"15":5,"16":4,"17":1,"18":18,"19":18,"20":8,"21":8,"22":18},"f":{"0":74,"1":6,"2":10,"3":8},"b":{"0":[1],"1":[4],"2":[6]}}
,"C:\\Users\\Eman\\Desktop\\WORKSY\\src\\utils\\sendEmail.ts": {"path":"C:\\Users\\Eman\\Desktop\\WORKSY\\src\\utils\\sendEmail.ts","statementMap":{"0":{"start":{"line":2,"column":0},"end":{"line":2,"column":36}},"1":{"start":{"line":10,"column":18},"end":{"line":49,"column":1}},"2":{"start":{"line":12,"column":2},"end":{"line":16,"column":3}},"3":{"start":{"line":13,"column":4},"end":{"line":13,"column":80}},"4":{"start":{"line":15,"column":4},"end":{"line":15,"column":63}},"5":{"start":{"line":19,"column":52},"end":{"line":28,"column":4}},"6":{"start":{"line":31,"column":2},"end":{"line":33,"column":3}},"7":{"start":{"line":32,"column":5},"end":{"line":32,"column":50}},"8":{"start":{"line":35,"column":22},"end":{"line":35,"column":68}},"9":{"start":{"line":37,"column":2},"end":{"line":48,"column":3}},"10":{"start":{"line":38,"column":4},"end":{"line":43,"column":7}},"11":{"start":{"line":44,"column":4},"end":{"line":44,"column":78}},"12":{"start":{"line":46,"column":4},"end":{"line":46,"column":92}},"13":{"start":{"line":47,"column":4},"end":{"line":47,"column":45}},"14":{"start":{"line":51,"column":9},"end":{"line":51,"column":18}}},"fnMap":{"0":{"name":"(anonymous_1)","decl":{"start":{"line":10,"column":18},"end":{"line":10,"column":23}},"loc":{"start":{"line":10,"column":64},"end":{"line":49,"column":1}}}},"branchMap":{"0":{"loc":{"start":{"line":12,"column":2},"end":{"line":16,"column":3}},"type":"if","locations":[{"start":{"line":12,"column":2},"end":{"line":16,"column":3}}]},"1":{"loc":{"start":{"line":12,"column":6},"end":{"line":12,"column":110}},"type":"binary-expr","locations":[{"start":{"line":12,"column":6},"end":{"line":12,"column":28}},{"start":{"line":12,"column":32},"end":{"line":12,"column":54}},{"start":{"line":12,"column":58},"end":{"line":12,"column":80}},{"start":{"line":12,"column":84},"end":{"line":12,"column":110}}]},"2":{"loc":{"start":{"line":31,"column":2},"end":{"line":33,"column":3}},"type":"if","locations":[{"start":{"line":31,"column":2},"end":{"line":33,"column":3}}]}},"s":{"0":17,"1":17,"2":9,"3":0,"4":0,"5":9,"6":9,"7":9,"8":9,"9":9,"10":9,"11":9,"12":0,"13":0,"14":17},"f":{"0":9},"b":{"0":[0],"1":[9,9,9,9],"2":[9]}}
,"C:\\Users\\Eman\\Desktop\\WORKSY\\src\\utils\\validateSocketData.ts": {"path":"C:\\Users\\Eman\\Desktop\\WORKSY\\src\\utils\\validateSocketData.ts","statementMap":{"0":{"start":{"line":5,"column":34},"end":{"line":19,"column":1}},"1":{"start":{"line":11,"column":19},"end":{"line":11,"column":41}},"2":{"start":{"line":12,"column":4},"end":{"line":16,"column":5}},"3":{"start":{"line":13,"column":27},"end":{"line":13,"column":76}},"4":{"start":{"line":14,"column":8},"end":{"line":14,"column":59}},"5":{"start":{"line":15,"column":8},"end":{"line":15,"column":20}},"6":{"start":{"line":18,"column":4},"end":{"line":18,"column":23}},"7":{"start":{"line":5,"column":13},"end":{"line":5,"column":34}}},"fnMap":{"0":{"name":"(anonymous_0)","decl":{"start":{"line":5,"column":34},"end":{"line":5,"column":null}},"loc":{"start":{"line":10,"column":14},"end":{"line":19,"column":1}}}},"branchMap":{"0":{"loc":{"start":{"line":9,"column":4},"end":{"line":9,"column":37}},"type":"default-arg","locations":[{"start":{"line":9,"column":19},"end":{"line":9,"column":37}}]},"1":{"loc":{"start":{"line":12,"column":4},"end":{"line":16,"column":5}},"type":"if","locations":[{"start":{"line":12,"column":4},"end":{"line":16,"column":5}}]},"2":{"loc":{"start":{"line":13,"column":27},"end":{"line":13,"column":76}},"type":"binary-expr","locations":[{"start":{"line":13,"column":27},"end":{"line":13,"column":58}},{"start":{"line":13,"column":62},"end":{"line":13,"column":76}}]}},"s":{"0":17,"1":7,"2":7,"3":1,"4":1,"5":1,"6":6,"7":17},"f":{"0":7},"b":{"0":[0],"1":[1],"2":[1,0]}}
,"C:\\Users\\Eman\\Desktop\\WORKSY\\src\\validators\\auth.validators.ts": {"path":"C:\\Users\\Eman\\Desktop\\WORKSY\\src\\validators\\auth.validators.ts","statementMap":{"0":{"start":{"line":1,"column":0},"end":{"line":1,"column":24}},"1":{"start":{"line":3,"column":13},"end":{"line":20,"column":3}},"2":{"start":{"line":22,"column":13},"end":{"line":24,"column":3}},"3":{"start":{"line":26,"column":13},"end":{"line":32,"column":3}},"4":{"start":{"line":34,"column":13},"end":{"line":39,"column":3}},"5":{"start":{"line":41,"column":13},"end":{"line":51,"column":3}},"6":{"start":{"line":53,"column":13},"end":{"line":59,"column":3}},"7":{"start":{"line":61,"column":13},"end":{"line":63,"column":3}},"8":{"start":{"line":65,"column":13},"end":{"line":67,"column":3}},"9":{"start":{"line":69,"column":13},"end":{"line":98,"column":3}},"10":{"start":{"line":95,"column":20},"end":{"line":95,"column":61}},"11":{"start":{"line":100,"column":13},"end":{"line":125,"column":3}},"12":{"start":{"line":122,"column":20},"end":{"line":122,"column":61}},"13":{"start":{"line":127,"column":13},"end":{"line":131,"column":3}}},"fnMap":{"0":{"name":"(anonymous_0)","decl":{"start":{"line":95,"column":10},"end":{"line":95,"column":11}},"loc":{"start":{"line":95,"column":20},"end":{"line":95,"column":61}}},"1":{"name":"(anonymous_1)","decl":{"start":{"line":122,"column":10},"end":{"line":122,"column":11}},"loc":{"start":{"line":122,"column":20},"end":{"line":122,"column":61}}}},"branchMap":{},"s":{"0":17,"1":17,"2":17,"3":17,"4":17,"5":17,"6":17,"7":17,"8":17,"9":17,"10":1,"11":17,"12":1,"13":17},"f":{"0":1,"1":1},"b":{}}
,"C:\\Users\\Eman\\Desktop\\WORKSY\\src\\validators\\channel.validators.ts": {"path":"C:\\Users\\Eman\\Desktop\\WORKSY\\src\\validators\\channel.validators.ts","statementMap":{"0":{"start":{"line":1,"column":0},"end":{"line":1,"column":24}},"1":{"start":{"line":3,"column":13},"end":{"line":7,"column":3}},"2":{"start":{"line":10,"column":13},"end":{"line":14,"column":3}}},"fnMap":{},"branchMap":{},"s":{"0":17,"1":17,"2":17},"f":{},"b":{}}
,"C:\\Users\\Eman\\Desktop\\WORKSY\\src\\validators\\channelMessage.validators.ts": {"path":"C:\\Users\\Eman\\Desktop\\WORKSY\\src\\validators\\channelMessage.validators.ts","statementMap":{"0":{"start":{"line":1,"column":0},"end":{"line":1,"column":24}},"1":{"start":{"line":3,"column":13},"end":{"line":6,"column":3}},"2":{"start":{"line":8,"column":13},"end":{"line":11,"column":3}}},"fnMap":{},"branchMap":{},"s":{"0":17,"1":17,"2":17},"f":{},"b":{}}
,"C:\\Users\\Eman\\Desktop\\WORKSY\\src\\validators\\conversation.validtors.ts": {"path":"C:\\Users\\Eman\\Desktop\\WORKSY\\src\\validators\\conversation.validtors.ts","statementMap":{"0":{"start":{"line":1,"column":0},"end":{"line":1,"column":24}},"1":{"start":{"line":3,"column":13},"end":{"line":5,"column":3}},"2":{"start":{"line":7,"column":13},"end":{"line":9,"column":3}}},"fnMap":{},"branchMap":{},"s":{"0":17,"1":17,"2":17},"f":{},"b":{}}
,"C:\\Users\\Eman\\Desktop\\WORKSY\\src\\validators\\dm.validators.ts": {"path":"C:\\Users\\Eman\\Desktop\\WORKSY\\src\\validators\\dm.validators.ts","statementMap":{"0":{"start":{"line":1,"column":0},"end":{"line":1,"column":24}},"1":{"start":{"line":3,"column":13},"end":{"line":6,"column":3}},"2":{"start":{"line":8,"column":13},"end":{"line":11,"column":3}}},"fnMap":{},"branchMap":{},"s":{"0":17,"1":17,"2":17},"f":{},"b":{}}
,"C:\\Users\\Eman\\Desktop\\WORKSY\\src\\validators\\invite.validators.ts": {"path":"C:\\Users\\Eman\\Desktop\\WORKSY\\src\\validators\\invite.validators.ts","statementMap":{"0":{"start":{"line":1,"column":0},"end":{"line":1,"column":24}},"1":{"start":{"line":3,"column":13},"end":{"line":7,"column":3}},"2":{"start":{"line":9,"column":13},"end":{"line":11,"column":3}}},"fnMap":{},"branchMap":{},"s":{"0":17,"1":17,"2":17},"f":{},"b":{}}
,"C:\\Users\\Eman\\Desktop\\WORKSY\\src\\validators\\meeting.validators.ts": {"path":"C:\\Users\\Eman\\Desktop\\WORKSY\\src\\validators\\meeting.validators.ts","statementMap":{"0":{"start":{"line":1,"column":0},"end":{"line":1,"column":24}},"1":{"start":{"line":3,"column":13},"end":{"line":28,"column":7}},"2":{"start":{"line":9,"column":30},"end":{"line":9,"column":52}},"3":{"start":{"line":12,"column":30},"end":{"line":12,"column":47}},"4":{"start":{"line":17,"column":30},"end":{"line":17,"column":52}},"5":{"start":{"line":20,"column":30},"end":{"line":20,"column":47}},"6":{"start":{"line":25,"column":22},"end":{"line":25,"column":51}},"7":{"start":{"line":32,"column":13},"end":{"line":61,"column":6}},"8":{"start":{"line":38,"column":30},"end":{"line":38,"column":52}},"9":{"start":{"line":44,"column":30},"end":{"line":44,"column":52}},"10":{"start":{"line":52,"column":12},"end":{"line":54,"column":13}},"11":{"start":{"line":53,"column":16},"end":{"line":53,"column":53}},"12":{"start":{"line":55,"column":12},"end":{"line":55,"column":24}},"13":{"start":{"line":65,"column":13},"end":{"line":67,"column":3}}},"fnMap":{"0":{"name":"(anonymous_0)","decl":{"start":{"line":9,"column":20},"end":{"line":9,"column":21}},"loc":{"start":{"line":9,"column":30},"end":{"line":9,"column":52}}},"1":{"name":"(anonymous_1)","decl":{"start":{"line":12,"column":20},"end":{"line":12,"column":21}},"loc":{"start":{"line":12,"column":30},"end":{"line":12,"column":47}}},"2":{"name":"(anonymous_2)","decl":{"start":{"line":17,"column":20},"end":{"line":17,"column":21}},"loc":{"start":{"line":17,"column":30},"end":{"line":17,"column":52}}},"3":{"name":"(anonymous_3)","decl":{"start":{"line":20,"column":20},"end":{"line":20,"column":21}},"loc":{"start":{"line":20,"column":30},"end":{"line":20,"column":47}}},"4":{"name":"(anonymous_4)","decl":{"start":{"line":25,"column":12},"end":{"line":25,"column":13}},"loc":{"start":{"line":25,"column":22},"end":{"line":25,"column":51}}},"5":{"name":"(anonymous_5)","decl":{"start":{"line":38,"column":20},"end":{"line":38,"column":21}},"loc":{"start":{"line":38,"column":30},"end":{"line":38,"column":52}}},"6":{"name":"(anonymous_6)","decl":{"start":{"line":44,"column":20},"end":{"line":44,"column":21}},"loc":{"start":{"line":44,"column":30},"end":{"line":44,"column":52}}},"7":{"name":"(anonymous_7)","decl":{"start":{"line":51,"column":8},"end":{"line":51,"column":9}},"loc":{"start":{"line":51,"column":17},"end":{"line":56,"column":9}}}},"branchMap":{"0":{"loc":{"start":{"line":52,"column":12},"end":{"line":54,"column":13}},"type":"if","locations":[{"start":{"line":52,"column":12},"end":{"line":54,"column":13}}]},"1":{"loc":{"start":{"line":52,"column":16},"end":{"line":52,"column":46}},"type":"binary-expr","locations":[{"start":{"line":52,"column":16},"end":{"line":52,"column":30}},{"start":{"line":52,"column":34},"end":{"line":52,"column":46}}]}},"s":{"0":17,"1":17,"2":2,"3":2,"4":2,"5":2,"6":2,"7":17,"8":0,"9":0,"10":2,"11":0,"12":2,"13":17},"f":{"0":2,"1":2,"2":2,"3":2,"4":2,"5":0,"6":0,"7":2},"b":{"0":[0],"1":[2,0]}}
,"C:\\Users\\Eman\\Desktop\\WORKSY\\src\\validators\\message.validators.ts": {"path":"C:\\Users\\Eman\\Desktop\\WORKSY\\src\\validators\\message.validators.ts","statementMap":{"0":{"start":{"line":1,"column":0},"end":{"line":1,"column":24}},"1":{"start":{"line":3,"column":13},"end":{"line":9,"column":3}}},"fnMap":{},"branchMap":{},"s":{"0":1,"1":1},"f":{},"b":{}}
,"C:\\Users\\Eman\\Desktop\\WORKSY\\src\\validators\\reaction.validators.ts": {"path":"C:\\Users\\Eman\\Desktop\\WORKSY\\src\\validators\\reaction.validators.ts","statementMap":{"0":{"start":{"line":1,"column":0},"end":{"line":1,"column":24}},"1":{"start":{"line":3,"column":13},"end":{"line":10,"column":3}}},"fnMap":{},"branchMap":{},"s":{"0":17,"1":17},"f":{},"b":{}}
,"C:\\Users\\Eman\\Desktop\\WORKSY\\src\\validators\\user.validators.ts": {"path":"C:\\Users\\Eman\\Desktop\\WORKSY\\src\\validators\\user.validators.ts","statementMap":{"0":{"start":{"line":1,"column":0},"end":{"line":1,"column":24}},"1":{"start":{"line":4,"column":13},"end":{"line":10,"column":3}},"2":{"start":{"line":7,"column":29},"end":{"line":7,"column":53}},"3":{"start":{"line":13,"column":13},"end":{"line":17,"column":null}}},"fnMap":{"0":{"name":"(anonymous_0)","decl":{"start":{"line":7,"column":19},"end":{"line":7,"column":20}},"loc":{"start":{"line":7,"column":29},"end":{"line":7,"column":53}}}},"branchMap":{"0":{"loc":{"start":{"line":7,"column":29},"end":{"line":7,"column":53}},"type":"binary-expr","locations":[{"start":{"line":7,"column":29},"end":{"line":7,"column":38}},{"start":{"line":7,"column":42},"end":{"line":7,"column":53}}]}},"s":{"0":17,"1":17,"2":2,"3":17},"f":{"0":2},"b":{"0":[2,0]}}
,"C:\\Users\\Eman\\Desktop\\WORKSY\\src\\validators\\workspace.validators.ts": {"path":"C:\\Users\\Eman\\Desktop\\WORKSY\\src\\validators\\workspace.validators.ts","statementMap":{"0":{"start":{"line":1,"column":0},"end":{"line":1,"column":24}},"1":{"start":{"line":3,"column":13},"end":{"line":9,"column":3}}},"fnMap":{},"branchMap":{},"s":{"0":17,"1":17},"f":{},"b":{}}
}
