{"C:\\Users\\Eman\\Desktop\\WORKSY\\src\\services\\channel.service.ts": {"path":"C:\\Users\\Eman\\Desktop\\WORKSY\\src\\services\\channel.service.ts","statementMap":{"0":{"start":{"line":2,"column":0},"end":{"line":2,"column":34}},"1":{"start":{"line":3,"column":0},"end":{"line":3,"column":45}},"2":{"start":{"line":4,"column":0},"end":{"line":4,"column":45}},"3":{"start":{"line":8,"column":4},"end":{"line":8,"column":69}},"4":{"start":{"line":9,"column":4},"end":{"line":9,"column":51}},"5":{"start":{"line":11,"column":23},"end":{"line":25,"column":6}},"6":{"start":{"line":27,"column":4},"end":{"line":27,"column":22}},"7":{"start":{"line":31,"column":4},"end":{"line":40,"column":7}},"8":{"start":{"line":44,"column":20},"end":{"line":54,"column":6}},"9":{"start":{"line":56,"column":4},"end":{"line":58,"column":5}},"10":{"start":{"line":57,"column":6},"end":{"line":57,"column":78}},"11":{"start":{"line":60,"column":4},"end":{"line":60,"column":19}},"12":{"start":{"line":68,"column":20},"end":{"line":68,"column":73}},"13":{"start":{"line":70,"column":4},"end":{"line":72,"column":5}},"14":{"start":{"line":71,"column":6},"end":{"line":71,"column":82}},"15":{"start":{"line":74,"column":4},"end":{"line":80,"column":7}},"16":{"start":{"line":85,"column":4},"end":{"line":85,"column":58}},"17":{"start":{"line":87,"column":4},"end":{"line":104,"column":7}},"18":{"start":{"line":108,"column":20},"end":{"line":114,"column":6}},"19":{"start":{"line":116,"column":4},"end":{"line":118,"column":5}},"20":{"start":{"line":117,"column":6},"end":{"line":117,"column":74}},"21":{"start":{"line":120,"column":4},"end":{"line":120,"column":19}},"22":{"start":{"line":124,"column":21},"end":{"line":131,"column":6}},"23":{"start":{"line":133,"column":4},"end":{"line":135,"column":5}},"24":{"start":{"line":134,"column":6},"end":{"line":134,"column":94}},"25":{"start":{"line":139,"column":25},"end":{"line":139,"column":67}},"26":{"start":{"line":140,"column":18},"end":{"line":145,"column":6}},"27":{"start":{"line":147,"column":4},"end":{"line":149,"column":5}},"28":{"start":{"line":148,"column":6},"end":{"line":148,"column":91}},"29":{"start":{"line":6,"column":0},"end":{"line":6,"column":13}},"30":{"start":{"line":153,"column":13},"end":{"line":153,"column":null}}},"fnMap":{"0":{"name":"(anonymous_1)","decl":{"start":{"line":7,"column":2},"end":{"line":7,"column":7}},"loc":{"start":{"line":7,"column":95},"end":{"line":28,"column":3}}},"1":{"name":"(anonymous_2)","decl":{"start":{"line":30,"column":2},"end":{"line":30,"column":7}},"loc":{"start":{"line":30,"column":58},"end":{"line":41,"column":3}}},"2":{"name":"(anonymous_3)","decl":{"start":{"line":43,"column":2},"end":{"line":43,"column":7}},"loc":{"start":{"line":43,"column":73},"end":{"line":61,"column":3}}},"3":{"name":"(anonymous_4)","decl":{"start":{"line":63,"column":2},"end":{"line":63,"column":7}},"loc":{"start":{"line":66,"column":23},"end":{"line":81,"column":3}}},"4":{"name":"(anonymous_5)","decl":{"start":{"line":84,"column":2},"end":{"line":84,"column":7}},"loc":{"start":{"line":84,"column":60},"end":{"line":105,"column":3}}},"5":{"name":"(anonymous_6)","decl":{"start":{"line":107,"column":10},"end":{"line":107,"column":15}},"loc":{"start":{"line":107,"column":73},"end":{"line":121,"column":3}}},"6":{"name":"(anonymous_7)","decl":{"start":{"line":123,"column":10},"end":{"line":123,"column":15}},"loc":{"start":{"line":123,"column":99},"end":{"line":136,"column":3}}},"7":{"name":"(anonymous_8)","decl":{"start":{"line":138,"column":10},"end":{"line":138,"column":15}},"loc":{"start":{"line":138,"column":58},"end":{"line":150,"column":3}}}},"branchMap":{"0":{"loc":{"start":{"line":56,"column":4},"end":{"line":58,"column":5}},"type":"if","locations":[{"start":{"line":56,"column":4},"end":{"line":58,"column":5}}]},"1":{"loc":{"start":{"line":70,"column":4},"end":{"line":72,"column":5}},"type":"if","locations":[{"start":{"line":70,"column":4},"end":{"line":72,"column":5}}]},"2":{"loc":{"start":{"line":70,"column":8},"end":{"line":70,"column":61}},"type":"binary-expr","locations":[{"start":{"line":70,"column":8},"end":{"line":70,"column":24}},{"start":{"line":70,"column":28},"end":{"line":70,"column":61}}]},"3":{"loc":{"start":{"line":116,"column":4},"end":{"line":118,"column":5}},"type":"if","locations":[{"start":{"line":116,"column":4},"end":{"line":118,"column":5}}]},"4":{"loc":{"start":{"line":129,"column":12},"end":{"line":129,"column":69}},"type":"cond-expr","locations":[{"start":{"line":129,"column":31},"end":{"line":129,"column":64}},{"start":{"line":129,"column":67},"end":{"line":129,"column":69}}]},"5":{"loc":{"start":{"line":133,"column":4},"end":{"line":135,"column":5}},"type":"if","locations":[{"start":{"line":133,"column":4},"end":{"line":135,"column":5}}]},"6":{"loc":{"start":{"line":139,"column":34},"end":{"line":139,"column":66}},"type":"binary-expr","locations":[{"start":{"line":139,"column":34},"end":{"line":139,"column":58}},{"start":{"line":139,"column":62},"end":{"line":139,"column":66}}]},"7":{"loc":{"start":{"line":147,"column":4},"end":{"line":149,"column":5}},"type":"if","locations":[{"start":{"line":147,"column":4},"end":{"line":149,"column":5}}]}},"s":{"0":1,"1":1,"2":1,"3":3,"4":2,"5":1,"6":1,"7":1,"8":2,"9":2,"10":1,"11":1,"12":2,"13":2,"14":2,"15":1,"16":1,"17":1,"18":3,"19":3,"20":0,"21":3,"22":5,"23":5,"24":2,"25":2,"26":2,"27":2,"28":1,"29":1,"30":1},"f":{"0":3,"1":1,"2":2,"3":2,"4":1,"5":3,"6":5,"7":2},"b":{"0":[1],"1":[2],"2":[2,2],"3":[0],"4":[2,3],"5":[2],"6":[2,2],"7":[1]}}
,"C:\\Users\\Eman\\Desktop\\WORKSY\\src\\services\\channelMembers.service.ts": {"path":"C:\\Users\\Eman\\Desktop\\WORKSY\\src\\services\\channelMembers.service.ts","statementMap":{"0":{"start":{"line":1,"column":0},"end":{"line":1,"column":34}},"1":{"start":{"line":2,"column":0},"end":{"line":2,"column":45}},"2":{"start":{"line":3,"column":0},"end":{"line":3,"column":45}},"3":{"start":{"line":8,"column":31},"end":{"line":15,"column":10}},"4":{"start":{"line":17,"column":8},"end":{"line":19,"column":9}},"5":{"start":{"line":18,"column":12},"end":{"line":18,"column":80}},"6":{"start":{"line":21,"column":8},"end":{"line":34,"column":9}},"7":{"start":{"line":22,"column":12},"end":{"line":33,"column":15}},"8":{"start":{"line":36,"column":8},"end":{"line":41,"column":11}},"9":{"start":{"line":45,"column":24},"end":{"line":53,"column":10}},"10":{"start":{"line":55,"column":8},"end":{"line":57,"column":9}},"11":{"start":{"line":56,"column":12},"end":{"line":56,"column":73}},"12":{"start":{"line":59,"column":8},"end":{"line":61,"column":9}},"13":{"start":{"line":60,"column":12},"end":{"line":60,"column":87}},"14":{"start":{"line":63,"column":8},"end":{"line":73,"column":11}},"15":{"start":{"line":77,"column":8},"end":{"line":91,"column":11}},"16":{"start":{"line":98,"column":23},"end":{"line":105,"column":10}},"17":{"start":{"line":107,"column":8},"end":{"line":109,"column":9}},"18":{"start":{"line":108,"column":12},"end":{"line":108,"column":73}},"19":{"start":{"line":111,"column":8},"end":{"line":121,"column":11}},"20":{"start":{"line":126,"column":8},"end":{"line":128,"column":9}},"21":{"start":{"line":127,"column":12},"end":{"line":127,"column":84}},"22":{"start":{"line":130,"column":23},"end":{"line":137,"column":10}},"23":{"start":{"line":139,"column":8},"end":{"line":141,"column":9}},"24":{"start":{"line":140,"column":12},"end":{"line":140,"column":73}},"25":{"start":{"line":143,"column":8},"end":{"line":153,"column":11}},"26":{"start":{"line":157,"column":23},"end":{"line":164,"column":10}},"27":{"start":{"line":166,"column":8},"end":{"line":168,"column":9}},"28":{"start":{"line":167,"column":12},"end":{"line":167,"column":92}},"29":{"start":{"line":170,"column":8},"end":{"line":175,"column":11}},"30":{"start":{"line":5,"column":0},"end":{"line":5,"column":13}},"31":{"start":{"line":179,"column":13},"end":{"line":179,"column":65}}},"fnMap":{"0":{"name":"(anonymous_1)","decl":{"start":{"line":7,"column":4},"end":{"line":7,"column":9}},"loc":{"start":{"line":7,"column":55},"end":{"line":42,"column":5}}},"1":{"name":"(anonymous_2)","decl":{"start":{"line":44,"column":4},"end":{"line":44,"column":9}},"loc":{"start":{"line":44,"column":56},"end":{"line":74,"column":5}}},"2":{"name":"(anonymous_3)","decl":{"start":{"line":76,"column":4},"end":{"line":76,"column":9}},"loc":{"start":{"line":76,"column":48},"end":{"line":92,"column":5}}},"3":{"name":"(anonymous_4)","decl":{"start":{"line":97,"column":4},"end":{"line":97,"column":9}},"loc":{"start":{"line":97,"column":88},"end":{"line":122,"column":5}}},"4":{"name":"(anonymous_5)","decl":{"start":{"line":125,"column":4},"end":{"line":125,"column":9}},"loc":{"start":{"line":125,"column":83},"end":{"line":154,"column":5}}},"5":{"name":"(anonymous_6)","decl":{"start":{"line":156,"column":4},"end":{"line":156,"column":9}},"loc":{"start":{"line":156,"column":72},"end":{"line":176,"column":5}}}},"branchMap":{"0":{"loc":{"start":{"line":17,"column":8},"end":{"line":19,"column":9}},"type":"if","locations":[{"start":{"line":17,"column":8},"end":{"line":19,"column":9}}]},"1":{"loc":{"start":{"line":17,"column":12},"end":{"line":17,"column":63}},"type":"binary-expr","locations":[{"start":{"line":17,"column":12},"end":{"line":17,"column":26}},{"start":{"line":17,"column":30},"end":{"line":17,"column":63}}]},"2":{"loc":{"start":{"line":21,"column":8},"end":{"line":34,"column":9}},"type":"if","locations":[{"start":{"line":21,"column":8},"end":{"line":34,"column":9}}]},"3":{"loc":{"start":{"line":21,"column":12},"end":{"line":21,"column":63}},"type":"binary-expr","locations":[{"start":{"line":21,"column":12},"end":{"line":21,"column":26}},{"start":{"line":21,"column":30},"end":{"line":21,"column":63}}]},"4":{"loc":{"start":{"line":55,"column":8},"end":{"line":57,"column":9}},"type":"if","locations":[{"start":{"line":55,"column":8},"end":{"line":57,"column":9}}]},"5":{"loc":{"start":{"line":59,"column":8},"end":{"line":61,"column":9}},"type":"if","locations":[{"start":{"line":59,"column":8},"end":{"line":61,"column":9}}]},"6":{"loc":{"start":{"line":107,"column":8},"end":{"line":109,"column":9}},"type":"if","locations":[{"start":{"line":107,"column":8},"end":{"line":109,"column":9}}]},"7":{"loc":{"start":{"line":107,"column":12},"end":{"line":107,"column":39}},"type":"binary-expr","locations":[{"start":{"line":107,"column":12},"end":{"line":107,"column":19}},{"start":{"line":107,"column":23},"end":{"line":107,"column":39}}]},"8":{"loc":{"start":{"line":126,"column":8},"end":{"line":128,"column":9}},"type":"if","locations":[{"start":{"line":126,"column":8},"end":{"line":128,"column":9}}]},"9":{"loc":{"start":{"line":139,"column":8},"end":{"line":141,"column":9}},"type":"if","locations":[{"start":{"line":139,"column":8},"end":{"line":141,"column":9}}]},"10":{"loc":{"start":{"line":139,"column":12},"end":{"line":139,"column":39}},"type":"binary-expr","locations":[{"start":{"line":139,"column":12},"end":{"line":139,"column":19}},{"start":{"line":139,"column":23},"end":{"line":139,"column":39}}]},"11":{"loc":{"start":{"line":166,"column":8},"end":{"line":168,"column":9}},"type":"if","locations":[{"start":{"line":166,"column":8},"end":{"line":168,"column":9}}]},"12":{"loc":{"start":{"line":166,"column":12},"end":{"line":166,"column":39}},"type":"binary-expr","locations":[{"start":{"line":166,"column":12},"end":{"line":166,"column":19}},{"start":{"line":166,"column":23},"end":{"line":166,"column":39}}]}},"s":{"0":1,"1":1,"2":1,"3":3,"4":3,"5":1,"6":2,"7":1,"8":1,"9":3,"10":3,"11":1,"12":2,"13":1,"14":1,"15":1,"16":2,"17":2,"18":1,"19":1,"20":3,"21":1,"22":2,"23":2,"24":1,"25":1,"26":2,"27":2,"28":1,"29":1,"30":1,"31":1},"f":{"0":3,"1":3,"2":1,"3":2,"4":3,"5":2},"b":{"0":[1],"1":[3,2],"2":[1],"3":[2,1],"4":[1],"5":[1],"6":[1],"7":[2,1],"8":[1],"9":[1],"10":[2,1],"11":[1],"12":[2,1]}}
,"C:\\Users\\Eman\\Desktop\\WORKSY\\src\\services\\channelMessage.service.ts": {"path":"C:\\Users\\Eman\\Desktop\\WORKSY\\src\\services\\channelMessage.service.ts","statementMap":{"0":{"start":{"line":1,"column":0},"end":{"line":1,"column":34}},"1":{"start":{"line":2,"column":0},"end":{"line":2,"column":45}},"2":{"start":{"line":3,"column":0},"end":{"line":3,"column":54}},"3":{"start":{"line":4,"column":0},"end":{"line":4,"column":51}},"4":{"start":{"line":5,"column":0},"end":{"line":5,"column":45}},"5":{"start":{"line":15,"column":24},"end":{"line":21,"column":10}},"6":{"start":{"line":23,"column":8},"end":{"line":25,"column":9}},"7":{"start":{"line":24,"column":12},"end":{"line":24,"column":57}},"8":{"start":{"line":27,"column":25},"end":{"line":32,"column":10}},"9":{"start":{"line":34,"column":8},"end":{"line":36,"column":9}},"10":{"start":{"line":35,"column":12},"end":{"line":35,"column":80}},"11":{"start":{"line":39,"column":24},"end":{"line":45,"column":10}},"12":{"start":{"line":48,"column":8},"end":{"line":48,"column":94}},"13":{"start":{"line":51,"column":8},"end":{"line":64,"column":9}},"14":{"start":{"line":52,"column":40},"end":{"line":52,"column":42}},"15":{"start":{"line":53,"column":12},"end":{"line":60,"column":13}},"16":{"start":{"line":54,"column":16},"end":{"line":59,"column":17}},"17":{"start":{"line":55,"column":39},"end":{"line":55,"column":93}},"18":{"start":{"line":56,"column":20},"end":{"line":56,"column":57}},"19":{"start":{"line":58,"column":20},"end":{"line":58,"column":120}},"20":{"start":{"line":63,"column":13},"end":{"line":63,"column":57}},"21":{"start":{"line":67,"column":36},"end":{"line":76,"column":10}},"22":{"start":{"line":78,"column":8},"end":{"line":80,"column":9}},"23":{"start":{"line":79,"column":12},"end":{"line":79,"column":73}},"24":{"start":{"line":83,"column":8},"end":{"line":85,"column":9}},"25":{"start":{"line":84,"column":13},"end":{"line":84,"column":72}},"26":{"start":{"line":87,"column":8},"end":{"line":87,"column":35}},"27":{"start":{"line":91,"column":24},"end":{"line":97,"column":10}},"28":{"start":{"line":99,"column":8},"end":{"line":101,"column":9}},"29":{"start":{"line":100,"column":12},"end":{"line":100,"column":58}},"30":{"start":{"line":103,"column":25},"end":{"line":108,"column":10}},"31":{"start":{"line":110,"column":8},"end":{"line":112,"column":9}},"32":{"start":{"line":111,"column":12},"end":{"line":111,"column":79}},"33":{"start":{"line":114,"column":8},"end":{"line":125,"column":9}},"34":{"start":{"line":115,"column":36},"end":{"line":120,"column":14}},"35":{"start":{"line":122,"column":12},"end":{"line":124,"column":13}},"36":{"start":{"line":123,"column":16},"end":{"line":123,"column":90}},"37":{"start":{"line":127,"column":49},"end":{"line":131,"column":10}},"38":{"start":{"line":133,"column":25},"end":{"line":165,"column":10}},"39":{"start":{"line":167,"column":8},"end":{"line":167,"column":24}},"40":{"start":{"line":173,"column":24},"end":{"line":175,"column":10}},"41":{"start":{"line":177,"column":8},"end":{"line":179,"column":9}},"42":{"start":{"line":178,"column":12},"end":{"line":178,"column":66}},"43":{"start":{"line":181,"column":8},"end":{"line":183,"column":9}},"44":{"start":{"line":182,"column":12},"end":{"line":182,"column":85}},"45":{"start":{"line":185,"column":24},"end":{"line":191,"column":10}},"46":{"start":{"line":193,"column":8},"end":{"line":193,"column":23}},"47":{"start":{"line":197,"column":24},"end":{"line":199,"column":10}},"48":{"start":{"line":201,"column":8},"end":{"line":203,"column":9}},"49":{"start":{"line":202,"column":12},"end":{"line":202,"column":66}},"50":{"start":{"line":205,"column":8},"end":{"line":207,"column":9}},"51":{"start":{"line":206,"column":12},"end":{"line":206,"column":87}},"52":{"start":{"line":209,"column":24},"end":{"line":214,"column":10}},"53":{"start":{"line":216,"column":8},"end":{"line":216,"column":23}},"54":{"start":{"line":8,"column":0},"end":{"line":8,"column":13}},"55":{"start":{"line":222,"column":13},"end":{"line":222,"column":65}}},"fnMap":{"0":{"name":"(anonymous_1)","decl":{"start":{"line":9,"column":4},"end":{"line":9,"column":9}},"loc":{"start":{"line":13,"column":45},"end":{"line":88,"column":5}}},"1":{"name":"(anonymous_2)","decl":{"start":{"line":90,"column":4},"end":{"line":90,"column":9}},"loc":{"start":{"line":90,"column":77},"end":{"line":168,"column":5}}},"2":{"name":"(anonymous_3)","decl":{"start":{"line":170,"column":4},"end":{"line":170,"column":9}},"loc":{"start":{"line":170,"column":82},"end":{"line":194,"column":5}}},"3":{"name":"(anonymous_4)","decl":{"start":{"line":196,"column":4},"end":{"line":196,"column":9}},"loc":{"start":{"line":196,"column":64},"end":{"line":217,"column":5}}}},"branchMap":{"0":{"loc":{"start":{"line":23,"column":8},"end":{"line":25,"column":9}},"type":"if","locations":[{"start":{"line":23,"column":8},"end":{"line":25,"column":9}}]},"1":{"loc":{"start":{"line":23,"column":12},"end":{"line":23,"column":41}},"type":"binary-expr","locations":[{"start":{"line":23,"column":12},"end":{"line":23,"column":20}},{"start":{"line":23,"column":24},"end":{"line":23,"column":41}}]},"2":{"loc":{"start":{"line":34,"column":8},"end":{"line":36,"column":9}},"type":"if","locations":[{"start":{"line":34,"column":8},"end":{"line":36,"column":9}}]},"3":{"loc":{"start":{"line":51,"column":8},"end":{"line":64,"column":9}},"type":"if","locations":[{"start":{"line":51,"column":8},"end":{"line":64,"column":9}}]},"4":{"loc":{"start":{"line":51,"column":12},"end":{"line":51,"column":53}},"type":"binary-expr","locations":[{"start":{"line":51,"column":12},"end":{"line":51,"column":25}},{"start":{"line":51,"column":29},"end":{"line":51,"column":53}}]},"5":{"loc":{"start":{"line":78,"column":8},"end":{"line":80,"column":9}},"type":"if","locations":[{"start":{"line":78,"column":8},"end":{"line":80,"column":9}}]},"6":{"loc":{"start":{"line":83,"column":8},"end":{"line":85,"column":9}},"type":"if","locations":[{"start":{"line":83,"column":8},"end":{"line":85,"column":9}}]},"7":{"loc":{"start":{"line":83,"column":12},"end":{"line":83,"column":53}},"type":"binary-expr","locations":[{"start":{"line":83,"column":12},"end":{"line":83,"column":25}},{"start":{"line":83,"column":29},"end":{"line":83,"column":53}}]},"8":{"loc":{"start":{"line":99,"column":8},"end":{"line":101,"column":9}},"type":"if","locations":[{"start":{"line":99,"column":8},"end":{"line":101,"column":9}}]},"9":{"loc":{"start":{"line":99,"column":12},"end":{"line":99,"column":41}},"type":"binary-expr","locations":[{"start":{"line":99,"column":12},"end":{"line":99,"column":20}},{"start":{"line":99,"column":24},"end":{"line":99,"column":41}}]},"10":{"loc":{"start":{"line":110,"column":8},"end":{"line":112,"column":9}},"type":"if","locations":[{"start":{"line":110,"column":8},"end":{"line":112,"column":9}}]},"11":{"loc":{"start":{"line":114,"column":8},"end":{"line":125,"column":9}},"type":"if","locations":[{"start":{"line":114,"column":8},"end":{"line":125,"column":9}}]},"12":{"loc":{"start":{"line":122,"column":12},"end":{"line":124,"column":13}},"type":"if","locations":[{"start":{"line":122,"column":12},"end":{"line":124,"column":13}}]},"13":{"loc":{"start":{"line":138,"column":24},"end":{"line":138,"column":48}},"type":"cond-expr","locations":[{"start":{"line":138,"column":34},"end":{"line":138,"column":43}},{"start":{"line":138,"column":46},"end":{"line":138,"column":48}}]},"14":{"loc":{"start":{"line":141,"column":21},"end":{"line":141,"column":65}},"type":"cond-expr","locations":[{"start":{"line":141,"column":31},"end":{"line":141,"column":40}},{"start":{"line":141,"column":43},"end":{"line":141,"column":65}}]},"15":{"loc":{"start":{"line":177,"column":8},"end":{"line":179,"column":9}},"type":"if","locations":[{"start":{"line":177,"column":8},"end":{"line":179,"column":9}}]},"16":{"loc":{"start":{"line":177,"column":12},"end":{"line":177,"column":63}},"type":"binary-expr","locations":[{"start":{"line":177,"column":12},"end":{"line":177,"column":20}},{"start":{"line":177,"column":24},"end":{"line":177,"column":41}},{"start":{"line":177,"column":45},"end":{"line":177,"column":63}}]},"17":{"loc":{"start":{"line":181,"column":8},"end":{"line":183,"column":9}},"type":"if","locations":[{"start":{"line":181,"column":8},"end":{"line":183,"column":9}}]},"18":{"loc":{"start":{"line":201,"column":8},"end":{"line":203,"column":9}},"type":"if","locations":[{"start":{"line":201,"column":8},"end":{"line":203,"column":9}}]},"19":{"loc":{"start":{"line":201,"column":12},"end":{"line":201,"column":63}},"type":"binary-expr","locations":[{"start":{"line":201,"column":12},"end":{"line":201,"column":20}},{"start":{"line":201,"column":24},"end":{"line":201,"column":41}},{"start":{"line":201,"column":45},"end":{"line":201,"column":63}}]},"20":{"loc":{"start":{"line":205,"column":8},"end":{"line":207,"column":9}},"type":"if","locations":[{"start":{"line":205,"column":8},"end":{"line":207,"column":9}}]}},"s":{"0":1,"1":1,"2":1,"3":1,"4":1,"5":3,"6":3,"7":1,"8":2,"9":2,"10":0,"11":2,"12":2,"13":2,"14":1,"15":1,"16":1,"17":1,"18":1,"19":0,"20":1,"21":2,"22":2,"23":0,"24":2,"25":1,"26":2,"27":3,"28":3,"29":0,"30":3,"31":3,"32":1,"33":2,"34":1,"35":1,"36":1,"37":1,"38":1,"39":1,"40":2,"41":2,"42":0,"43":2,"44":1,"45":1,"46":1,"47":2,"48":2,"49":0,"50":2,"51":1,"52":1,"53":1,"54":1,"55":1},"f":{"0":3,"1":3,"2":2,"3":2},"b":{"0":[1],"1":[3,2],"2":[0],"3":[1],"4":[2,1],"5":[0],"6":[1],"7":[2,1],"8":[0],"9":[3,3],"10":[1],"11":[1],"12":[1],"13":[0,1],"14":[0,1],"15":[0],"16":[2,2,2],"17":[1],"18":[0],"19":[2,2,2],"20":[1]}}
,"C:\\Users\\Eman\\Desktop\\WORKSY\\src\\services\\conversation.service.ts": {"path":"C:\\Users\\Eman\\Desktop\\WORKSY\\src\\services\\conversation.service.ts","statementMap":{"0":{"start":{"line":1,"column":0},"end":{"line":1,"column":34}},"1":{"start":{"line":2,"column":0},"end":{"line":2,"column":45}},"2":{"start":{"line":3,"column":0},"end":{"line":3,"column":67}},"3":{"start":{"line":8,"column":8},"end":{"line":10,"column":9}},"4":{"start":{"line":9,"column":12},"end":{"line":9,"column":73}},"5":{"start":{"line":12,"column":22},"end":{"line":15,"column":10}},"6":{"start":{"line":17,"column":8},"end":{"line":19,"column":9}},"7":{"start":{"line":18,"column":12},"end":{"line":18,"column":73}},"8":{"start":{"line":21,"column":24},"end":{"line":26,"column":10}},"9":{"start":{"line":28,"column":8},"end":{"line":30,"column":9}},"10":{"start":{"line":29,"column":12},"end":{"line":29,"column":83}},"11":{"start":{"line":32,"column":25},"end":{"line":40,"column":10}},"12":{"start":{"line":42,"column":22},"end":{"line":46,"column":10}},"13":{"start":{"line":43,"column":35},"end":{"line":43,"column":73}},"14":{"start":{"line":43,"column":64},"end":{"line":43,"column":72}},"15":{"start":{"line":44,"column":29},"end":{"line":44,"column":59}},"16":{"start":{"line":45,"column":12},"end":{"line":45,"column":97}},"17":{"start":{"line":45,"column":79},"end":{"line":45,"column":95}},"18":{"start":{"line":48,"column":8},"end":{"line":48,"column":32}},"19":{"start":{"line":48,"column":19},"end":{"line":48,"column":32}},"20":{"start":{"line":50,"column":32},"end":{"line":63,"column":10}},"21":{"start":{"line":65,"column":8},"end":{"line":65,"column":31}},"22":{"start":{"line":68,"column":24},"end":{"line":68,"column":63}},"23":{"start":{"line":70,"column":8},"end":{"line":72,"column":9}},"24":{"start":{"line":71,"column":12},"end":{"line":71,"column":88}},"25":{"start":{"line":74,"column":22},"end":{"line":77,"column":10}},"26":{"start":{"line":79,"column":8},"end":{"line":81,"column":9}},"27":{"start":{"line":80,"column":12},"end":{"line":80,"column":73}},"28":{"start":{"line":83,"column":24},"end":{"line":88,"column":10}},"29":{"start":{"line":90,"column":8},"end":{"line":92,"column":9}},"30":{"start":{"line":91,"column":12},"end":{"line":91,"column":85}},"31":{"start":{"line":94,"column":38},"end":{"line":97,"column":10}},"32":{"start":{"line":99,"column":22},"end":{"line":103,"column":10}},"33":{"start":{"line":100,"column":28},"end":{"line":100,"column":75}},"34":{"start":{"line":100,"column":65},"end":{"line":100,"column":73}},"35":{"start":{"line":101,"column":29},"end":{"line":101,"column":45}},"36":{"start":{"line":102,"column":12},"end":{"line":102,"column":96}},"37":{"start":{"line":102,"column":78},"end":{"line":102,"column":94}},"38":{"start":{"line":105,"column":8},"end":{"line":105,"column":32}},"39":{"start":{"line":105,"column":19},"end":{"line":105,"column":32}},"40":{"start":{"line":107,"column":32},"end":{"line":117,"column":10}},"41":{"start":{"line":112,"column":51},"end":{"line":112,"column":65}},"42":{"start":{"line":119,"column":8},"end":{"line":119,"column":31}},"43":{"start":{"line":122,"column":49},"end":{"line":126,"column":10}},"44":{"start":{"line":128,"column":30},"end":{"line":170,"column":10}},"45":{"start":{"line":172,"column":8},"end":{"line":172,"column":29}},"46":{"start":{"line":6,"column":0},"end":{"line":6,"column":13}},"47":{"start":{"line":179,"column":13},"end":{"line":179,"column":61}}},"fnMap":{"0":{"name":"(anonymous_1)","decl":{"start":{"line":7,"column":4},"end":{"line":7,"column":9}},"loc":{"start":{"line":7,"column":85},"end":{"line":66,"column":5}}},"1":{"name":"(anonymous_2)","decl":{"start":{"line":42,"column":36},"end":{"line":42,"column":37}},"loc":{"start":{"line":42,"column":45},"end":{"line":46,"column":9}}},"2":{"name":"(anonymous_3)","decl":{"start":{"line":43,"column":57},"end":{"line":43,"column":58}},"loc":{"start":{"line":43,"column":64},"end":{"line":43,"column":72}}},"3":{"name":"(anonymous_4)","decl":{"start":{"line":45,"column":71},"end":{"line":45,"column":72}},"loc":{"start":{"line":45,"column":79},"end":{"line":45,"column":95}}},"4":{"name":"(anonymous_5)","decl":{"start":{"line":67,"column":4},"end":{"line":67,"column":9}},"loc":{"start":{"line":67,"column":93},"end":{"line":120,"column":5}}},"5":{"name":"(anonymous_6)","decl":{"start":{"line":99,"column":49},"end":{"line":99,"column":50}},"loc":{"start":{"line":99,"column":58},"end":{"line":103,"column":9}}},"6":{"name":"(anonymous_7)","decl":{"start":{"line":100,"column":58},"end":{"line":100,"column":59}},"loc":{"start":{"line":100,"column":65},"end":{"line":100,"column":73}}},"7":{"name":"(anonymous_8)","decl":{"start":{"line":102,"column":72},"end":{"line":102,"column":74}},"loc":{"start":{"line":102,"column":78},"end":{"line":102,"column":94}}},"8":{"name":"(anonymous_9)","decl":{"start":{"line":112,"column":42},"end":{"line":112,"column":43}},"loc":{"start":{"line":112,"column":51},"end":{"line":112,"column":65}}},"9":{"name":"(anonymous_10)","decl":{"start":{"line":121,"column":4},"end":{"line":121,"column":9}},"loc":{"start":{"line":121,"column":84},"end":{"line":173,"column":5}}}},"branchMap":{"0":{"loc":{"start":{"line":8,"column":8},"end":{"line":10,"column":9}},"type":"if","locations":[{"start":{"line":8,"column":8},"end":{"line":10,"column":9}}]},"1":{"loc":{"start":{"line":17,"column":8},"end":{"line":19,"column":9}},"type":"if","locations":[{"start":{"line":17,"column":8},"end":{"line":19,"column":9}}]},"2":{"loc":{"start":{"line":28,"column":8},"end":{"line":30,"column":9}},"type":"if","locations":[{"start":{"line":28,"column":8},"end":{"line":30,"column":9}}]},"3":{"loc":{"start":{"line":45,"column":19},"end":{"line":45,"column":96}},"type":"binary-expr","locations":[{"start":{"line":45,"column":19},"end":{"line":45,"column":46}},{"start":{"line":45,"column":50},"end":{"line":45,"column":96}}]},"4":{"loc":{"start":{"line":48,"column":8},"end":{"line":48,"column":32}},"type":"if","locations":[{"start":{"line":48,"column":8},"end":{"line":48,"column":32}}]},"5":{"loc":{"start":{"line":70,"column":8},"end":{"line":72,"column":9}},"type":"if","locations":[{"start":{"line":70,"column":8},"end":{"line":72,"column":9}}]},"6":{"loc":{"start":{"line":79,"column":8},"end":{"line":81,"column":9}},"type":"if","locations":[{"start":{"line":79,"column":8},"end":{"line":81,"column":9}}]},"7":{"loc":{"start":{"line":90,"column":8},"end":{"line":92,"column":9}},"type":"if","locations":[{"start":{"line":90,"column":8},"end":{"line":92,"column":9}}]},"8":{"loc":{"start":{"line":102,"column":19},"end":{"line":102,"column":95}},"type":"binary-expr","locations":[{"start":{"line":102,"column":19},"end":{"line":102,"column":49}},{"start":{"line":102,"column":53},"end":{"line":102,"column":95}}]},"9":{"loc":{"start":{"line":105,"column":8},"end":{"line":105,"column":32}},"type":"if","locations":[{"start":{"line":105,"column":8},"end":{"line":105,"column":32}}]},"10":{"loc":{"start":{"line":134,"column":20},"end":{"line":134,"column":33}},"type":"binary-expr","locations":[{"start":{"line":134,"column":20},"end":{"line":134,"column":27}},{"start":{"line":134,"column":31},"end":{"line":134,"column":33}}]},"11":{"loc":{"start":{"line":135,"column":20},"end":{"line":148,"column":24}},"type":"cond-expr","locations":[{"start":{"line":136,"column":22},"end":{"line":147,"column":null}},{"start":{"line":148,"column":22},"end":{"line":148,"column":24}}]},"12":{"loc":{"start":{"line":167,"column":21},"end":{"line":167,"column":55}},"type":"binary-expr","locations":[{"start":{"line":167,"column":21},"end":{"line":167,"column":28}},{"start":{"line":167,"column":32},"end":{"line":167,"column":55}}]}},"s":{"0":1,"1":1,"2":1,"3":5,"4":1,"5":4,"6":4,"7":1,"8":3,"9":3,"10":1,"11":2,"12":2,"13":1,"14":2,"15":1,"16":1,"17":2,"18":2,"19":1,"20":1,"21":1,"22":5,"23":5,"24":1,"25":4,"26":4,"27":1,"28":3,"29":3,"30":1,"31":2,"32":2,"33":1,"34":3,"35":1,"36":1,"37":3,"38":2,"39":1,"40":1,"41":3,"42":1,"43":2,"44":2,"45":2,"46":1,"47":1},"f":{"0":5,"1":1,"2":2,"3":2,"4":5,"5":1,"6":3,"7":3,"8":3,"9":2},"b":{"0":[1],"1":[1],"2":[1],"3":[1,1],"4":[1],"5":[1],"6":[1],"7":[1],"8":[1,1],"9":[1],"10":[2,2],"11":[1,1],"12":[2,2]}}
,"C:\\Users\\Eman\\Desktop\\WORKSY\\src\\services\\dm.service.ts": {"path":"C:\\Users\\Eman\\Desktop\\WORKSY\\src\\services\\dm.service.ts","statementMap":{"0":{"start":{"line":1,"column":0},"end":{"line":1,"column":34}},"1":{"start":{"line":2,"column":0},"end":{"line":2,"column":45}},"2":{"start":{"line":3,"column":0},"end":{"line":3,"column":67}},"3":{"start":{"line":4,"column":0},"end":{"line":4,"column":51}},"4":{"start":{"line":5,"column":0},"end":{"line":5,"column":45}},"5":{"start":{"line":12,"column":29},"end":{"line":22,"column":10}},"6":{"start":{"line":24,"column":8},"end":{"line":26,"column":9}},"7":{"start":{"line":25,"column":12},"end":{"line":25,"column":63}},"8":{"start":{"line":28,"column":30},"end":{"line":28,"column":86}},"9":{"start":{"line":28,"column":66},"end":{"line":28,"column":85}},"10":{"start":{"line":29,"column":8},"end":{"line":31,"column":9}},"11":{"start":{"line":30,"column":12},"end":{"line":30,"column":88}},"12":{"start":{"line":33,"column":25},"end":{"line":38,"column":10}},"13":{"start":{"line":40,"column":8},"end":{"line":42,"column":9}},"14":{"start":{"line":41,"column":12},"end":{"line":41,"column":72}},"15":{"start":{"line":44,"column":24},"end":{"line":50,"column":10}},"16":{"start":{"line":53,"column":8},"end":{"line":55,"column":9}},"17":{"start":{"line":54,"column":12},"end":{"line":54,"column":103}},"18":{"start":{"line":57,"column":8},"end":{"line":70,"column":9}},"19":{"start":{"line":58,"column":40},"end":{"line":58,"column":42}},"20":{"start":{"line":59,"column":12},"end":{"line":66,"column":13}},"21":{"start":{"line":60,"column":16},"end":{"line":65,"column":17}},"22":{"start":{"line":61,"column":39},"end":{"line":61,"column":93}},"23":{"start":{"line":62,"column":20},"end":{"line":62,"column":57}},"24":{"start":{"line":64,"column":20},"end":{"line":64,"column":120}},"25":{"start":{"line":69,"column":13},"end":{"line":69,"column":57}},"26":{"start":{"line":73,"column":36},"end":{"line":82,"column":10}},"27":{"start":{"line":84,"column":8},"end":{"line":86,"column":9}},"28":{"start":{"line":85,"column":12},"end":{"line":85,"column":73}},"29":{"start":{"line":89,"column":8},"end":{"line":91,"column":9}},"30":{"start":{"line":90,"column":13},"end":{"line":90,"column":72}},"31":{"start":{"line":93,"column":8},"end":{"line":93,"column":35}},"32":{"start":{"line":97,"column":29},"end":{"line":103,"column":10}},"33":{"start":{"line":105,"column":8},"end":{"line":107,"column":9}},"34":{"start":{"line":106,"column":12},"end":{"line":106,"column":63}},"35":{"start":{"line":109,"column":30},"end":{"line":109,"column":86}},"36":{"start":{"line":109,"column":66},"end":{"line":109,"column":85}},"37":{"start":{"line":110,"column":8},"end":{"line":112,"column":9}},"38":{"start":{"line":111,"column":12},"end":{"line":111,"column":88}},"39":{"start":{"line":114,"column":25},"end":{"line":119,"column":10}},"40":{"start":{"line":121,"column":8},"end":{"line":123,"column":9}},"41":{"start":{"line":122,"column":12},"end":{"line":122,"column":72}},"42":{"start":{"line":125,"column":49},"end":{"line":129,"column":10}},"43":{"start":{"line":131,"column":25},"end":{"line":160,"column":10}},"44":{"start":{"line":162,"column":8},"end":{"line":162,"column":24}},"45":{"start":{"line":167,"column":24},"end":{"line":169,"column":10}},"46":{"start":{"line":171,"column":8},"end":{"line":173,"column":9}},"47":{"start":{"line":172,"column":12},"end":{"line":172,"column":69}},"48":{"start":{"line":175,"column":8},"end":{"line":177,"column":9}},"49":{"start":{"line":176,"column":12},"end":{"line":176,"column":77}},"50":{"start":{"line":179,"column":24},"end":{"line":185,"column":10}},"51":{"start":{"line":187,"column":8},"end":{"line":187,"column":23}},"52":{"start":{"line":190,"column":24},"end":{"line":192,"column":10}},"53":{"start":{"line":194,"column":8},"end":{"line":196,"column":9}},"54":{"start":{"line":195,"column":12},"end":{"line":195,"column":77}},"55":{"start":{"line":198,"column":8},"end":{"line":200,"column":9}},"56":{"start":{"line":199,"column":12},"end":{"line":199,"column":79}},"57":{"start":{"line":202,"column":24},"end":{"line":207,"column":10}},"58":{"start":{"line":209,"column":8},"end":{"line":213,"column":10}},"59":{"start":{"line":9,"column":0},"end":{"line":9,"column":13}},"60":{"start":{"line":218,"column":13},"end":{"line":218,"column":41}}},"fnMap":{"0":{"name":"(anonymous_1)","decl":{"start":{"line":11,"column":4},"end":{"line":11,"column":9}},"loc":{"start":{"line":11,"column":118},"end":{"line":94,"column":5}}},"1":{"name":"(anonymous_2)","decl":{"start":{"line":28,"column":61},"end":{"line":28,"column":62}},"loc":{"start":{"line":28,"column":66},"end":{"line":28,"column":85}}},"2":{"name":"(anonymous_3)","decl":{"start":{"line":96,"column":4},"end":{"line":96,"column":9}},"loc":{"start":{"line":96,"column":85},"end":{"line":163,"column":5}}},"3":{"name":"(anonymous_4)","decl":{"start":{"line":109,"column":61},"end":{"line":109,"column":62}},"loc":{"start":{"line":109,"column":66},"end":{"line":109,"column":85}}},"4":{"name":"(anonymous_5)","decl":{"start":{"line":165,"column":4},"end":{"line":165,"column":9}},"loc":{"start":{"line":165,"column":77},"end":{"line":188,"column":5}}},"5":{"name":"(anonymous_6)","decl":{"start":{"line":189,"column":4},"end":{"line":189,"column":9}},"loc":{"start":{"line":189,"column":59},"end":{"line":214,"column":5}}}},"branchMap":{"0":{"loc":{"start":{"line":24,"column":8},"end":{"line":26,"column":9}},"type":"if","locations":[{"start":{"line":24,"column":8},"end":{"line":26,"column":9}}]},"1":{"loc":{"start":{"line":29,"column":8},"end":{"line":31,"column":9}},"type":"if","locations":[{"start":{"line":29,"column":8},"end":{"line":31,"column":9}}]},"2":{"loc":{"start":{"line":40,"column":8},"end":{"line":42,"column":9}},"type":"if","locations":[{"start":{"line":40,"column":8},"end":{"line":42,"column":9}}]},"3":{"loc":{"start":{"line":53,"column":8},"end":{"line":55,"column":9}},"type":"if","locations":[{"start":{"line":53,"column":8},"end":{"line":55,"column":9}}]},"4":{"loc":{"start":{"line":57,"column":8},"end":{"line":70,"column":9}},"type":"if","locations":[{"start":{"line":57,"column":8},"end":{"line":70,"column":9}}]},"5":{"loc":{"start":{"line":57,"column":12},"end":{"line":57,"column":53}},"type":"binary-expr","locations":[{"start":{"line":57,"column":12},"end":{"line":57,"column":25}},{"start":{"line":57,"column":29},"end":{"line":57,"column":53}}]},"6":{"loc":{"start":{"line":84,"column":8},"end":{"line":86,"column":9}},"type":"if","locations":[{"start":{"line":84,"column":8},"end":{"line":86,"column":9}}]},"7":{"loc":{"start":{"line":89,"column":8},"end":{"line":91,"column":9}},"type":"if","locations":[{"start":{"line":89,"column":8},"end":{"line":91,"column":9}}]},"8":{"loc":{"start":{"line":89,"column":12},"end":{"line":89,"column":53}},"type":"binary-expr","locations":[{"start":{"line":89,"column":12},"end":{"line":89,"column":25}},{"start":{"line":89,"column":29},"end":{"line":89,"column":53}}]},"9":{"loc":{"start":{"line":105,"column":8},"end":{"line":107,"column":9}},"type":"if","locations":[{"start":{"line":105,"column":8},"end":{"line":107,"column":9}}]},"10":{"loc":{"start":{"line":110,"column":8},"end":{"line":112,"column":9}},"type":"if","locations":[{"start":{"line":110,"column":8},"end":{"line":112,"column":9}}]},"11":{"loc":{"start":{"line":121,"column":8},"end":{"line":123,"column":9}},"type":"if","locations":[{"start":{"line":121,"column":8},"end":{"line":123,"column":9}}]},"12":{"loc":{"start":{"line":134,"column":20},"end":{"line":134,"column":33}},"type":"binary-expr","locations":[{"start":{"line":134,"column":20},"end":{"line":134,"column":27}},{"start":{"line":134,"column":31},"end":{"line":134,"column":33}}]},"13":{"loc":{"start":{"line":136,"column":21},"end":{"line":136,"column":52}},"type":"binary-expr","locations":[{"start":{"line":136,"column":21},"end":{"line":136,"column":28}},{"start":{"line":136,"column":32},"end":{"line":136,"column":52}}]},"14":{"loc":{"start":{"line":171,"column":8},"end":{"line":173,"column":9}},"type":"if","locations":[{"start":{"line":171,"column":8},"end":{"line":173,"column":9}}]},"15":{"loc":{"start":{"line":171,"column":12},"end":{"line":171,"column":41}},"type":"binary-expr","locations":[{"start":{"line":171,"column":12},"end":{"line":171,"column":20}},{"start":{"line":171,"column":24},"end":{"line":171,"column":41}}]},"16":{"loc":{"start":{"line":175,"column":8},"end":{"line":177,"column":9}},"type":"if","locations":[{"start":{"line":175,"column":8},"end":{"line":177,"column":9}}]},"17":{"loc":{"start":{"line":194,"column":8},"end":{"line":196,"column":9}},"type":"if","locations":[{"start":{"line":194,"column":8},"end":{"line":196,"column":9}}]},"18":{"loc":{"start":{"line":194,"column":12},"end":{"line":194,"column":41}},"type":"binary-expr","locations":[{"start":{"line":194,"column":12},"end":{"line":194,"column":20}},{"start":{"line":194,"column":24},"end":{"line":194,"column":41}}]},"19":{"loc":{"start":{"line":198,"column":8},"end":{"line":200,"column":9}},"type":"if","locations":[{"start":{"line":198,"column":8},"end":{"line":200,"column":9}}]}},"s":{"0":1,"1":1,"2":1,"3":1,"4":1,"5":4,"6":4,"7":1,"8":3,"9":3,"10":3,"11":1,"12":2,"13":2,"14":0,"15":2,"16":2,"17":1,"18":2,"19":1,"20":1,"21":1,"22":1,"23":1,"24":0,"25":1,"26":2,"27":2,"28":0,"29":2,"30":1,"31":2,"32":2,"33":2,"34":1,"35":1,"36":1,"37":1,"38":0,"39":1,"40":1,"41":0,"42":1,"43":1,"44":1,"45":3,"46":3,"47":1,"48":2,"49":1,"50":1,"51":1,"52":3,"53":3,"54":1,"55":2,"56":1,"57":1,"58":1,"59":1,"60":1},"f":{"0":4,"1":3,"2":2,"3":1,"4":3,"5":3},"b":{"0":[1],"1":[1],"2":[0],"3":[1],"4":[1],"5":[2,1],"6":[0],"7":[1],"8":[2,1],"9":[1],"10":[0],"11":[0],"12":[1,1],"13":[1,1],"14":[1],"15":[3,2],"16":[1],"17":[1],"18":[3,2],"19":[1]}}
,"C:\\Users\\Eman\\Desktop\\WORKSY\\src\\services\\file.service.ts": {"path":"C:\\Users\\Eman\\Desktop\\WORKSY\\src\\services\\file.service.ts","statementMap":{"0":{"start":{"line":1,"column":0},"end":{"line":1,"column":34}},"1":{"start":{"line":2,"column":0},"end":{"line":2,"column":45}},"2":{"start":{"line":3,"column":0},"end":{"line":3,"column":28}},"3":{"start":{"line":4,"column":0},"end":{"line":4,"column":82}},"4":{"start":{"line":6,"column":0},"end":{"line":6,"column":16}},"5":{"start":{"line":9,"column":0},"end":{"line":14,"column":3}},"6":{"start":{"line":20,"column":21},"end":{"line":22,"column":10}},"7":{"start":{"line":23,"column":8},"end":{"line":25,"column":9}},"8":{"start":{"line":24,"column":12},"end":{"line":24,"column":79}},"9":{"start":{"line":27,"column":53},"end":{"line":27,"column":62}},"10":{"start":{"line":29,"column":8},"end":{"line":52,"column":9}},"11":{"start":{"line":30,"column":12},"end":{"line":30,"column":100}},"12":{"start":{"line":31,"column":12},"end":{"line":49,"column":13}},"13":{"start":{"line":32,"column":38},"end":{"line":34,"column":18}},"14":{"start":{"line":35,"column":16},"end":{"line":35,"column":109}},"15":{"start":{"line":37,"column":16},"end":{"line":40,"column":17}},"16":{"start":{"line":38,"column":20},"end":{"line":38,"column":138}},"17":{"start":{"line":39,"column":20},"end":{"line":39,"column":99}},"18":{"start":{"line":41,"column":16},"end":{"line":41,"column":47}},"19":{"start":{"line":42,"column":16},"end":{"line":42,"column":123}},"20":{"start":{"line":44,"column":16},"end":{"line":46,"column":17}},"21":{"start":{"line":45,"column":20},"end":{"line":45,"column":42}},"22":{"start":{"line":47,"column":16},"end":{"line":47,"column":114}},"23":{"start":{"line":48,"column":16},"end":{"line":48,"column":101}},"24":{"start":{"line":51,"column":12},"end":{"line":51,"column":171}},"25":{"start":{"line":54,"column":8},"end":{"line":88,"column":9}},"26":{"start":{"line":56,"column":31},"end":{"line":56,"column":95}},"27":{"start":{"line":59,"column":52},"end":{"line":64,"column":14}},"28":{"start":{"line":66,"column":12},"end":{"line":66,"column":86}},"29":{"start":{"line":67,"column":27},"end":{"line":67,"column":86}},"30":{"start":{"line":68,"column":12},"end":{"line":68,"column":106}},"31":{"start":{"line":70,"column":12},"end":{"line":70,"column":120}},"32":{"start":{"line":71,"column":28},"end":{"line":81,"column":14}},"33":{"start":{"line":82,"column":12},"end":{"line":82,"column":98}},"34":{"start":{"line":84,"column":12},"end":{"line":84,"column":27}},"35":{"start":{"line":86,"column":12},"end":{"line":86,"column":122}},"36":{"start":{"line":87,"column":12},"end":{"line":87,"column":24}},"37":{"start":{"line":93,"column":21},"end":{"line":103,"column":10}},"38":{"start":{"line":105,"column":8},"end":{"line":107,"column":9}},"39":{"start":{"line":106,"column":12},"end":{"line":106,"column":70}},"40":{"start":{"line":110,"column":27},"end":{"line":110,"column":32}},"41":{"start":{"line":112,"column":8},"end":{"line":131,"column":9}},"42":{"start":{"line":113,"column":12},"end":{"line":113,"column":32}},"43":{"start":{"line":114,"column":15},"end":{"line":131,"column":9}},"44":{"start":{"line":115,"column":28},"end":{"line":118,"column":14}},"45":{"start":{"line":120,"column":12},"end":{"line":130,"column":13}},"46":{"start":{"line":121,"column":38},"end":{"line":123,"column":18}},"47":{"start":{"line":124,"column":16},"end":{"line":124,"column":55}},"48":{"start":{"line":124,"column":35},"end":{"line":124,"column":55}},"49":{"start":{"line":125,"column":19},"end":{"line":130,"column":13}},"50":{"start":{"line":126,"column":33},"end":{"line":128,"column":18}},"51":{"start":{"line":129,"column":16},"end":{"line":129,"column":50}},"52":{"start":{"line":129,"column":30},"end":{"line":129,"column":50}},"53":{"start":{"line":134,"column":8},"end":{"line":136,"column":9}},"54":{"start":{"line":135,"column":12},"end":{"line":135,"column":88}},"55":{"start":{"line":137,"column":8},"end":{"line":137,"column":20}},"56":{"start":{"line":141,"column":21},"end":{"line":141,"column":63}},"57":{"start":{"line":144,"column":8},"end":{"line":146,"column":9}},"58":{"start":{"line":145,"column":12},"end":{"line":145,"column":88}},"59":{"start":{"line":148,"column":8},"end":{"line":161,"column":9}},"60":{"start":{"line":150,"column":12},"end":{"line":150,"column":57}},"61":{"start":{"line":152,"column":32},"end":{"line":155,"column":14}},"62":{"start":{"line":157,"column":12},"end":{"line":157,"column":31}},"63":{"start":{"line":159,"column":12},"end":{"line":159,"column":73}},"64":{"start":{"line":160,"column":12},"end":{"line":160,"column":79}},"65":{"start":{"line":16,"column":0},"end":{"line":16,"column":13}},"66":{"start":{"line":165,"column":13},"end":{"line":165,"column":45}}},"fnMap":{"0":{"name":"(anonymous_1)","decl":{"start":{"line":19,"column":4},"end":{"line":19,"column":9}},"loc":{"start":{"line":19,"column":88},"end":{"line":89,"column":5}}},"1":{"name":"(anonymous_2)","decl":{"start":{"line":92,"column":4},"end":{"line":92,"column":9}},"loc":{"start":{"line":92,"column":56},"end":{"line":138,"column":5}}},"2":{"name":"(anonymous_3)","decl":{"start":{"line":140,"column":4},"end":{"line":140,"column":9}},"loc":{"start":{"line":140,"column":51},"end":{"line":162,"column":5}}}},"branchMap":{"0":{"loc":{"start":{"line":23,"column":8},"end":{"line":25,"column":9}},"type":"if","locations":[{"start":{"line":23,"column":8},"end":{"line":25,"column":9}}]},"1":{"loc":{"start":{"line":29,"column":8},"end":{"line":52,"column":9}},"type":"if","locations":[{"start":{"line":29,"column":8},"end":{"line":52,"column":9}},{"start":{"line":50,"column":15},"end":{"line":52,"column":9}}]},"2":{"loc":{"start":{"line":29,"column":12},"end":{"line":29,"column":81}},"type":"binary-expr","locations":[{"start":{"line":29,"column":12},"end":{"line":29,"column":21}},{"start":{"line":29,"column":25},"end":{"line":29,"column":54}},{"start":{"line":29,"column":58},"end":{"line":29,"column":81}}]},"3":{"loc":{"start":{"line":37,"column":16},"end":{"line":40,"column":17}},"type":"if","locations":[{"start":{"line":37,"column":16},"end":{"line":40,"column":17}}]},"4":{"loc":{"start":{"line":44,"column":16},"end":{"line":46,"column":17}},"type":"if","locations":[{"start":{"line":44,"column":16},"end":{"line":46,"column":17}}]},"5":{"loc":{"start":{"line":105,"column":8},"end":{"line":107,"column":9}},"type":"if","locations":[{"start":{"line":105,"column":8},"end":{"line":107,"column":9}}]},"6":{"loc":{"start":{"line":112,"column":8},"end":{"line":131,"column":9}},"type":"if","locations":[{"start":{"line":112,"column":8},"end":{"line":131,"column":9}},{"start":{"line":114,"column":15},"end":{"line":131,"column":9}}]},"7":{"loc":{"start":{"line":114,"column":15},"end":{"line":131,"column":9}},"type":"if","locations":[{"start":{"line":114,"column":15},"end":{"line":131,"column":9}}]},"8":{"loc":{"start":{"line":120,"column":12},"end":{"line":130,"column":13}},"type":"if","locations":[{"start":{"line":120,"column":12},"end":{"line":130,"column":13}},{"start":{"line":125,"column":19},"end":{"line":130,"column":13}}]},"9":{"loc":{"start":{"line":124,"column":16},"end":{"line":124,"column":55}},"type":"if","locations":[{"start":{"line":124,"column":16},"end":{"line":124,"column":55}}]},"10":{"loc":{"start":{"line":125,"column":19},"end":{"line":130,"column":13}},"type":"if","locations":[{"start":{"line":125,"column":19},"end":{"line":130,"column":13}}]},"11":{"loc":{"start":{"line":129,"column":16},"end":{"line":129,"column":50}},"type":"if","locations":[{"start":{"line":129,"column":16},"end":{"line":129,"column":50}}]},"12":{"loc":{"start":{"line":134,"column":8},"end":{"line":136,"column":9}},"type":"if","locations":[{"start":{"line":134,"column":8},"end":{"line":136,"column":9}}]},"13":{"loc":{"start":{"line":144,"column":8},"end":{"line":146,"column":9}},"type":"if","locations":[{"start":{"line":144,"column":8},"end":{"line":146,"column":9}}]}},"s":{"0":1,"1":1,"2":1,"3":1,"4":1,"5":1,"6":3,"7":3,"8":1,"9":2,"10":2,"11":2,"12":2,"13":2,"14":2,"15":2,"16":1,"17":1,"18":1,"19":1,"20":1,"21":1,"22":0,"23":0,"24":0,"25":1,"26":1,"27":1,"28":1,"29":1,"30":1,"31":1,"32":1,"33":1,"34":1,"35":0,"36":0,"37":3,"38":3,"39":1,"40":2,"41":2,"42":1,"43":1,"44":1,"45":1,"46":1,"47":1,"48":1,"49":0,"50":0,"51":0,"52":0,"53":2,"54":0,"55":2,"56":2,"57":2,"58":1,"59":1,"60":1,"61":1,"62":1,"63":0,"64":0,"65":1,"66":1},"f":{"0":3,"1":3,"2":2},"b":{"0":[1],"1":[2,0],"2":[2,2,2],"3":[1],"4":[1],"5":[1],"6":[1,1],"7":[1],"8":[1,0],"9":[1],"10":[0],"11":[0],"12":[0],"13":[1]}}
,"C:\\Users\\Eman\\Desktop\\WORKSY\\src\\services\\invite.service.ts": {"path":"C:\\Users\\Eman\\Desktop\\WORKSY\\src\\services\\invite.service.ts","statementMap":{"0":{"start":{"line":1,"column":0},"end":{"line":1,"column":47}},"1":{"start":{"line":2,"column":0},"end":{"line":2,"column":34}},"2":{"start":{"line":4,"column":0},"end":{"line":4,"column":63}},"3":{"start":{"line":6,"column":0},"end":{"line":6,"column":36}},"4":{"start":{"line":15,"column":27},"end":{"line":22,"column":6}},"5":{"start":{"line":23,"column":4},"end":{"line":25,"column":5}},"6":{"start":{"line":24,"column":6},"end":{"line":24,"column":102}},"7":{"start":{"line":27,"column":25},"end":{"line":29,"column":6}},"8":{"start":{"line":31,"column":4},"end":{"line":44,"column":5}},"9":{"start":{"line":32,"column":30},"end":{"line":40,"column":8}},"10":{"start":{"line":41,"column":6},"end":{"line":43,"column":7}},"11":{"start":{"line":42,"column":8},"end":{"line":42,"column":92}},"12":{"start":{"line":45,"column":20},"end":{"line":48,"column":6}},"13":{"start":{"line":49,"column":4},"end":{"line":51,"column":5}},"14":{"start":{"line":50,"column":6},"end":{"line":50,"column":51}},"15":{"start":{"line":53,"column":22},"end":{"line":56,"column":6}},"16":{"start":{"line":58,"column":4},"end":{"line":60,"column":5}},"17":{"start":{"line":59,"column":6},"end":{"line":59,"column":53}},"18":{"start":{"line":62,"column":18},"end":{"line":62,"column":26}},"19":{"start":{"line":64,"column":22},"end":{"line":64,"column":32}},"20":{"start":{"line":65,"column":4},"end":{"line":65,"column":47}},"21":{"start":{"line":67,"column":19},"end":{"line":77,"column":6}},"22":{"start":{"line":78,"column":4},"end":{"line":83,"column":6}},"23":{"start":{"line":84,"column":4},"end":{"line":84,"column":18}},"24":{"start":{"line":88,"column":19},"end":{"line":93,"column":6}},"25":{"start":{"line":95,"column":4},"end":{"line":97,"column":5}},"26":{"start":{"line":96,"column":6},"end":{"line":96,"column":71}},"27":{"start":{"line":99,"column":4},"end":{"line":107,"column":5}},"28":{"start":{"line":100,"column":6},"end":{"line":105,"column":7}},"29":{"start":{"line":101,"column":8},"end":{"line":104,"column":11}},"30":{"start":{"line":106,"column":6},"end":{"line":106,"column":86}},"31":{"start":{"line":109,"column":4},"end":{"line":115,"column":5}},"32":{"start":{"line":110,"column":6},"end":{"line":113,"column":9}},"33":{"start":{"line":114,"column":6},"end":{"line":114,"column":55}},"34":{"start":{"line":117,"column":23},"end":{"line":120,"column":6}},"35":{"start":{"line":122,"column":4},"end":{"line":124,"column":5}},"36":{"start":{"line":123,"column":6},"end":{"line":123,"column":82}},"37":{"start":{"line":126,"column":4},"end":{"line":128,"column":5}},"38":{"start":{"line":127,"column":6},"end":{"line":127,"column":96}},"39":{"start":{"line":130,"column":21},"end":{"line":138,"column":6}},"40":{"start":{"line":139,"column":4},"end":{"line":141,"column":5}},"41":{"start":{"line":140,"column":6},"end":{"line":140,"column":87}},"42":{"start":{"line":143,"column":4},"end":{"line":149,"column":7}},"43":{"start":{"line":151,"column":4},"end":{"line":157,"column":7}},"44":{"start":{"line":158,"column":4},"end":{"line":158,"column":11}},"45":{"start":{"line":8,"column":0},"end":{"line":8,"column":13}},"46":{"start":{"line":162,"column":13},"end":{"line":162,"column":49}}},"fnMap":{"0":{"name":"(anonymous_1)","decl":{"start":{"line":10,"column":2},"end":{"line":10,"column":7}},"loc":{"start":{"line":13,"column":23},"end":{"line":85,"column":3}}},"1":{"name":"(anonymous_2)","decl":{"start":{"line":87,"column":2},"end":{"line":87,"column":7}},"loc":{"start":{"line":87,"column":50},"end":{"line":159,"column":3}}}},"branchMap":{"0":{"loc":{"start":{"line":23,"column":4},"end":{"line":25,"column":5}},"type":"if","locations":[{"start":{"line":23,"column":4},"end":{"line":25,"column":5}}]},"1":{"loc":{"start":{"line":31,"column":4},"end":{"line":44,"column":5}},"type":"if","locations":[{"start":{"line":31,"column":4},"end":{"line":44,"column":5}}]},"2":{"loc":{"start":{"line":41,"column":6},"end":{"line":43,"column":7}},"type":"if","locations":[{"start":{"line":41,"column":6},"end":{"line":43,"column":7}}]},"3":{"loc":{"start":{"line":49,"column":4},"end":{"line":51,"column":5}},"type":"if","locations":[{"start":{"line":49,"column":4},"end":{"line":51,"column":5}}]},"4":{"loc":{"start":{"line":58,"column":4},"end":{"line":60,"column":5}},"type":"if","locations":[{"start":{"line":58,"column":4},"end":{"line":60,"column":5}}]},"5":{"loc":{"start":{"line":73,"column":14},"end":{"line":73,"column":41}},"type":"binary-expr","locations":[{"start":{"line":73,"column":14},"end":{"line":73,"column":29}},{"start":{"line":73,"column":33},"end":{"line":73,"column":41}}]},"6":{"loc":{"start":{"line":95,"column":4},"end":{"line":97,"column":5}},"type":"if","locations":[{"start":{"line":95,"column":4},"end":{"line":97,"column":5}}]},"7":{"loc":{"start":{"line":99,"column":4},"end":{"line":107,"column":5}},"type":"if","locations":[{"start":{"line":99,"column":4},"end":{"line":107,"column":5}}]},"8":{"loc":{"start":{"line":100,"column":6},"end":{"line":105,"column":7}},"type":"if","locations":[{"start":{"line":100,"column":6},"end":{"line":105,"column":7}}]},"9":{"loc":{"start":{"line":100,"column":10},"end":{"line":100,"column":70}},"type":"binary-expr","locations":[{"start":{"line":100,"column":10},"end":{"line":100,"column":39}},{"start":{"line":100,"column":43},"end":{"line":100,"column":70}}]},"10":{"loc":{"start":{"line":109,"column":4},"end":{"line":115,"column":5}},"type":"if","locations":[{"start":{"line":109,"column":4},"end":{"line":115,"column":5}}]},"11":{"loc":{"start":{"line":122,"column":4},"end":{"line":124,"column":5}},"type":"if","locations":[{"start":{"line":122,"column":4},"end":{"line":124,"column":5}}]},"12":{"loc":{"start":{"line":126,"column":4},"end":{"line":128,"column":5}},"type":"if","locations":[{"start":{"line":126,"column":4},"end":{"line":128,"column":5}}]},"13":{"loc":{"start":{"line":139,"column":4},"end":{"line":141,"column":5}},"type":"if","locations":[{"start":{"line":139,"column":4},"end":{"line":141,"column":5}}]}},"s":{"0":1,"1":1,"2":1,"3":1,"4":4,"5":4,"6":1,"7":3,"8":3,"9":0,"10":0,"11":0,"12":3,"13":3,"14":1,"15":2,"16":2,"17":1,"18":1,"19":1,"20":1,"21":1,"22":1,"23":1,"24":7,"25":7,"26":1,"27":6,"28":1,"29":1,"30":1,"31":5,"32":1,"33":1,"34":4,"35":4,"36":1,"37":3,"38":1,"39":2,"40":2,"41":1,"42":1,"43":1,"44":1,"45":1,"46":1},"f":{"0":4,"1":7},"b":{"0":[1],"1":[0],"2":[0],"3":[1],"4":[1],"5":[1,0],"6":[1],"7":[1],"8":[1],"9":[1,1],"10":[1],"11":[1],"12":[1],"13":[1]}}
,"C:\\Users\\Eman\\Desktop\\WORKSY\\src\\services\\meeting.service.ts": {"path":"C:\\Users\\Eman\\Desktop\\WORKSY\\src\\services\\meeting.service.ts","statementMap":{"0":{"start":{"line":1,"column":0},"end":{"line":1,"column":34}},"1":{"start":{"line":2,"column":0},"end":{"line":2,"column":45}},"2":{"start":{"line":4,"column":0},"end":{"line":4,"column":36}},"3":{"start":{"line":5,"column":0},"end":{"line":5,"column":28}},"4":{"start":{"line":7,"column":0},"end":{"line":7,"column":16}},"5":{"start":{"line":10,"column":21},"end":{"line":13,"column":null}},"6":{"start":{"line":18,"column":23},"end":{"line":22,"column":10}},"7":{"start":{"line":24,"column":24},"end":{"line":29,"column":10}},"8":{"start":{"line":30,"column":8},"end":{"line":30,"column":23}},"9":{"start":{"line":34,"column":27},"end":{"line":34,"column":60}},"10":{"start":{"line":35,"column":8},"end":{"line":35,"column":44}},"11":{"start":{"line":37,"column":21},"end":{"line":37,"column":73}},"12":{"start":{"line":38,"column":24},"end":{"line":41,"column":10}},"13":{"start":{"line":42,"column":26},"end":{"line":42,"column":65}},"14":{"start":{"line":44,"column":8},"end":{"line":46,"column":9}},"15":{"start":{"line":45,"column":12},"end":{"line":45,"column":92}},"16":{"start":{"line":48,"column":28},"end":{"line":54,"column":10}},"17":{"start":{"line":56,"column":8},"end":{"line":56,"column":86}},"18":{"start":{"line":60,"column":21},"end":{"line":63,"column":10}},"19":{"start":{"line":65,"column":8},"end":{"line":67,"column":9}},"20":{"start":{"line":66,"column":12},"end":{"line":66,"column":130}},"21":{"start":{"line":69,"column":8},"end":{"line":69,"column":80}},"22":{"start":{"line":70,"column":32},"end":{"line":70,"column":71}},"23":{"start":{"line":72,"column":8},"end":{"line":75,"column":11}},"24":{"start":{"line":77,"column":8},"end":{"line":79,"column":9}},"25":{"start":{"line":78,"column":12},"end":{"line":78,"column":78}},"26":{"start":{"line":80,"column":8},"end":{"line":80,"column":40}},"27":{"start":{"line":84,"column":21},"end":{"line":87,"column":10}},"28":{"start":{"line":89,"column":8},"end":{"line":98,"column":9}},"29":{"start":{"line":90,"column":12},"end":{"line":95,"column":13}},"30":{"start":{"line":91,"column":39},"end":{"line":91,"column":82}},"31":{"start":{"line":92,"column":16},"end":{"line":92,"column":118}},"32":{"start":{"line":94,"column":16},"end":{"line":94,"column":115}},"33":{"start":{"line":97,"column":12},"end":{"line":97,"column":122}},"34":{"start":{"line":100,"column":8},"end":{"line":100,"column":70}},"35":{"start":{"line":104,"column":24},"end":{"line":106,"column":10}},"36":{"start":{"line":107,"column":8},"end":{"line":109,"column":9}},"37":{"start":{"line":108,"column":12},"end":{"line":108,"column":73}},"38":{"start":{"line":111,"column":26},"end":{"line":114,"column":10}},"39":{"start":{"line":115,"column":8},"end":{"line":117,"column":9}},"40":{"start":{"line":116,"column":12},"end":{"line":116,"column":75}},"41":{"start":{"line":119,"column":32},"end":{"line":124,"column":10}},"42":{"start":{"line":125,"column":8},"end":{"line":127,"column":9}},"43":{"start":{"line":126,"column":12},"end":{"line":126,"column":100}},"44":{"start":{"line":129,"column":27},"end":{"line":139,"column":10}},"45":{"start":{"line":142,"column":8},"end":{"line":211,"column":9}},"46":{"start":{"line":143,"column":12},"end":{"line":210,"column":13}},"47":{"start":{"line":144,"column":33},"end":{"line":144,"column":80}},"48":{"start":{"line":146,"column":39},"end":{"line":159,"column":18}},"49":{"start":{"line":161,"column":34},"end":{"line":164,"column":53}},"50":{"start":{"line":162,"column":35},"end":{"line":162,"column":53}},"51":{"start":{"line":163,"column":56},"end":{"line":163,"column":93}},"52":{"start":{"line":164,"column":35},"end":{"line":164,"column":51}},"53":{"start":{"line":166,"column":30},"end":{"line":187,"column":18}},"54":{"start":{"line":189,"column":33},"end":{"line":194,"column":18}},"55":{"start":{"line":196,"column":16},"end":{"line":203,"column":19}},"56":{"start":{"line":205,"column":16},"end":{"line":205,"column":191}},"57":{"start":{"line":208,"column":16},"end":{"line":208,"column":117}},"58":{"start":{"line":209,"column":16},"end":{"line":209,"column":34}},"59":{"start":{"line":213,"column":8},"end":{"line":213,"column":26}},"60":{"start":{"line":217,"column":24},"end":{"line":219,"column":10}},"61":{"start":{"line":220,"column":8},"end":{"line":222,"column":9}},"62":{"start":{"line":221,"column":12},"end":{"line":221,"column":73}},"63":{"start":{"line":224,"column":23},"end":{"line":229,"column":10}},"64":{"start":{"line":230,"column":8},"end":{"line":232,"column":9}},"65":{"start":{"line":231,"column":12},"end":{"line":231,"column":86}},"66":{"start":{"line":234,"column":33},"end":{"line":237,"column":10}},"67":{"start":{"line":239,"column":8},"end":{"line":243,"column":9}},"68":{"start":{"line":240,"column":12},"end":{"line":242,"column":14}},"69":{"start":{"line":245,"column":25},"end":{"line":256,"column":10}},"70":{"start":{"line":257,"column":8},"end":{"line":257,"column":24}},"71":{"start":{"line":261,"column":8},"end":{"line":261,"column":56}},"72":{"start":{"line":263,"column":24},"end":{"line":277,"column":10}},"73":{"start":{"line":279,"column":8},"end":{"line":281,"column":9}},"74":{"start":{"line":280,"column":12},"end":{"line":280,"column":89}},"75":{"start":{"line":282,"column":8},"end":{"line":282,"column":23}},"76":{"start":{"line":286,"column":32},"end":{"line":286,"column":87}},"77":{"start":{"line":288,"column":34},"end":{"line":291,"column":10}},"78":{"start":{"line":293,"column":8},"end":{"line":295,"column":9}},"79":{"start":{"line":294,"column":12},"end":{"line":294,"column":91}},"80":{"start":{"line":297,"column":31},"end":{"line":300,"column":10}},"81":{"start":{"line":302,"column":8},"end":{"line":322,"column":9}},"82":{"start":{"line":303,"column":12},"end":{"line":321,"column":13}},"83":{"start":{"line":304,"column":33},"end":{"line":304,"column":75}},"84":{"start":{"line":305,"column":42},"end":{"line":311,"column":18}},"85":{"start":{"line":313,"column":16},"end":{"line":318,"column":19}},"86":{"start":{"line":320,"column":16},"end":{"line":320,"column":117}},"87":{"start":{"line":324,"column":8},"end":{"line":324,"column":30}},"88":{"start":{"line":328,"column":32},"end":{"line":328,"column":87}},"89":{"start":{"line":330,"column":34},"end":{"line":333,"column":10}},"90":{"start":{"line":335,"column":8},"end":{"line":337,"column":9}},"91":{"start":{"line":336,"column":12},"end":{"line":336,"column":91}},"92":{"start":{"line":339,"column":31},"end":{"line":342,"column":10}},"93":{"start":{"line":344,"column":8},"end":{"line":355,"column":9}},"94":{"start":{"line":345,"column":12},"end":{"line":354,"column":13}},"95":{"start":{"line":346,"column":33},"end":{"line":346,"column":75}},"96":{"start":{"line":347,"column":16},"end":{"line":351,"column":19}},"97":{"start":{"line":353,"column":16},"end":{"line":353,"column":117}},"98":{"start":{"line":357,"column":8},"end":{"line":357,"column":30}},"99":{"start":{"line":16,"column":0},"end":{"line":16,"column":13}},"100":{"start":{"line":361,"column":13},"end":{"line":361,"column":51}}},"fnMap":{"0":{"name":"(anonymous_1)","decl":{"start":{"line":17,"column":4},"end":{"line":17,"column":9}},"loc":{"start":{"line":17,"column":41},"end":{"line":31,"column":5}}},"1":{"name":"(anonymous_2)","decl":{"start":{"line":33,"column":4},"end":{"line":33,"column":9}},"loc":{"start":{"line":33,"column":67},"end":{"line":57,"column":5}}},"2":{"name":"(anonymous_3)","decl":{"start":{"line":59,"column":4},"end":{"line":59,"column":9}},"loc":{"start":{"line":59,"column":49},"end":{"line":81,"column":5}}},"3":{"name":"(anonymous_4)","decl":{"start":{"line":83,"column":4},"end":{"line":83,"column":9}},"loc":{"start":{"line":83,"column":48},"end":{"line":101,"column":5}}},"4":{"name":"(anonymous_5)","decl":{"start":{"line":103,"column":4},"end":{"line":103,"column":9}},"loc":{"start":{"line":103,"column":102},"end":{"line":214,"column":5}}},"5":{"name":"(anonymous_6)","decl":{"start":{"line":162,"column":25},"end":{"line":162,"column":31}},"loc":{"start":{"line":162,"column":35},"end":{"line":162,"column":53}}},"6":{"name":"(anonymous_7)","decl":{"start":{"line":163,"column":28},"end":{"line":163,"column":29}},"loc":{"start":{"line":163,"column":56},"end":{"line":163,"column":93}}},"7":{"name":"(anonymous_8)","decl":{"start":{"line":164,"column":25},"end":{"line":164,"column":30}},"loc":{"start":{"line":164,"column":35},"end":{"line":164,"column":51}}},"8":{"name":"(anonymous_9)","decl":{"start":{"line":216,"column":4},"end":{"line":216,"column":9}},"loc":{"start":{"line":216,"column":85},"end":{"line":258,"column":5}}},"9":{"name":"(anonymous_10)","decl":{"start":{"line":260,"column":4},"end":{"line":260,"column":9}},"loc":{"start":{"line":260,"column":77},"end":{"line":283,"column":5}}},"10":{"name":"(anonymous_11)","decl":{"start":{"line":285,"column":4},"end":{"line":285,"column":9}},"loc":{"start":{"line":285,"column":113},"end":{"line":325,"column":5}}},"11":{"name":"(anonymous_12)","decl":{"start":{"line":327,"column":4},"end":{"line":327,"column":9}},"loc":{"start":{"line":327,"column":76},"end":{"line":358,"column":5}}}},"branchMap":{"0":{"loc":{"start":{"line":44,"column":8},"end":{"line":46,"column":9}},"type":"if","locations":[{"start":{"line":44,"column":8},"end":{"line":46,"column":9}}]},"1":{"loc":{"start":{"line":65,"column":8},"end":{"line":67,"column":9}},"type":"if","locations":[{"start":{"line":65,"column":8},"end":{"line":67,"column":9}}]},"2":{"loc":{"start":{"line":77,"column":8},"end":{"line":79,"column":9}},"type":"if","locations":[{"start":{"line":77,"column":8},"end":{"line":79,"column":9}}]},"3":{"loc":{"start":{"line":89,"column":8},"end":{"line":98,"column":9}},"type":"if","locations":[{"start":{"line":89,"column":8},"end":{"line":98,"column":9}},{"start":{"line":96,"column":15},"end":{"line":98,"column":9}}]},"4":{"loc":{"start":{"line":90,"column":12},"end":{"line":95,"column":13}},"type":"if","locations":[{"start":{"line":90,"column":12},"end":{"line":95,"column":13}},{"start":{"line":93,"column":19},"end":{"line":95,"column":13}}]},"5":{"loc":{"start":{"line":107,"column":8},"end":{"line":109,"column":9}},"type":"if","locations":[{"start":{"line":107,"column":8},"end":{"line":109,"column":9}}]},"6":{"loc":{"start":{"line":115,"column":8},"end":{"line":117,"column":9}},"type":"if","locations":[{"start":{"line":115,"column":8},"end":{"line":117,"column":9}}]},"7":{"loc":{"start":{"line":125,"column":8},"end":{"line":127,"column":9}},"type":"if","locations":[{"start":{"line":125,"column":8},"end":{"line":127,"column":9}}]},"8":{"loc":{"start":{"line":142,"column":8},"end":{"line":211,"column":9}},"type":"if","locations":[{"start":{"line":142,"column":8},"end":{"line":211,"column":9}}]},"9":{"loc":{"start":{"line":163,"column":56},"end":{"line":163,"column":93}},"type":"binary-expr","locations":[{"start":{"line":163,"column":56},"end":{"line":163,"column":70}},{"start":{"line":163,"column":74},"end":{"line":163,"column":93}}]},"10":{"loc":{"start":{"line":168,"column":85},"end":{"line":168,"column":114}},"type":"binary-expr","locations":[{"start":{"line":168,"column":85},"end":{"line":168,"column":108}},{"start":{"line":168,"column":112},"end":{"line":168,"column":114}}]},"11":{"loc":{"start":{"line":190,"column":32},"end":{"line":190,"column":71}},"type":"binary-expr","locations":[{"start":{"line":190,"column":32},"end":{"line":190,"column":58}},{"start":{"line":190,"column":62},"end":{"line":190,"column":71}}]},"12":{"loc":{"start":{"line":201,"column":34},"end":{"line":201,"column":83}},"type":"binary-expr","locations":[{"start":{"line":201,"column":34},"end":{"line":201,"column":59}},{"start":{"line":201,"column":63},"end":{"line":201,"column":83}}]},"13":{"loc":{"start":{"line":205,"column":139},"end":{"line":205,"column":188}},"type":"binary-expr","locations":[{"start":{"line":205,"column":139},"end":{"line":205,"column":164}},{"start":{"line":205,"column":168},"end":{"line":205,"column":188}}]},"14":{"loc":{"start":{"line":216,"column":57},"end":{"line":216,"column":85}},"type":"default-arg","locations":[{"start":{"line":216,"column":80},"end":{"line":216,"column":85}}]},"15":{"loc":{"start":{"line":220,"column":8},"end":{"line":222,"column":9}},"type":"if","locations":[{"start":{"line":220,"column":8},"end":{"line":222,"column":9}}]},"16":{"loc":{"start":{"line":230,"column":8},"end":{"line":232,"column":9}},"type":"if","locations":[{"start":{"line":230,"column":8},"end":{"line":232,"column":9}}]},"17":{"loc":{"start":{"line":239,"column":8},"end":{"line":243,"column":9}},"type":"if","locations":[{"start":{"line":239,"column":8},"end":{"line":243,"column":9}}]},"18":{"loc":{"start":{"line":279,"column":8},"end":{"line":281,"column":9}},"type":"if","locations":[{"start":{"line":279,"column":8},"end":{"line":281,"column":9}}]},"19":{"loc":{"start":{"line":293,"column":8},"end":{"line":295,"column":9}},"type":"if","locations":[{"start":{"line":293,"column":8},"end":{"line":295,"column":9}}]},"20":{"loc":{"start":{"line":293,"column":12},"end":{"line":293,"column":128}},"type":"binary-expr","locations":[{"start":{"line":293,"column":12},"end":{"line":293,"column":50}},{"start":{"line":293,"column":54},"end":{"line":293,"column":89}},{"start":{"line":293,"column":93},"end":{"line":293,"column":128}}]},"21":{"loc":{"start":{"line":302,"column":8},"end":{"line":322,"column":9}},"type":"if","locations":[{"start":{"line":302,"column":8},"end":{"line":322,"column":9}}]},"22":{"loc":{"start":{"line":302,"column":12},"end":{"line":302,"column":90}},"type":"binary-expr","locations":[{"start":{"line":302,"column":12},"end":{"line":302,"column":48}},{"start":{"line":302,"column":52},"end":{"line":302,"column":90}}]},"23":{"loc":{"start":{"line":308,"column":27},"end":{"line":308,"column":127}},"type":"cond-expr","locations":[{"start":{"line":308,"column":50},"end":{"line":308,"column":115}},{"start":{"line":308,"column":118},"end":{"line":308,"column":127}}]},"24":{"loc":{"start":{"line":309,"column":25},"end":{"line":309,"column":121}},"type":"cond-expr","locations":[{"start":{"line":309,"column":46},"end":{"line":309,"column":109}},{"start":{"line":309,"column":112},"end":{"line":309,"column":121}}]},"25":{"loc":{"start":{"line":314,"column":32},"end":{"line":314,"column":87}},"type":"binary-expr","locations":[{"start":{"line":314,"column":32},"end":{"line":314,"column":74}},{"start":{"line":314,"column":78},"end":{"line":314,"column":87}}]},"26":{"loc":{"start":{"line":335,"column":8},"end":{"line":337,"column":9}},"type":"if","locations":[{"start":{"line":335,"column":8},"end":{"line":337,"column":9}}]},"27":{"loc":{"start":{"line":335,"column":12},"end":{"line":335,"column":128}},"type":"binary-expr","locations":[{"start":{"line":335,"column":12},"end":{"line":335,"column":50}},{"start":{"line":335,"column":54},"end":{"line":335,"column":89}},{"start":{"line":335,"column":93},"end":{"line":335,"column":128}}]},"28":{"loc":{"start":{"line":344,"column":8},"end":{"line":355,"column":9}},"type":"if","locations":[{"start":{"line":344,"column":8},"end":{"line":355,"column":9}}]},"29":{"loc":{"start":{"line":344,"column":12},"end":{"line":344,"column":90}},"type":"binary-expr","locations":[{"start":{"line":344,"column":12},"end":{"line":344,"column":48}},{"start":{"line":344,"column":52},"end":{"line":344,"column":90}}]},"30":{"loc":{"start":{"line":348,"column":32},"end":{"line":348,"column":87}},"type":"binary-expr","locations":[{"start":{"line":348,"column":32},"end":{"line":348,"column":74}},{"start":{"line":348,"column":78},"end":{"line":348,"column":87}}]}},"s":{"0":1,"1":1,"2":1,"3":1,"4":1,"5":1,"6":1,"7":1,"8":1,"9":2,"10":2,"11":2,"12":2,"13":2,"14":2,"15":1,"16":1,"17":1,"18":2,"19":2,"20":1,"21":1,"22":1,"23":1,"24":1,"25":0,"26":1,"27":1,"28":1,"29":0,"30":0,"31":0,"32":0,"33":1,"34":1,"35":1,"36":1,"37":0,"38":1,"39":1,"40":0,"41":1,"42":1,"43":0,"44":1,"45":1,"46":1,"47":1,"48":1,"49":1,"50":1,"51":1,"52":1,"53":1,"54":1,"55":1,"56":1,"57":0,"58":0,"59":0,"60":0,"61":0,"62":0,"63":0,"64":0,"65":0,"66":0,"67":0,"68":0,"69":0,"70":0,"71":0,"72":0,"73":0,"74":0,"75":0,"76":0,"77":0,"78":0,"79":0,"80":0,"81":0,"82":0,"83":0,"84":0,"85":0,"86":0,"87":0,"88":0,"89":0,"90":0,"91":0,"92":0,"93":0,"94":0,"95":0,"96":0,"97":0,"98":0,"99":1,"100":1},"f":{"0":1,"1":2,"2":2,"3":1,"4":1,"5":1,"6":1,"7":1,"8":0,"9":0,"10":0,"11":0},"b":{"0":[1],"1":[1],"2":[0],"3":[0,1],"4":[0,0],"5":[0],"6":[0],"7":[0],"8":[1],"9":[1,1],"10":[1,0],"11":[1,0],"12":[1,1],"13":[1,1],"14":[0],"15":[0],"16":[0],"17":[0],"18":[0],"19":[0],"20":[0,0,0],"21":[0],"22":[0,0],"23":[0,0],"24":[0,0],"25":[0,0],"26":[0],"27":[0,0,0],"28":[0],"29":[0,0],"30":[0,0]}}
,"C:\\Users\\Eman\\Desktop\\WORKSY\\src\\services\\mention.service.ts": {"path":"C:\\Users\\Eman\\Desktop\\WORKSY\\src\\services\\mention.service.ts","statementMap":{"0":{"start":{"line":1,"column":0},"end":{"line":1,"column":56}},"1":{"start":{"line":2,"column":0},"end":{"line":2,"column":34}},"2":{"start":{"line":3,"column":0},"end":{"line":3,"column":58}},"3":{"start":{"line":7,"column":26},"end":{"line":7,"column":50}},"4":{"start":{"line":8,"column":27},"end":{"line":8,"column":73}},"5":{"start":{"line":8,"column":51},"end":{"line":8,"column":72}},"6":{"start":{"line":10,"column":22},"end":{"line":16,"column":10}},"7":{"start":{"line":18,"column":8},"end":{"line":44,"column":9}},"8":{"start":{"line":19,"column":12},"end":{"line":24,"column":15}},"9":{"start":{"line":20,"column":43},"end":{"line":23,"column":18}},"10":{"start":{"line":26,"column":35},"end":{"line":40,"column":null}},"11":{"start":{"line":27,"column":34},"end":{"line":27,"column":47}},"12":{"start":{"line":29,"column":20},"end":{"line":40,"column":22}},"13":{"start":{"line":43,"column":12},"end":{"line":43,"column":53}},"14":{"start":{"line":45,"column":8},"end":{"line":45,"column":21}},"15":{"start":{"line":5,"column":0},"end":{"line":5,"column":13}},"16":{"start":{"line":49,"column":13},"end":{"line":49,"column":51}}},"fnMap":{"0":{"name":"(anonymous_1)","decl":{"start":{"line":6,"column":4},"end":{"line":6,"column":9}},"loc":{"start":{"line":6,"column":96},"end":{"line":46,"column":5}}},"1":{"name":"(anonymous_2)","decl":{"start":{"line":8,"column":41},"end":{"line":8,"column":42}},"loc":{"start":{"line":8,"column":51},"end":{"line":8,"column":72}}},"2":{"name":"(anonymous_3)","decl":{"start":{"line":20,"column":32},"end":{"line":20,"column":33}},"loc":{"start":{"line":20,"column":43},"end":{"line":23,"column":18}}},"3":{"name":"(anonymous_4)","decl":{"start":{"line":27,"column":24},"end":{"line":27,"column":25}},"loc":{"start":{"line":27,"column":34},"end":{"line":27,"column":47}}},"4":{"name":"(anonymous_5)","decl":{"start":{"line":28,"column":21},"end":{"line":28,"column":22}},"loc":{"start":{"line":29,"column":20},"end":{"line":40,"column":22}}}},"branchMap":{"0":{"loc":{"start":{"line":18,"column":8},"end":{"line":44,"column":9}},"type":"if","locations":[{"start":{"line":18,"column":8},"end":{"line":44,"column":9}}]}},"s":{"0":1,"1":1,"2":1,"3":2,"4":2,"5":3,"6":2,"7":2,"8":1,"9":2,"10":1,"11":2,"12":1,"13":1,"14":2,"15":1,"16":1},"f":{"0":2,"1":3,"2":2,"3":2,"4":1},"b":{"0":[1]}}
,"C:\\Users\\Eman\\Desktop\\WORKSY\\src\\services\\message.service.ts": {"path":"C:\\Users\\Eman\\Desktop\\WORKSY\\src\\services\\message.service.ts","statementMap":{"0":{"start":{"line":1,"column":0},"end":{"line":1,"column":24}},"1":{"start":{"line":2,"column":0},"end":{"line":2,"column":96}},"2":{"start":{"line":3,"column":0},"end":{"line":3,"column":34}},"3":{"start":{"line":4,"column":0},"end":{"line":4,"column":45}},"4":{"start":{"line":9,"column":8},"end":{"line":16,"column":9}},"5":{"start":{"line":10,"column":12},"end":{"line":10,"column":51}},"6":{"start":{"line":12,"column":12},"end":{"line":14,"column":13}},"7":{"start":{"line":13,"column":16},"end":{"line":13,"column":111}},"8":{"start":{"line":13,"column":86},"end":{"line":13,"column":95}},"9":{"start":{"line":15,"column":12},"end":{"line":15,"column":63}},"10":{"start":{"line":18,"column":24},"end":{"line":23,"column":10}},"11":{"start":{"line":24,"column":8},"end":{"line":26,"column":9}},"12":{"start":{"line":25,"column":12},"end":{"line":25,"column":73}},"13":{"start":{"line":28,"column":23},"end":{"line":36,"column":10}},"14":{"start":{"line":37,"column":8},"end":{"line":39,"column":9}},"15":{"start":{"line":38,"column":12},"end":{"line":38,"column":86}},"16":{"start":{"line":41,"column":24},"end":{"line":56,"column":10}},"17":{"start":{"line":57,"column":8},"end":{"line":57,"column":23}},"18":{"start":{"line":61,"column":24},"end":{"line":66,"column":10}},"19":{"start":{"line":67,"column":8},"end":{"line":69,"column":9}},"20":{"start":{"line":68,"column":12},"end":{"line":68,"column":73}},"21":{"start":{"line":71,"column":23},"end":{"line":79,"column":10}},"22":{"start":{"line":80,"column":8},"end":{"line":82,"column":9}},"23":{"start":{"line":81,"column":12},"end":{"line":81,"column":86}},"24":{"start":{"line":84,"column":25},"end":{"line":100,"column":10}},"25":{"start":{"line":101,"column":8},"end":{"line":101,"column":24}},"26":{"start":{"line":6,"column":0},"end":{"line":6,"column":13}},"27":{"start":{"line":104,"column":13},"end":{"line":104,"column":51}}},"fnMap":{"0":{"name":"(anonymous_1)","decl":{"start":{"line":7,"column":4},"end":{"line":7,"column":9}},"loc":{"start":{"line":7,"column":93},"end":{"line":58,"column":5}}},"1":{"name":"(anonymous_2)","decl":{"start":{"line":13,"column":81},"end":{"line":13,"column":82}},"loc":{"start":{"line":13,"column":86},"end":{"line":13,"column":95}}},"2":{"name":"(anonymous_3)","decl":{"start":{"line":60,"column":4},"end":{"line":60,"column":9}},"loc":{"start":{"line":60,"column":96},"end":{"line":102,"column":5}}}},"branchMap":{"0":{"loc":{"start":{"line":12,"column":12},"end":{"line":14,"column":13}},"type":"if","locations":[{"start":{"line":12,"column":12},"end":{"line":14,"column":13}}]},"1":{"loc":{"start":{"line":24,"column":8},"end":{"line":26,"column":9}},"type":"if","locations":[{"start":{"line":24,"column":8},"end":{"line":26,"column":9}}]},"2":{"loc":{"start":{"line":37,"column":8},"end":{"line":39,"column":9}},"type":"if","locations":[{"start":{"line":37,"column":8},"end":{"line":39,"column":9}}]},"3":{"loc":{"start":{"line":60,"column":60},"end":{"line":60,"column":78}},"type":"default-arg","locations":[{"start":{"line":60,"column":76},"end":{"line":60,"column":78}}]},"4":{"loc":{"start":{"line":60,"column":80},"end":{"line":60,"column":96}},"type":"default-arg","locations":[{"start":{"line":60,"column":95},"end":{"line":60,"column":96}}]},"5":{"loc":{"start":{"line":67,"column":8},"end":{"line":69,"column":9}},"type":"if","locations":[{"start":{"line":67,"column":8},"end":{"line":69,"column":9}}]},"6":{"loc":{"start":{"line":80,"column":8},"end":{"line":82,"column":9}},"type":"if","locations":[{"start":{"line":80,"column":8},"end":{"line":82,"column":9}}]}},"s":{"0":1,"1":1,"2":1,"3":1,"4":4,"5":4,"6":1,"7":1,"8":1,"9":0,"10":3,"11":3,"12":1,"13":2,"14":2,"15":1,"16":1,"17":1,"18":3,"19":3,"20":1,"21":2,"22":2,"23":1,"24":1,"25":1,"26":1,"27":1},"f":{"0":4,"1":1,"2":3},"b":{"0":[1],"1":[1],"2":[1],"3":[3],"4":[3],"5":[1],"6":[1]}}
[...]
133,"column":5}}}},"branchMap":{"0":{"loc":{"start":{"line":6,"column":57},"end":{"line":6,"column":99}},"type":"default-arg","locations":[{"start":{"line":6,"column":79},"end":{"line":6,"column":99}}]},"1":{"loc":{"start":{"line":11,"column":8},"end":{"line":13,"column":9}},"type":"if","locations":[{"start":{"line":11,"column":8},"end":{"line":13,"column":9}}]},"2":{"loc":{"start":{"line":11,"column":12},"end":{"line":11,"column":43}},"type":"binary-expr","locations":[{"start":{"line":11,"column":12},"end":{"line":11,"column":20}},{"start":{"line":11,"column":24},"end":{"line":11,"column":43}}]},"3":{"loc":{"start":{"line":15,"column":8},"end":{"line":20,"column":9}},"type":"if","locations":[{"start":{"line":15,"column":8},"end":{"line":20,"column":9}}]},"4":{"loc":{"start":{"line":15,"column":12},"end":{"line":15,"column":42}},"type":"binary-expr","locations":[{"start":{"line":15,"column":12},"end":{"line":15,"column":20}},{"start":{"line":15,"column":24},"end":{"line":15,"column":42}}]},"5":{"loc":{"start":{"line":33,"column":8},"end":{"line":33,"column":72}},"type":"if","locations":[{"start":{"line":33,"column":8},"end":{"line":33,"column":72}}]},"6":{"loc":{"start":{"line":35,"column":8},"end":{"line":37,"column":9}},"type":"if","locations":[{"start":{"line":35,"column":8},"end":{"line":37,"column":9}}]},"7":{"loc":{"start":{"line":39,"column":8},"end":{"line":41,"column":9}},"type":"if","locations":[{"start":{"line":39,"column":8},"end":{"line":41,"column":9}}]},"8":{"loc":{"start":{"line":47,"column":8},"end":{"line":49,"column":9}},"type":"if","locations":[{"start":{"line":47,"column":8},"end":{"line":49,"column":9}}]},"9":{"loc":{"start":{"line":47,"column":12},"end":{"line":47,"column":39}},"type":"binary-expr","locations":[{"start":{"line":47,"column":12},"end":{"line":47,"column":19}},{"start":{"line":47,"column":23},"end":{"line":47,"column":39}}]},"10":{"loc":{"start":{"line":63,"column":8},"end":{"line":63,"column":72}},"type":"if","locations":[{"start":{"line":63,"column":8},"end":{"line":63,"column":72}}]},"11":{"loc":{"start":{"line":64,"column":8},"end":{"line":66,"column":9}},"type":"if","locations":[{"start":{"line":64,"column":8},"end":{"line":66,"column":9}}]},"12":{"loc":{"start":{"line":72,"column":8},"end":{"line":74,"column":9}},"type":"if","locations":[{"start":{"line":72,"column":8},"end":{"line":74,"column":9}}]},"13":{"loc":{"start":{"line":72,"column":12},"end":{"line":72,"column":47}},"type":"binary-expr","locations":[{"start":{"line":72,"column":12},"end":{"line":72,"column":23}},{"start":{"line":72,"column":27},"end":{"line":72,"column":47}}]},"14":{"loc":{"start":{"line":87,"column":8},"end":{"line":89,"column":9}},"type":"if","locations":[{"start":{"line":87,"column":8},"end":{"line":89,"column":9}}]},"15":{"loc":{"start":{"line":87,"column":12},"end":{"line":87,"column":39}},"type":"binary-expr","locations":[{"start":{"line":87,"column":12},"end":{"line":87,"column":19}},{"start":{"line":87,"column":23},"end":{"line":87,"column":39}}]},"16":{"loc":{"start":{"line":116,"column":8},"end":{"line":118,"column":9}},"type":"if","locations":[{"start":{"line":116,"column":8},"end":{"line":118,"column":9}}]},"17":{"loc":{"start":{"line":116,"column":12},"end":{"line":116,"column":39}},"type":"binary-expr","locations":[{"start":{"line":116,"column":12},"end":{"line":116,"column":19}},{"start":{"line":116,"column":23},"end":{"line":116,"column":39}}]},"18":{"loc":{"start":{"line":125,"column":8},"end":{"line":130,"column":9}},"type":"if","locations":[{"start":{"line":125,"column":8},"end":{"line":130,"column":9}}]}},"s":{"0":1,"1":1,"2":1,"3":3,"4":3,"5":1,"6":2,"7":1,"8":1,"9":5,"10":5,"11":1,"12":4,"13":1,"14":3,"15":1,"16":2,"17":2,"18":1,"19":1,"20":4,"21":4,"22":1,"23":3,"24":1,"25":2,"26":2,"27":1,"28":1,"29":2,"30":2,"31":1,"32":1,"33":1,"34":2,"35":2,"36":1,"37":1,"38":1,"39":1,"40":1,"41":1,"42":1},"f":{"0":3,"1":5,"2":4,"3":2,"4":1,"5":2},"b":{"0":[3],"1":[1],"2":[3,2],"3":[1],"4":[2,1],"5":[1],"6":[1],"7":[1],"8":[1],"9":[2,1],"10":[1],"11":[1],"12":[1],"13":[2,1],"14":[1],"15":[2,1],"16":[1],"17":[2,1],"18":[1]}}
,"C:\\Users\\Eman\\Desktop\\WORKSY\\src\\utils\\apiError.ts": {"path":"C:\\Users\\Eman\\Desktop\\WORKSY\\src\\utils\\apiError.ts","statementMap":{"0":{"start":{"line":7,"column":4},"end":{"line":7,"column":19}},"1":{"start":{"line":8,"column":4},"end":{"line":8,"column":33}},"2":{"start":{"line":9,"column":4},"end":{"line":9,"column":25}},"3":{"start":{"line":10,"column":4},"end":{"line":10,"column":null}},"4":{"start":{"line":12,"column":4},"end":{"line":16,"column":5}},"5":{"start":{"line":13,"column":6},"end":{"line":13,"column":25}},"6":{"start":{"line":15,"column":6},"end":{"line":15,"column":54}},"7":{"start":{"line":20,"column":4},"end":{"line":20,"column":46}},"8":{"start":{"line":24,"column":4},"end":{"line":24,"column":38}},"9":{"start":{"line":28,"column":4},"end":{"line":28,"column":38}},"10":{"start":{"line":32,"column":4},"end":{"line":32,"column":38}},"11":{"start":{"line":36,"column":4},"end":{"line":36,"column":38}},"12":{"start":{"line":40,"column":4},"end":{"line":40,"column":46}},"13":{"start":{"line":44,"column":4},"end":{"line":44,"column":38}},"14":{"start":{"line":1,"column":0},"end":{"line":1,"column":13}}},"fnMap":{"0":{"name":"(anonymous_0)","decl":{"start":{"line":6,"column":2},"end":{"line":6,"column":14}},"loc":{"start":{"line":6,"column":84},"end":{"line":17,"column":3}}},"1":{"name":"(anonymous_1)","decl":{"start":{"line":19,"column":2},"end":{"line":19,"column":8}},"loc":{"start":{"line":19,"column":66},"end":{"line":21,"column":3}}},"2":{"name":"(anonymous_2)","decl":{"start":{"line":23,"column":2},"end":{"line":23,"column":8}},"loc":{"start":{"line":23,"column":46},"end":{"line":25,"column":3}}},"3":{"name":"(anonymous_3)","decl":{"start":{"line":27,"column":2},"end":{"line":27,"column":8}},"loc":{"start":{"line":27,"column":40},"end":{"line":29,"column":3}}},"4":{"name":"(anonymous_4)","decl":{"start":{"line":31,"column":2},"end":{"line":31,"column":8}},"loc":{"start":{"line":31,"column":39},"end":{"line":33,"column":3}}},"5":{"name":"(anonymous_5)","decl":{"start":{"line":35,"column":2},"end":{"line":35,"column":8}},"loc":{"start":{"line":35,"column":51},"end":{"line":37,"column":3}}},"6":{"name":"(anonymous_6)","decl":{"start":{"line":39,"column":2},"end":{"line":39,"column":8}},"loc":{"start":{"line":39,"column":71},"end":{"line":41,"column":3}}},"7":{"name":"(anonymous_7)","decl":{"start":{"line":43,"column":2},"end":{"line":43,"column":8}},"loc":{"start":{"line":43,"column":40},"end":{"line":45,"column":3}}}},"branchMap":{"0":{"loc":{"start":{"line":6,"column":51},"end":{"line":6,"column":72}},"type":"default-arg","locations":[{"start":{"line":6,"column":70},"end":{"line":6,"column":72}}]},"1":{"loc":{"start":{"line":6,"column":74},"end":{"line":6,"column":84}},"type":"default-arg","locations":[{"start":{"line":6,"column":82},"end":{"line":6,"column":84}}]},"2":{"loc":{"start":{"line":12,"column":4},"end":{"line":16,"column":5}},"type":"if","locations":[{"start":{"line":12,"column":4},"end":{"line":16,"column":5}},{"start":{"line":14,"column":11},"end":{"line":16,"column":5}}]},"3":{"loc":{"start":{"line":19,"column":20},"end":{"line":19,"column":43}},"type":"default-arg","locations":[{"start":{"line":19,"column":30},"end":{"line":19,"column":43}}]},"4":{"loc":{"start":{"line":19,"column":45},"end":{"line":19,"column":66}},"type":"default-arg","locations":[{"start":{"line":19,"column":64},"end":{"line":19,"column":66}}]},"5":{"loc":{"start":{"line":23,"column":22},"end":{"line":23,"column":46}},"type":"default-arg","locations":[{"start":{"line":23,"column":32},"end":{"line":23,"column":46}}]},"6":{"loc":{"start":{"line":27,"column":19},"end":{"line":27,"column":40}},"type":"default-arg","locations":[{"start":{"line":27,"column":29},"end":{"line":27,"column":40}}]},"7":{"loc":{"start":{"line":31,"column":18},"end":{"line":31,"column":39}},"type":"default-arg","locations":[{"start":{"line":31,"column":28},"end":{"line":31,"column":39}}]},"8":{"loc":{"start":{"line":35,"column":18},"end":{"line":35,"column":51}},"type":"default-arg","locations":[{"start":{"line":35,"column":28},"end":{"line":35,"column":51}}]},"9":{"loc":{"start":{"line":39,"column":20},"end":{"line":39,"column":48}},"type":"default-arg","locations":[{"start":{"line":39,"column":30},"end":{"line":39,"column":48}}]},"10":{"loc":{"start":{"line":39,"column":50},"end":{"line":39,"column":71}},"type":"default-arg","locations":[{"start":{"line":39,"column":69},"end":{"line":39,"column":71}}]}},"s":{"0":101,"1":101,"2":101,"3":101,"4":101,"5":1,"6":100,"7":41,"8":5,"9":17,"10":30,"11":2,"12":2,"13":1,"14":14},"f":{"0":101,"1":41,"2":5,"3":17,"4":30,"5":2,"6":2,"7":1},"b":{"0":[57],"1":[100],"2":[1,100],"3":[1],"4":[40],"5":[1],"6":[1],"7":[1],"8":[1],"9":[1],"10":[1]}}
,"C:\\Users\\Eman\\Desktop\\WORKSY\\src\\utils\\extractMention.ts": {"path":"C:\\Users\\Eman\\Desktop\\WORKSY\\src\\utils\\extractMention.ts","statementMap":{"0":{"start":{"line":1,"column":31},"end":{"line":21,"column":1}},"1":{"start":{"line":2,"column":30},"end":{"line":2,"column":32}},"2":{"start":{"line":3,"column":18},"end":{"line":3,"column":38}},"3":{"start":{"line":5,"column":4},"end":{"line":18,"column":5}},"4":{"start":{"line":6,"column":8},"end":{"line":17,"column":9}},"5":{"start":{"line":8,"column":26},"end":{"line":8,"column":59}},"6":{"start":{"line":9,"column":12},"end":{"line":16,"column":13}},"7":{"start":{"line":10,"column":32},"end":{"line":10,"column":40}},"8":{"start":{"line":13,"column":16},"end":{"line":15,"column":17}},"9":{"start":{"line":14,"column":20},"end":{"line":14,"column":42}},"10":{"start":{"line":20,"column":4},"end":{"line":20,"column":19}},"11":{"start":{"line":1,"column":13},"end":{"line":1,"column":31}}},"fnMap":{"0":{"name":"(anonymous_0)","decl":{"start":{"line":1,"column":31},"end":{"line":1,"column":32}},"loc":{"start":{"line":1,"column":61},"end":{"line":21,"column":1}}}},"branchMap":{"0":{"loc":{"start":{"line":6,"column":8},"end":{"line":17,"column":9}},"type":"if","locations":[{"start":{"line":6,"column":8},"end":{"line":17,"column":9}}]},"1":{"loc":{"start":{"line":9,"column":12},"end":{"line":16,"column":13}},"type":"if","locations":[{"start":{"line":9,"column":12},"end":{"line":16,"column":13}}]},"2":{"loc":{"start":{"line":13,"column":16},"end":{"line":15,"column":17}},"type":"if","locations":[{"start":{"line":13,"column":16},"end":{"line":15,"column":17}}]}},"s":{"0":2,"1":34,"2":34,"3":34,"4":2218,"5":140,"6":140,"7":137,"8":137,"9":137,"10":34,"11":2},"f":{"0":34},"b":{"0":[140],"1":[137],"2":[137]}}
,"C:\\Users\\Eman\\Desktop\\WORKSY\\src\\utils\\fillter.ts": {"path":"C:\\Users\\Eman\\Desktop\\WORKSY\\src\\utils\\fillter.ts","statementMap":{"0":{"start":{"line":15,"column":0},"end":{"line":15,"column":16}},"1":{"start":{"line":20,"column":25},"end":{"line":20,"column":27}},"2":{"start":{"line":23,"column":4},"end":{"line":33,"column":5}},"3":{"start":{"line":24,"column":27},"end":{"line":24,"column":46}},"4":{"start":{"line":25,"column":8},"end":{"line":32,"column":9}},"5":{"start":{"line":26,"column":12},"end":{"line":31,"column":16}},"6":{"start":{"line":26,"column":58},"end":{"line":31,"column":14}},"7":{"start":{"line":36,"column":4},"end":{"line":41,"column":5}},"8":{"start":{"line":37,"column":22},"end":{"line":37,"column":32}},"9":{"start":{"line":38,"column":8},"end":{"line":40,"column":9}},"10":{"start":{"line":39,"column":12},"end":{"line":39,"column":40}},"11":{"start":{"line":44,"column":23},"end":{"line":44,"column":32}},"12":{"start":{"line":45,"column":4},"end":{"line":50,"column":5}},"13":{"start":{"line":46,"column":43},"end":{"line":46,"column":64}},"14":{"start":{"line":47,"column":8},"end":{"line":49,"column":10}},"15":{"start":{"line":53,"column":15},"end":{"line":53,"column":46}},"16":{"start":{"line":54,"column":15},"end":{"line":54,"column":48}},"17":{"start":{"line":56,"column":4},"end":{"line":56,"column":42}},"18":{"start":{"line":56,"column":33},"end":{"line":56,"column":42}},"19":{"start":{"line":57,"column":4},"end":{"line":57,"column":43}},"20":{"start":{"line":57,"column":33},"end":{"line":57,"column":43}},"21":{"start":{"line":59,"column":17},"end":{"line":59,"column":34}},"22":{"start":{"line":61,"column":4},"end":{"line":66,"column":6}}},"fnMap":{"0":{"name":"buildPrismaQuery","decl":{"start":{"line":15,"column":16},"end":{"line":15,"column":32}},"loc":{"start":{"line":19,"column":22},"end":{"line":67,"column":1}}},"1":{"name":"(anonymous_1)","decl":{"start":{"line":26,"column":46},"end":{"line":26,"column":47}},"loc":{"start":{"line":26,"column":58},"end":{"line":31,"column":14}}}},"branchMap":{"0":{"loc":{"start":{"line":17,"column":4},"end":{"line":17,"column":25}},"type":"default-arg","locations":[{"start":{"line":17,"column":23},"end":{"line":17,"column":25}}]},"1":{"loc":{"start":{"line":18,"column":4},"end":{"line":18,"column":25}},"type":"default-arg","locations":[{"start":{"line":18,"column":23},"end":{"line":18,"column":25}}]},"2":{"loc":{"start":{"line":23,"column":4},"end":{"line":33,"column":5}},"type":"if","locations":[{"start":{"line":23,"column":4},"end":{"line":33,"column":5}}]},"3":{"loc":{"start":{"line":23,"column":8},"end":{"line":23,"column":51}},"type":"binary-expr","locations":[{"start":{"line":23,"column":8},"end":{"line":23,"column":20}},{"start":{"line":23,"column":24},"end":{"line":23,"column":51}}]},"4":{"loc":{"start":{"line":25,"column":8},"end":{"line":32,"column":9}},"type":"if","locations":[{"start":{"line":25,"column":8},"end":{"line":32,"column":9}}]},"5":{"loc":{"start":{"line":38,"column":8},"end":{"line":40,"column":9}},"type":"if","locations":[{"start":{"line":38,"column":8},"end":{"line":40,"column":9}}]},"6":{"loc":{"start":{"line":38,"column":12},"end":{"line":38,"column":60}},"type":"binary-expr","locations":[{"start":{"line":38,"column":12},"end":{"line":38,"column":37}},{"start":{"line":38,"column":41},"end":{"line":38,"column":60}}]},"7":{"loc":{"start":{"line":45,"column":4},"end":{"line":50,"column":5}},"type":"if","locations":[{"start":{"line":45,"column":4},"end":{"line":50,"column":5}}]},"8":{"loc":{"start":{"line":46,"column":22},"end":{"line":46,"column":39}},"type":"default-arg","locations":[{"start":{"line":46,"column":34},"end":{"line":46,"column":39}}]},"9":{"loc":{"start":{"line":48,"column":21},"end":{"line":48,"column":72}},"type":"cond-expr","locations":[{"start":{"line":48,"column":58},"end":{"line":48,"column":64}},{"start":{"line":48,"column":67},"end":{"line":48,"column":72}}]},"10":{"loc":{"start":{"line":53,"column":24},"end":{"line":53,"column":41}},"type":"binary-expr","locations":[{"start":{"line":53,"column":24},"end":{"line":53,"column":34}},{"start":{"line":53,"column":38},"end":{"line":53,"column":41}}]},"11":{"loc":{"start":{"line":54,"column":24},"end":{"line":54,"column":43}},"type":"binary-expr","locations":[{"start":{"line":54,"column":24},"end":{"line":54,"column":35}},{"start":{"line":54,"column":39},"end":{"line":54,"column":43}}]},"12":{"loc":{"start":{"line":56,"column":4},"end":{"line":56,"column":42}},"type":"if","locations":[{"start":{"line":56,"column":4},"end":{"line":56,"column":42}}]},"13":{"loc":{"start":{"line":56,"column":8},"end":{"line":56,"column":31}},"type":"binary-expr","locations":[{"start":{"line":56,"column":8},"end":{"line":56,"column":19}},{"start":{"line":56,"column":23},"end":{"line":56,"column":31}}]},"14":{"loc":{"start":{"line":57,"column":4},"end":{"line":57,"column":43}},"type":"if","locations":[{"start":{"line":57,"column":4},"end":{"line":57,"column":43}}]},"15":{"loc":{"start":{"line":57,"column":8},"end":{"line":57,"column":31}},"type":"binary-expr","locations":[{"start":{"line":57,"column":8},"end":{"line":57,"column":19}},{"start":{"line":57,"column":23},"end":{"line":57,"column":31}}]},"16":{"loc":{"start":{"line":62,"column":17},"end":{"line":62,"column":70}},"type":"cond-expr","locations":[{"start":{"line":62,"column":51},"end":{"line":62,"column":58}},{"start":{"line":62,"column":61},"end":{"line":62,"column":70}}]}},"s":{"0":5,"1":39,"2":39,"3":6,"4":6,"5":5,"6":9,"7":39,"8":19,"9":19,"10":11,"11":39,"12":39,"13":7,"14":7,"15":39,"16":39,"17":39,"18":3,"19":39,"20":3,"21":39,"22":39},"f":{"0":39,"1":9},"b":{"0":[22],"1":[23],"2":[6],"3":[39,8],"4":[5],"5":[11],"6":[19,13],"7":[7],"8":[2],"9":[3,4],"10":[39,29],"11":[39,29],"12":[3],"13":[39,38],"14":[3],"15":[39,38],"16":[11,28]}}
,"C:\\Users\\Eman\\Desktop\\WORKSY\\src\\utils\\jwt.ts": {"path":"C:\\Users\\Eman\\Desktop\\WORKSY\\src\\utils\\jwt.ts","statementMap":{"0":{"start":{"line":1,"column":0},"end":{"line":1,"column":31}},"1":{"start":{"line":11,"column":35},"end":{"line":15,"column":1}},"2":{"start":{"line":12,"column":30},"end":{"line":12,"column":62}},"3":{"start":{"line":14,"column":2},"end":{"line":14,"column":74}},"4":{"start":{"line":11,"column":13},"end":{"line":11,"column":35}},"5":{"start":{"line":17,"column":36},"end":{"line":20,"column":1}},"6":{"start":{"line":18,"column":31},"end":{"line":18,"column":64}},"7":{"start":{"line":19,"column":2},"end":{"line":19,"column":75}},"8":{"start":{"line":17,"column":13},"end":{"line":17,"column":36}},"9":{"start":{"line":22,"column":27},"end":{"line":35,"column":1}},"10":{"start":{"line":23,"column":31},"end":{"line":23,"column":64}},"11":{"start":{"line":24,"column":2},"end":{"line":34,"column":3}},"12":{"start":{"line":25,"column":4},"end":{"line":25,"column":68}},"13":{"start":{"line":27,"column":4},"end":{"line":29,"column":5}},"14":{"start":{"line":28,"column":6},"end":{"line":28,"column":39}},"15":{"start":{"line":30,"column":4},"end":{"line":32,"column":5}},"16":{"start":{"line":31,"column":6},"end":{"line":31,"column":39}},"17":{"start":{"line":33,"column":4},"end":{"line":33,"column":16}},"18":{"start":{"line":22,"column":13},"end":{"line":22,"column":27}},"19":{"start":{"line":37,"column":29},"end":{"line":42,"column":1}},"20":{"start":{"line":38,"column":31},"end":{"line":38,"column":64}},"21":{"start":{"line":39,"column":2},"end":{"line":41,"column":5}},"22":{"start":{"line":37,"column":13},"end":{"line":37,"column":29}}},"fnMap":{"0":{"name":"(anonymous_1)","decl":{"start":{"line":11,"column":35},"end":{"line":11,"column":36}},"loc":{"start":{"line":11,"column":72},"end":{"line":15,"column":1}}},"1":{"name":"(anonymous_2)","decl":{"start":{"line":17,"column":36},"end":{"line":17,"column":37}},"loc":{"start":{"line":17,"column":73},"end":{"line":20,"column":1}}},"2":{"name":"(anonymous_3)","decl":{"start":{"line":22,"column":27},"end":{"line":22,"column":28}},"loc":{"start":{"line":22,"column":59},"end":{"line":35,"column":1}}},"3":{"name":"(anonymous_4)","decl":{"start":{"line":37,"column":29},"end":{"line":37,"column":30}},"loc":{"start":{"line":37,"column":84},"end":{"line":42,"column":1}}}},"branchMap":{"0":{"loc":{"start":{"line":27,"column":4},"end":{"line":29,"column":5}},"type":"if","locations":[{"start":{"line":27,"column":4},"end":{"line":29,"column":5}}]},"1":{"loc":{"start":{"line":30,"column":4},"end":{"line":32,"column":5}},"type":"if","locations":[{"start":{"line":30,"column":4},"end":{"line":32,"column":5}}]},"2":{"loc":{"start":{"line":37,"column":47},"end":{"line":37,"column":72}},"type":"default-arg","locations":[{"start":{"line":37,"column":67},"end":{"line":37,"column":72}}]}},"s":{"0":1,"1":1,"2":6,"3":6,"4":1,"5":1,"6":4,"7":4,"8":1,"9":1,"10":8,"11":8,"12":8,"13":6,"14":1,"15":5,"16":4,"17":1,"18":1,"19":1,"20":7,"21":7,"22":1},"f":{"0":6,"1":4,"2":8,"3":7},"b":{"0":[1],"1":[4],"2":[6]}}
,"C:\\Users\\Eman\\Desktop\\WORKSY\\src\\validators\\message.validators.ts": {"path":"C:\\Users\\Eman\\Desktop\\WORKSY\\src\\validators\\message.validators.ts","statementMap":{"0":{"start":{"line":1,"column":0},"end":{"line":1,"column":24}},"1":{"start":{"line":3,"column":13},"end":{"line":9,"column":3}}},"fnMap":{},"branchMap":{},"s":{"0":1,"1":1},"f":{},"b":{}}
}
