TN:
SF:src\app.ts
FN:81,(anonymous_1)
FNF:1
FNH:0
FNDA:0,(anonymous_1)
DA:2,17
DA:3,17
DA:4,17
DA:6,17
DA:7,17
DA:8,17
DA:13,17
DA:16,17
DA:17,17
DA:18,17
DA:19,17
DA:20,17
DA:21,17
DA:22,17
DA:23,17
DA:24,17
DA:25,17
DA:26,17
DA:33,17
DA:36,17
DA:38,17
DA:39,17
DA:40,17
DA:43,17
DA:51,17
DA:56,17
DA:57,17
DA:60,17
DA:67,17
DA:68,17
DA:69,17
DA:70,17
DA:71,17
DA:73,17
DA:74,17
DA:81,17
DA:82,0
DA:85,17
DA:86,17
DA:88,17
LF:40
LH:39
BRF:0
BRH:0
end_of_record
TN:
SF:src\server.ts
FN:14,(anonymous_1)
FNF:1
FNH:0
FNDA:0,(anonymous_1)
DA:1,17
DA:2,17
DA:3,17
DA:4,17
DA:6,17
DA:8,17
DA:10,17
DA:12,17
DA:13,0
DA:14,0
DA:15,0
DA:19,17
LF:12
LH:9
BRDA:10,0,0,17
BRDA:10,0,1,0
BRDA:12,1,0,0
BRF:3
BRH:1
end_of_record
TN:
SF:src\config\db.ts
FN:9,(anonymous_0)
FNF:1
FNH:0
FNDA:0,(anonymous_0)
DA:1,18
DA:5,18
DA:9,18
DA:10,0
DA:11,0
DA:12,0
DA:14,0
DA:15,0
DA:19,18
LF:9
LH:4
BRF:0
BRH:0
end_of_record
TN:
SF:src\config\jwt.config.ts
FN:29,(anonymous_1)
FNF:1
FNH:0
FNDA:0,(anonymous_1)
DA:2,17
DA:3,17
DA:4,17
DA:6,17
DA:22,17
DA:28,17
DA:31,0
DA:33,0
DA:34,0
DA:36,0
DA:37,0
DA:38,0
DA:41,0
DA:57,0
DA:58,0
DA:69,0
DA:71,0
DA:72,0
DA:75,0
DA:76,0
DA:80,17
DA:82,17
LF:22
LH:8
BRDA:36,0,0,0
BRDA:36,1,0,0
BRDA:36,1,1,0
BRDA:57,2,0,0
BRDA:57,2,1,0
BRF:5
BRH:0
end_of_record
TN:
SF:src\config\oauth.config.ts
FN:44,(anonymous_1)
FN:49,(anonymous_2)
FN:77,(anonymous_3)
FN:112,(anonymous_4)
FN:138,handleOAuthUser
FNF:5
FNH:0
FNDA:0,(anonymous_1)
FNDA:0,(anonymous_2)
FNDA:0,(anonymous_3)
FNDA:0,(anonymous_4)
FNDA:0,handleOAuthUser
DA:2,17
DA:3,17
DA:4,17
DA:7,17
DA:11,17
DA:12,17
DA:13,17
DA:14,17
DA:15,17
DA:16,17
DA:19,17
DA:20,0
DA:23,17
DA:24,17
DA:27,17
DA:28,0
DA:44,17
DA:45,0
DA:49,17
DA:50,0
DA:51,0
DA:61,0
DA:63,0
DA:68,17
DA:69,17
DA:78,0
DA:79,0
DA:88,0
DA:89,0
DA:91,0
DA:92,0
DA:97,17
DA:99,0
DA:103,17
DA:104,0
DA:113,0
DA:114,0
DA:123,0
DA:124,0
DA:126,0
DA:127,0
DA:132,0
DA:134,17
DA:139,0
DA:141,0
DA:142,0
DA:146,0
DA:150,0
DA:152,0
DA:163,0
DA:167,0
DA:181,0
DA:184,17
LF:53
LH:22
BRDA:12,0,0,17
BRDA:12,0,1,0
BRDA:13,1,0,17
BRDA:13,1,1,0
BRDA:14,2,0,0
BRDA:14,2,1,17
BRDA:15,3,0,0
BRDA:15,3,1,17
BRDA:19,4,0,0
BRDA:19,5,0,17
BRDA:19,5,1,17
BRDA:23,6,0,17
BRDA:23,7,0,17
BRDA:23,7,1,0
BRDA:27,8,0,0
BRDA:68,9,0,17
BRDA:68,9,1,0
BRDA:68,10,0,17
BRDA:68,10,1,17
BRDA:103,11,0,0
BRDA:103,11,1,17
BRDA:103,12,0,17
BRDA:103,12,1,0
BRDA:141,13,0,0
BRDA:150,14,0,0
BRDA:150,14,1,0
BRDA:157,15,0,0
BRDA:157,15,1,0
BRDA:163,16,0,0
BRDA:163,16,1,0
BRDA:163,16,2,0
BRDA:164,17,0,0
BRDA:164,17,1,0
BRDA:164,18,0,0
BRDA:164,18,1,0
BRF:35
BRH:13
end_of_record
TN:
SF:src\config\firebase\firebase.ts
FNF:0
FNH:0
DA:1,17
DA:2,17
DA:6,17
DA:21,17
DA:22,17
DA:27,17
LF:6
LH:6
BRDA:21,0,0,17
BRF:1
BRH:1
end_of_record
TN:
SF:src\constants\OTP_Template.ts
FN:3,(anonymous_0)
FNF:1
FNH:1
FNDA:1,(anonymous_0)
DA:3,17
DA:4,1
LF:2
LH:2
BRF:0
BRH:0
end_of_record
TN:
SF:src\constants\emailTemplates.ts
FN:1,(anonymous_0)
FNF:1
FNH:1
FNDA:1,(anonymous_0)
DA:1,17
LF:1
LH:1
BRF:0
BRH:0
end_of_record
TN:
SF:src\constants\sendEmailVerificationEmail.ts
FN:3,(anonymous_0)
FNF:1
FNH:1
FNDA:1,(anonymous_0)
DA:1,17
DA:3,17
DA:4,1
DA:6,1
DA:20,1
LF:5
LH:5
BRF:0
BRH:0
end_of_record
TN:
SF:src\constants\sendInviteEmail.ts
FN:3,(anonymous_0)
FNF:1
FNH:1
FNDA:6,(anonymous_0)
DA:1,17
DA:3,17
DA:9,6
DA:11,6
DA:31,6
LF:5
LH:5
BRF:0
BRH:0
end_of_record
TN:
SF:src\controllers\auth.controller.ts
FN:14,(anonymous_1)
FN:35,(anonymous_2)
FN:59,(anonymous_3)
FN:73,(anonymous_4)
FN:108,(anonymous_5)
FN:143,(anonymous_6)
FN:170,(anonymous_7)
FN:194,(anonymous_8)
FN:206,(anonymous_9)
FN:224,(anonymous_10)
FN:265,(anonymous_11)
FN:293,(anonymous_12)
FN:331,(anonymous_13)
FN:377,(anonymous_14)
FN:378,(anonymous_15)
FN:417,(anonymous_16)
FN:425,(anonymous_17)
FN:465,(anonymous_18)
FN:485,(anonymous_19)
FNF:19
FNH:11
FNDA:1,(anonymous_1)
FNDA:1,(anonymous_2)
FNDA:1,(anonymous_3)
FNDA:1,(anonymous_4)
FNDA:1,(anonymous_5)
FNDA:0,(anonymous_6)
FNDA:1,(anonymous_7)
FNDA:1,(anonymous_8)
FNDA:1,(anonymous_9)
FNDA:1,(anonymous_10)
FNDA:2,(anonymous_11)
FNDA:1,(anonymous_12)
FNDA:0,(anonymous_13)
FNDA:0,(anonymous_14)
FNDA:0,(anonymous_15)
FNDA:0,(anonymous_16)
FNDA:0,(anonymous_17)
FNDA:0,(anonymous_18)
FNDA:0,(anonymous_19)
DA:2,17
DA:4,17
DA:5,17
DA:7,17
DA:8,17
DA:9,17
DA:10,17
DA:11,17
DA:13,17
DA:15,1
DA:16,1
DA:18,1
DA:20,1
DA:31,0
DA:40,1
DA:41,1
DA:43,1
DA:45,1
DA:47,1
DA:55,0
DA:64,1
DA:65,1
DA:66,1
DA:67,0
DA:69,1
DA:78,1
DA:79,1
DA:81,1
DA:88,1
DA:89,1
DA:95,1
DA:100,0
DA:101,0
DA:103,0
DA:104,0
DA:109,1
DA:110,1
DA:112,1
DA:118,1
DA:126,1
DA:134,0
DA:135,0
DA:138,0
DA:139,0
DA:144,0
DA:145,0
DA:147,0
DA:152,0
DA:153,0
DA:159,0
DA:161,0
DA:162,0
DA:165,0
DA:166,0
DA:171,1
DA:172,1
DA:174,1
DA:176,1
DA:177,0
DA:180,1
DA:181,1
DA:188,1
DA:198,1
DA:199,1
DA:200,1
DA:207,1
DA:208,1
DA:209,1
DA:211,1
DA:216,0
DA:217,0
DA:219,0
DA:225,1
DA:226,1
DA:229,1
DA:230,1
DA:232,1
DA:239,1
DA:240,1
DA:246,0
DA:251,0
DA:252,0
DA:253,0
DA:257,0
DA:260,0
DA:261,0
DA:266,2
DA:267,2
DA:269,2
DA:275,2
DA:276,1
DA:279,1
DA:284,1
DA:285,1
DA:288,0
DA:289,0
DA:294,1
DA:295,1
DA:297,1
DA:298,1
DA:299,0
DA:304,1
DA:306,1
DA:308,1
DA:310,0
DA:315,0
DA:322,0
DA:323,0
DA:326,0
DA:327,0
DA:332,0
DA:333,0
DA:335,0
DA:337,0
DA:338,0
DA:345,0
DA:347,0
DA:353,0
DA:358,0
DA:368,17
DA:372,17
DA:378,0
DA:379,0
DA:380,0
DA:381,0
DA:382,0
DA:387,0
DA:388,0
DA:394,0
DA:397,0
DA:406,0
DA:407,0
DA:409,0
DA:410,0
DA:422,0
DA:426,0
DA:427,0
DA:428,0
DA:429,0
DA:434,0
DA:435,0
DA:441,0
DA:444,0
DA:453,0
DA:454,0
DA:456,0
DA:457,0
DA:466,0
DA:467,0
DA:468,0
DA:470,0
DA:471,0
DA:474,0
DA:476,0
DA:481,0
DA:486,0
DA:487,0
DA:489,0
DA:490,0
DA:493,0
DA:495,0
DA:500,0
DA:501,0
LF:163
LH:71
BRDA:100,0,0,0
BRDA:134,1,0,0
BRDA:161,2,0,0
BRDA:172,3,0,0
BRDA:176,4,0,0
BRDA:216,5,0,0
BRDA:239,6,0,1
BRDA:251,7,0,0
BRDA:252,8,0,0
BRDA:275,9,0,1
BRDA:275,10,0,2
BRDA:275,10,1,1
BRDA:284,11,0,1
BRDA:298,12,0,0
BRDA:310,13,0,0
BRDA:311,14,0,0
BRDA:311,14,1,0
BRDA:311,14,2,0
BRDA:322,15,0,0
BRDA:337,16,0,0
BRDA:339,17,0,0
BRDA:339,17,1,0
BRDA:359,18,0,0
BRDA:359,18,1,0
BRDA:380,19,0,0
BRDA:387,20,0,0
BRDA:427,21,0,0
BRDA:434,22,0,0
BRDA:470,23,0,0
BRDA:489,24,0,0
BRDA:502,25,0,0
BRDA:502,25,1,0
BRF:32
BRH:5
end_of_record
TN:
SF:src\controllers\channel.controller.ts
FN:9,(anonymous_0)
FN:19,(anonymous_1)
FN:27,(anonymous_2)
FN:34,(anonymous_3)
FN:42,(anonymous_4)
FNF:5
FNH:4
FNDA:6,(anonymous_0)
FNDA:1,(anonymous_1)
FNDA:0,(anonymous_2)
FNDA:1,(anonymous_3)
FNDA:1,(anonymous_4)
DA:3,17
DA:5,17
DA:7,17
DA:10,6
DA:11,6
DA:12,6
DA:13,6
DA:15,5
DA:20,1
DA:21,1
DA:22,1
DA:24,1
DA:28,0
DA:29,0
DA:30,0
DA:32,0
DA:35,1
DA:36,1
DA:37,1
DA:39,1
DA:43,1
DA:44,1
DA:46,1
LF:23
LH:19
BRF:0
BRH:0
end_of_record
TN:
SF:src\controllers\channelMembers.controller.ts
FN:7,(anonymous_0)
FN:16,(anonymous_1)
FN:25,(anonymous_2)
FN:33,(anonymous_3)
FN:42,(anonymous_4)
FN:52,(anonymous_5)
FNF:6
FNH:6
FNDA:1,(anonymous_0)
FNDA:2,(anonymous_1)
FNDA:1,(anonymous_2)
FNDA:1,(anonymous_3)
FNDA:1,(anonymous_4)
FNDA:1,(anonymous_5)
DA:3,17
DA:4,17
DA:6,17
DA:8,1
DA:9,1
DA:11,1
DA:13,1
DA:17,2
DA:18,2
DA:20,2
DA:22,1
DA:26,1
DA:28,1
DA:30,1
DA:34,1
DA:35,1
DA:37,1
DA:39,1
DA:43,1
DA:44,1
DA:46,1
DA:49,1
DA:53,1
DA:54,1
DA:56,1
DA:58,1
LF:26
LH:26
BRF:0
BRH:0
end_of_record
TN:
SF:src\controllers\conversation.controllers.ts
FN:7,(anonymous_0)
FN:16,(anonymous_1)
FN:25,(anonymous_2)
FNF:3
FNH:0
FNDA:0,(anonymous_0)
FNDA:0,(anonymous_1)
FNDA:0,(anonymous_2)
DA:2,17
DA:3,17
DA:6,17
DA:8,0
DA:9,0
DA:10,0
DA:11,0
DA:14,0
DA:17,0
DA:18,0
DA:19,0
DA:20,0
DA:21,0
DA:26,0
DA:27,0
DA:29,0
DA:31,0
LF:17
LH:3
BRF:0
BRH:0
end_of_record
TN:
SF:src\controllers\file.controller.ts
FN:9,(anonymous_0)
FN:26,(anonymous_1)
FN:39,(anonymous_2)
FN:56,(anonymous_3)
FNF:4
FNH:0
FNDA:0,(anonymous_0)
FNDA:0,(anonymous_1)
FNDA:0,(anonymous_2)
FNDA:0,(anonymous_3)
DA:2,17
DA:3,17
DA:4,17
DA:6,17
DA:10,0
DA:11,0
DA:12,0
DA:15,0
DA:16,0
DA:18,0
DA:19,0
DA:21,0
DA:27,0
DA:28,0
DA:29,0
DA:31,0
DA:32,0
DA:34,0
DA:40,0
DA:41,0
DA:43,0
DA:46,0
DA:47,0
DA:49,0
DA:51,0
DA:57,0
DA:58,0
DA:59,0
DA:61,0
DA:62,0
DA:64,0
LF:31
LH:4
BRDA:11,0,0,0
BRF:1
BRH:0
end_of_record
TN:
SF:src\controllers\invite.controller.ts
FN:7,(anonymous_0)
FN:14,(anonymous_1)
FNF:2
FNH:2
FNDA:6,(anonymous_0)
FNDA:6,(anonymous_1)
DA:2,17
DA:4,17
DA:6,17
DA:8,6
DA:9,6
DA:10,6
DA:11,6
DA:12,6
DA:15,6
DA:16,6
DA:17,6
DA:18,6
LF:12
LH:12
BRF:0
BRH:0
end_of_record
TN:
SF:src\controllers\meeting.controller.ts
FN:9,(anonymous_0)
FN:19,(anonymous_1)
FN:37,(anonymous_2)
FN:52,(anonymous_3)
FN:67,(anonymous_4)
FN:80,(anonymous_5)
FN:92,(anonymous_6)
FN:107,(anonymous_7)
FNF:8
FNH:5
FNDA:0,(anonymous_0)
FNDA:0,(anonymous_1)
FNDA:0,(anonymous_2)
FNDA:1,(anonymous_3)
FNDA:1,(anonymous_4)
FNDA:1,(anonymous_5)
FNDA:1,(anonymous_6)
FNDA:1,(anonymous_7)
DA:2,17
DA:3,17
DA:4,17
DA:5,17
DA:6,17
DA:8,17
DA:10,0
DA:11,0
DA:12,0
DA:13,0
DA:15,0
DA:20,0
DA:22,0
DA:24,0
DA:25,0
DA:27,0
DA:28,0
DA:31,0
DA:33,0
DA:34,0
DA:36,0
DA:37,0
DA:39,0
DA:42,0
DA:46,0
DA:48,0
DA:53,1
DA:54,1
DA:55,1
DA:56,1
DA:58,1
DA:60,1
DA:61,1
DA:63,0
DA:68,1
DA:69,1
DA:70,1
DA:71,1
DA:73,1
DA:74,1
DA:76,0
DA:81,1
DA:82,1
DA:83,1
DA:85,1
DA:86,1
DA:88,0
DA:93,1
DA:94,1
DA:95,1
DA:96,1
DA:98,1
DA:100,1
DA:101,1
DA:103,0
DA:108,1
DA:109,1
DA:110,1
DA:112,1
DA:113,1
DA:115,0
LF:61
LH:36
BRDA:24,0,0,0
BRDA:27,1,0,0
BRDA:27,2,0,0
BRDA:27,2,1,0
BRDA:36,3,0,0
BRF:5
BRH:0
end_of_record
TN:
SF:src\controllers\message.controller.ts
FN:7,(anonymous_0)
FN:17,(anonymous_1)
FNF:2
FNH:0
FNDA:0,(anonymous_0)
FNDA:0,(anonymous_1)
DA:2,17
DA:3,17
DA:4,17
DA:6,17
DA:8,0
DA:9,0
DA:10,0
DA:11,0
DA:13,0
DA:15,0
DA:18,0
DA:19,0
DA:20,0
DA:21,0
DA:23,0
DA:25,0
LF:16
LH:4
BRF:0
BRH:0
end_of_record
TN:
SF:src\controllers\user.controller.ts
FN:13,(anonymous_0)
FN:21,(anonymous_1)
FN:33,(anonymous_2)
FN:38,(anonymous_3)
FN:48,(anonymous_4)
FN:57,(anonymous_5)
FNF:6
FNH:5
FNDA:1,(anonymous_0)
FNDA:1,(anonymous_1)
FNDA:1,(anonymous_2)
FNDA:0,(anonymous_3)
FNDA:2,(anonymous_4)
FNDA:1,(anonymous_5)
DA:2,17
DA:4,17
DA:10,17
DA:15,1
DA:17,1
DA:18,1
DA:26,1
DA:27,1
DA:28,1
DA:34,1
DA:35,1
DA:44,0
DA:45,0
DA:53,2
DA:54,1
DA:62,1
DA:63,1
LF:17
LH:15
BRF:0
BRH:0
end_of_record
TN:
SF:src\controllers\workspace.controllers.ts
FN:7,(anonymous_0)
FN:18,(anonymous_1)
FN:23,(anonymous_2)
FN:34,(anonymous_3)
FNF:4
FNH:4
FNDA:34,(anonymous_0)
FNDA:2,(anonymous_1)
FNDA:1,(anonymous_2)
FNDA:2,(anonymous_3)
DA:3,17
DA:4,17
DA:6,17
DA:12,34
DA:13,34
DA:14,34
DA:16,33
DA:19,2
DA:20,2
DA:21,2
DA:24,1
DA:25,1
DA:26,1
DA:27,1
DA:32,1
DA:35,2
DA:36,2
DA:37,2
DA:38,2
LF:19
LH:19
BRF:0
BRH:0
end_of_record
TN:
SF:src\controllers\workspaceMembers.controller.ts
FN:8,(anonymous_0)
FN:16,(anonymous_1)
FN:24,(anonymous_2)
FN:33,(anonymous_3)
FN:40,(anonymous_4)
FNF:5
FNH:5
FNDA:1,(anonymous_0)
FNDA:1,(anonymous_1)
FNDA:1,(anonymous_2)
FNDA:1,(anonymous_3)
FNDA:1,(anonymous_4)
DA:3,17
DA:4,17
DA:6,17
DA:9,1
DA:10,1
DA:12,1
DA:13,1
DA:17,1
DA:18,1
DA:20,1
DA:21,1
DA:25,1
DA:26,1
DA:29,1
DA:30,1
DA:34,1
DA:36,1
DA:37,1
DA:41,1
DA:42,1
DA:44,1
DA:45,1
LF:22
LH:22
BRF:0
BRH:0
end_of_record
TN:
SF:src\middlewares\asyncHandler.ts
FN:4,(anonymous_0)
FN:4,(anonymous_1)
FNF:2
FNH:2
FNDA:1037,(anonymous_0)
FNDA:95,(anonymous_1)
DA:2,17
DA:4,1037
DA:5,95
LF:3
LH:3
BRF:0
BRH:0
end_of_record
TN:
SF:src\middlewares\authorization.middleware.ts
FN:9,(anonymous_1)
FN:17,(anonymous_2)
FN:18,(anonymous_3)
FN:43,(anonymous_4)
FN:44,(anonymous_5)
FN:109,(anonymous_6)
FN:110,(anonymous_7)
FN:214,(anonymous_8)
FNF:8
FNH:8
FNDA:5,(anonymous_1)
FNDA:34,(anonymous_2)
FNDA:8,(anonymous_3)
FNDA:221,(anonymous_4)
FNDA:47,(anonymous_5)
FNDA:221,(anonymous_6)
FNDA:18,(anonymous_7)
FNDA:18,(anonymous_8)
DA:2,17
DA:3,17
DA:4,17
DA:10,5
DA:11,5
DA:12,5
DA:17,17
DA:18,34
DA:19,8
DA:20,0
DA:23,8
DA:30,8
DA:31,8
DA:32,8
DA:34,8
DA:35,6
DA:37,2
DA:43,17
DA:44,221
DA:45,47
DA:46,0
DA:49,47
DA:50,47
DA:52,47
DA:53,0
DA:56,47
DA:57,47
DA:62,47
DA:63,2
DA:66,45
DA:67,0
DA:71,45
DA:78,45
DA:79,2
DA:82,43
DA:88,43
DA:89,43
DA:91,43
DA:93,43
DA:94,0
DA:97,43
DA:98,43
DA:101,0
DA:103,0
DA:104,0
DA:109,17
DA:110,221
DA:111,18
DA:112,0
DA:115,18
DA:116,18
DA:117,18
DA:119,18
DA:120,0
DA:123,18
DA:124,18
DA:129,18
DA:135,18
DA:145,18
DA:146,1
DA:149,17
DA:150,17
DA:153,17
DA:160,17
DA:161,17
DA:163,17
DA:165,17
DA:166,0
DA:169,17
DA:170,16
DA:173,1
DA:177,0
DA:180,1
DA:193,1
DA:194,0
DA:197,1
DA:198,1
DA:199,1
DA:201,1
DA:202,1
DA:204,0
DA:207,0
DA:208,0
DA:214,17
DA:215,18
DA:216,5
DA:218,13
LF:87
LH:71
BRDA:9,0,0,0
BRDA:9,1,0,5
BRDA:19,2,0,0
BRDA:19,3,0,8
BRDA:19,3,1,8
BRDA:34,4,0,6
BRDA:34,4,1,2
BRDA:45,5,0,0
BRDA:45,6,0,47
BRDA:45,6,1,47
BRDA:50,7,0,47
BRDA:50,7,1,0
BRDA:50,7,2,0
BRDA:52,8,0,0
BRDA:62,9,0,2
BRDA:62,10,0,47
BRDA:62,10,1,46
BRDA:66,11,0,0
BRDA:78,12,0,2
BRDA:93,13,0,0
BRDA:93,14,0,43
BRDA:93,14,1,5
BRDA:97,15,0,43
BRDA:97,16,0,43
BRDA:97,16,1,0
BRDA:111,17,0,0
BRDA:111,18,0,18
BRDA:111,18,1,18
BRDA:116,19,0,18
BRDA:116,19,1,0
BRDA:116,19,2,0
BRDA:117,20,0,18
BRDA:117,20,1,0
BRDA:117,20,2,0
BRDA:119,21,0,0
BRDA:119,22,0,18
BRDA:119,22,1,18
BRDA:145,23,0,1
BRDA:160,24,0,17
BRDA:163,25,0,17
BRDA:163,25,1,0
BRDA:165,26,0,0
BRDA:165,27,0,17
BRDA:165,27,1,17
BRDA:169,28,0,16
BRDA:173,29,0,0
BRDA:174,30,0,1
BRDA:174,30,1,0
BRDA:174,30,2,0
BRDA:193,31,0,0
BRDA:201,32,0,1
BRDA:201,32,1,0
BRDA:201,33,0,1
BRDA:201,33,1,0
BRDA:215,34,0,5
BRF:55
BRH:32
end_of_record
TN:
SF:src\middlewares\errorHandler.ts
FN:5,(anonymous_0)
FN:16,(anonymous_1)
FNF:2
FNH:1
FNDA:13,(anonymous_0)
FNDA:0,(anonymous_1)
DA:2,17
DA:3,17
DA:5,17
DA:6,13
DA:7,13
DA:12,13
DA:15,0
DA:16,0
DA:17,0
DA:22,0
DA:25,0
DA:30,0
LF:12
LH:6
BRDA:6,0,0,13
BRDA:10,1,0,13
BRDA:10,1,1,0
BRDA:15,2,0,0
BRDA:27,3,0,0
BRDA:27,3,1,0
BRF:6
BRH:2
end_of_record
TN:
SF:src\middlewares\oauth.middleware.ts
FNF:0
FNH:0
DA:1,17
DA:2,17
DA:4,17
DA:14,17
DA:15,17
LF:5
LH:5
BRDA:5,0,0,17
BRDA:5,0,1,17
BRF:2
BRH:2
end_of_record
TN:
SF:src\middlewares\passportAuth.ts
FN:14,(anonymous_1)
FN:15,(anonymous_2)
FNF:2
FNH:0
FNDA:0,(anonymous_1)
FNDA:0,(anonymous_2)
DA:2,17
DA:3,17
DA:14,17
DA:15,0
DA:16,0
DA:17,0
DA:18,0
DA:20,0
DA:21,0
DA:22,0
DA:25,0
DA:26,0
DA:30,17
LF:13
LH:4
BRDA:16,0,0,0
BRDA:20,1,0,0
BRDA:21,2,0,0
BRDA:21,2,1,0
BRDA:22,3,0,0
BRDA:22,3,1,0
BRF:6
BRH:0
end_of_record
TN:
SF:src\middlewares\protect.ts
FN:13,(anonymous_1)
FNF:1
FNH:1
FNDA:95,(anonymous_1)
DA:1,17
DA:2,17
DA:4,17
DA:13,17
DA:16,95
DA:17,94
DA:20,95
DA:21,1
DA:24,94
DA:25,94
DA:27,93
DA:31,93
DA:32,1
DA:35,92
DA:41,92
DA:43,1
LF:16
LH:16
BRDA:16,0,0,94
BRDA:20,1,0,1
BRDA:31,2,0,1
BRF:3
BRH:3
end_of_record
TN:
SF:src\middlewares\validation.middleware.ts
FN:5,validate
FN:6,(anonymous_1)
FNF:2
FNH:2
FNDA:357,validate
FNDA:61,(anonymous_1)
DA:1,17
DA:5,17
DA:6,357
DA:7,61
DA:9,61
DA:11,2
DA:13,59
DA:15,59
LF:8
LH:8
BRDA:9,0,0,2
BRF:1
BRH:1
end_of_record
TN:
SF:src\routes\auth.routes.ts
FNF:0
FNH:0
DA:1,17
DA:2,17
DA:15,17
DA:16,17
DA:17,17
DA:18,17
DA:19,17
DA:21,17
DA:25,17
DA:31,17
DA:33,17
DA:41,17
DA:46,17
DA:53,17
DA:60,17
DA:66,17
DA:68,17
DA:74,17
DA:82,17
DA:89,17
DA:96,17
DA:104,17
DA:110,17
DA:117,17
DA:125,17
DA:126,17
DA:129,17
DA:130,17
DA:136,17
DA:143,17
DA:148,17
LF:31
LH:31
BRF:0
BRH:0
end_of_record
TN:
SF:src\routes\channel.routes.ts
FNF:0
FNH:0
DA:2,17
DA:4,17
DA:5,17
DA:6,17
DA:7,17
DA:9,17
DA:10,17
DA:12,17
DA:13,17
DA:14,17
DA:17,17
DA:20,17
DA:27,17
DA:32,17
DA:37,17
DA:43,17
DA:50,17
DA:55,17
DA:56,17
DA:61,17
LF:20
LH:20
BRF:0
BRH:0
end_of_record
TN:
SF:src\routes\channelMembers.routes.ts
FNF:0
FNH:0
DA:1,17
DA:2,17
DA:3,17
DA:4,17
DA:5,17
DA:7,17
DA:10,17
DA:16,17
DA:23,17
DA:30,17
DA:37,17
DA:44,17
DA:50,17
LF:13
LH:13
BRF:0
BRH:0
end_of_record
TN:
SF:src\routes\channelMessage.routes.ts
FNF:0
FNH:0
DA:1,17
DA:2,17
DA:3,17
DA:4,17
DA:5,17
DA:6,17
DA:9,17
DA:15,17
DA:18,17
LF:9
LH:9
BRF:0
BRH:0
end_of_record
TN:
SF:src\routes\conversation.routes.ts
FNF:0
FNH:0
DA:1,17
DA:2,17
DA:3,17
DA:4,17
DA:5,17
DA:6,17
DA:8,17
DA:10,17
DA:12,17
DA:14,17
DA:16,17
LF:11
LH:11
BRF:0
BRH:0
end_of_record
TN:
SF:src\routes\dm.routes.ts
FNF:0
FNH:0
DA:1,17
DA:2,17
DA:3,17
DA:4,17
DA:5,17
DA:6,17
DA:9,17
DA:15,17
DA:18,17
LF:9
LH:9
BRF:0
BRH:0
end_of_record
TN:
SF:src\routes\file.routes.ts
FNF:0
FNH:0
DA:1,17
DA:2,17
DA:3,17
DA:4,17
DA:6,17
DA:8,17
DA:15,17
DA:18,17
DA:20,17
DA:22,17
DA:24,17
LF:11
LH:11
BRF:0
BRH:0
end_of_record
TN:
SF:src\routes\index.ts
FN:1,(anonymous_1)
FNF:1
FNH:1
FNDA:17,(anonymous_1)
DA:1,34
LF:1
LH:1
BRF:0
BRH:0
end_of_record
TN:
SF:src\routes\integration.routes.ts
FNF:0
FNH:0
DA:1,17
DA:2,17
DA:3,17
DA:4,17
DA:7,17
DA:9,17
DA:10,17
DA:12,17
LF:8
LH:8
BRF:0
BRH:0
end_of_record
TN:
SF:src\routes\invite.routes.ts
FNF:0
FNH:0
DA:1,17
DA:2,17
DA:3,17
DA:4,17
DA:5,17
DA:7,17
DA:8,17
DA:10,17
DA:12,17
DA:20,17
DA:25,17
LF:11
LH:11
BRF:0
BRH:0
end_of_record
TN:
SF:src\routes\meeting.routes.ts
FNF:0
FNH:0
DA:1,17
DA:2,17
DA:3,17
DA:4,17
DA:5,17
DA:6,17
DA:7,17
DA:9,17
DA:11,17
DA:18,17
DA:24,17
DA:30,17
DA:37,17
DA:43,17
LF:14
LH:14
BRF:0
BRH:0
end_of_record
TN:
SF:src\routes\user.routes.ts
FNF:0
FNH:0
DA:1,17
DA:2,17
DA:3,17
DA:4,17
DA:5,17
DA:6,17
DA:7,17
DA:8,17
DA:10,17
DA:14,17
DA:15,17
DA:18,17
DA:21,17
DA:22,17
DA:23,17
DA:24,17
DA:26,17
LF:17
LH:17
BRF:0
BRH:0
end_of_record
TN:
SF:src\routes\workspace.routes.ts
FNF:0
FNH:0
DA:1,17
DA:2,17
DA:3,17
DA:4,17
DA:5,17
DA:6,17
DA:7,17
DA:8,17
DA:9,17
DA:10,17
DA:11,17
DA:12,17
DA:15,17
DA:17,17
DA:23,17
DA:28,17
DA:34,17
DA:42,17
DA:47,17
DA:52,17
DA:58,17
DA:64,17
DA:69,17
LF:23
LH:23
BRF:0
BRH:0
end_of_record
TN:
SF:src\routes\workspaceMembers.routes.ts
FNF:0
FNH:0
DA:1,17
DA:2,17
DA:3,17
DA:4,17
DA:5,17
DA:7,17
DA:10,17
DA:17,17
DA:24,17
DA:31,17
DA:38,17
DA:44,17
LF:12
LH:12
BRF:0
BRH:0
end_of_record
TN:
SF:src\services\auth.service.ts
FN:24,(anonymous_1)
FN:27,(anonymous_2)
FN:43,(anonymous_3)
FN:49,(anonymous_4)
FN:65,(anonymous_5)
FN:96,(anonymous_6)
FN:134,(anonymous_7)
FN:190,(anonymous_8)
FN:255,(anonymous_9)
FN:308,(anonymous_10)
FN:357,(anonymous_11)
FN:373,(anonymous_12)
FN:384,(anonymous_13)
FN:437,(anonymous_14)
FN:491,(anonymous_15)
FN:559,(anonymous_16)
FN:607,(anonymous_17)
FN:623,(anonymous_18)
FN:651,(anonymous_19)
FN:667,(anonymous_20)
FN:678,(anonymous_21)
FN:721,(anonymous_22)
FNF:22
FNH:19
FNDA:18,(anonymous_1)
FNDA:4,(anonymous_2)
FNDA:1,(anonymous_3)
FNDA:2,(anonymous_4)
FNDA:3,(anonymous_5)
FNDA:3,(anonymous_6)
FNDA:3,(anonymous_7)
FNDA:3,(anonymous_8)
FNDA:2,(anonymous_9)
FNDA:1,(anonymous_10)
FNDA:3,(anonymous_11)
FNDA:2,(anonymous_12)
FNDA:2,(anonymous_13)
FNDA:2,(anonymous_14)
FNDA:3,(anonymous_15)
FNDA:2,(anonymous_16)
FNDA:3,(anonymous_17)
FNDA:1,(anonymous_18)
FNDA:1,(anonymous_19)
FNDA:0,(anonymous_20)
FNDA:0,(anonymous_21)
FNDA:0,(anonymous_22)
DA:2,18
DA:3,18
DA:6,18
DA:7,18
DA:8,18
DA:20,18
DA:22,18
DA:24,18
DA:25,18
DA:32,4
DA:33,4
DA:35,4
DA:40,4
DA:44,1
DA:45,1
DA:46,1
DA:50,2
DA:51,2
DA:61,0
DA:66,3
DA:70,3
DA:71,1
DA:74,2
DA:76,2
DA:77,2
DA:81,2
DA:91,2
DA:93,2
DA:97,3
DA:99,3
DA:100,1
DA:103,2
DA:107,2
DA:108,0
DA:112,2
DA:117,0
DA:119,0
DA:122,2
DA:131,2
DA:135,3
DA:139,3
DA:140,0
DA:143,3
DA:144,1
DA:148,2
DA:149,2
DA:151,2
DA:153,2
DA:154,1
DA:157,1
DA:165,1
DA:166,1
DA:171,1
DA:181,1
DA:187,1
DA:193,3
DA:197,3
DA:198,0
DA:201,3
DA:202,1
DA:205,2
DA:206,0
DA:207,0
DA:208,0
DA:212,2
DA:217,2
DA:218,0
DA:221,2
DA:222,0
DA:225,2
DA:226,2
DA:227,2
DA:228,2
DA:230,2
DA:232,2
DA:233,2
DA:243,2
DA:250,0
DA:251,0
DA:260,2
DA:261,2
DA:272,2
DA:273,0
DA:274,0
DA:276,0
DA:279,2
DA:281,2
DA:282,0
DA:283,0
DA:286,2
DA:288,2
DA:289,2
DA:300,0
DA:301,0
DA:303,0
DA:304,0
DA:312,1
DA:320,1
DA:321,0
DA:324,1
DA:325,1
DA:326,1
DA:327,1
DA:331,0
DA:332,0
DA:333,0
DA:335,0
DA:337,0
DA:338,0
DA:347,0
DA:352,0
DA:353,0
DA:358,3
DA:359,2
DA:362,1
DA:366,1
DA:367,0
DA:369,1
DA:370,1
DA:374,2
DA:375,2
DA:376,0
DA:378,2
DA:389,2
DA:393,2
DA:394,0
DA:397,2
DA:398,0
DA:401,2
DA:405,2
DA:406,0
DA:409,2
DA:413,2
DA:414,0
DA:419,2
DA:421,2
DA:422,2
DA:430,0
DA:431,0
DA:433,0
DA:438,2
DA:442,2
DA:443,0
DA:446,2
DA:447,0
DA:450,2
DA:451,0
DA:452,0
DA:453,0
DA:455,0
DA:456,0
DA:459,0
DA:465,2
DA:466,2
DA:468,2
DA:469,2
DA:471,2
DA:473,2
DA:474,2
DA:484,2
DA:486,0
DA:487,0
DA:499,3
DA:511,3
DA:512,0
DA:515,3
DA:519,1
DA:520,1
DA:523,2
DA:525,2
DA:526,1
DA:534,1
DA:535,0
DA:536,0
DA:541,1
DA:544,1
DA:553,1
DA:564,2
DA:575,2
DA:576,2
DA:577,2
DA:578,1
DA:579,1
DA:581,1
DA:585,0
DA:586,0
DA:590,1
DA:591,0
DA:595,1
DA:608,3
DA:609,3
DA:619,0
DA:626,1
DA:634,1
DA:636,1
DA:637,1
DA:639,1
DA:641,1
DA:653,1
DA:655,1
DA:673,0
DA:674,0
DA:675,0
DA:678,0
DA:679,0
DA:681,0
DA:694,0
DA:695,0
DA:700,0
DA:701,0
DA:704,0
DA:705,0
DA:710,0
DA:722,0
DA:733,0
DA:734,0
DA:737,0
DA:738,0
DA:741,0
DA:742,0
DA:745,0
DA:746,0
DA:749,0
DA:760,18
LF:224
LH:143
BRDA:70,0,0,1
BRDA:99,1,0,1
BRDA:99,2,0,3
BRDA:99,2,1,2
BRDA:107,3,0,0
BRDA:112,4,0,0
BRDA:113,5,0,2
BRDA:113,5,1,2
BRDA:113,5,2,2
BRDA:139,6,0,0
BRDA:143,7,0,1
BRDA:148,8,0,2
BRDA:153,9,0,1
BRDA:197,10,0,0
BRDA:201,11,0,1
BRDA:205,12,0,0
BRDA:207,13,0,0
BRDA:217,14,0,0
BRDA:221,15,0,0
BRDA:272,16,0,0
BRDA:272,17,0,2
BRDA:272,17,1,2
BRDA:273,18,0,0
BRDA:281,19,0,0
BRDA:296,20,0,2
BRDA:296,20,1,2
BRDA:300,21,0,0
BRDA:320,22,0,0
BRDA:324,23,0,1
BRDA:326,24,0,1
BRDA:358,25,0,2
BRDA:358,26,0,3
BRDA:358,26,1,3
BRDA:366,27,0,0
BRDA:366,28,0,1
BRDA:366,28,1,1
BRDA:375,29,0,0
BRDA:393,30,0,0
BRDA:397,31,0,0
BRDA:405,32,0,0
BRDA:413,33,0,0
BRDA:430,34,0,0
BRDA:442,35,0,0
BRDA:446,36,0,0
BRDA:450,37,0,0
BRDA:455,38,0,0
BRDA:511,39,0,0
BRDA:511,40,0,3
BRDA:511,40,1,3
BRDA:515,41,0,1
BRDA:516,42,0,3
BRDA:516,42,1,3
BRDA:525,43,0,1
BRDA:529,44,0,1
BRDA:529,44,1,1
BRDA:534,45,0,0
BRDA:534,46,0,1
BRDA:534,46,1,1
BRDA:575,47,0,0
BRDA:576,48,0,0
BRDA:577,49,0,1
BRDA:577,50,0,2
BRDA:577,50,1,2
BRDA:581,51,0,0
BRDA:582,52,0,1
BRDA:582,52,1,0
BRDA:590,53,0,0
BRDA:634,54,0,0
BRDA:644,55,0,1
BRDA:644,55,1,0
BRDA:662,56,0,1
BRDA:662,56,1,1
BRDA:674,57,0,0
BRDA:694,58,0,0
BRDA:700,59,0,0
BRDA:704,60,0,0
BRDA:733,61,0,0
BRDA:737,62,0,0
BRDA:741,63,0,0
BRDA:745,64,0,0
BRF:80
BRH:39
end_of_record
TN:
SF:src\services\channel.service.ts
FN:7,(anonymous_1)
FN:38,(anonymous_2)
FN:51,(anonymous_3)
FN:71,(anonymous_4)
FN:92,(anonymous_5)
FN:115,(anonymous_6)
FN:131,(anonymous_7)
FN:146,(anonymous_8)
FNF:8
FNH:8
FNDA:9,(anonymous_1)
FNDA:2,(anonymous_2)
FNDA:2,(anonymous_3)
FNDA:3,(anonymous_4)
FNDA:2,(anonymous_5)
FNDA:5,(anonymous_6)
FNDA:12,(anonymous_7)
FNDA:7,(anonymous_8)
DA:2,18
DA:3,18
DA:4,18
DA:6,18
DA:8,9
DA:9,7
DA:11,6
DA:35,6
DA:39,2
DA:52,2
DA:64,2
DA:65,1
DA:68,1
DA:76,3
DA:78,3
DA:79,3
DA:82,2
DA:93,2
DA:95,2
DA:116,5
DA:124,5
DA:125,0
DA:128,5
DA:132,12
DA:141,12
DA:142,3
DA:147,7
DA:148,7
DA:155,7
DA:156,1
DA:161,18
LF:31
LH:30
BRDA:64,0,0,1
BRDA:78,1,0,3
BRDA:78,2,0,3
BRDA:78,2,1,3
BRDA:124,3,0,0
BRDA:137,4,0,3
BRDA:137,4,1,9
BRDA:141,5,0,3
BRDA:147,6,0,7
BRDA:147,6,1,7
BRDA:155,7,0,1
BRF:11
BRH:10
end_of_record
TN:
SF:src\services\channelMembers.service.ts
FN:7,(anonymous_1)
FN:44,(anonymous_2)
FN:76,(anonymous_3)
FN:97,(anonymous_4)
FN:125,(anonymous_5)
FN:156,(anonymous_6)
FNF:6
FNH:6
FNDA:4,(anonymous_1)
FNDA:5,(anonymous_2)
FNDA:2,(anonymous_3)
FNDA:3,(anonymous_4)
FNDA:4,(anonymous_5)
FNDA:3,(anonymous_6)
DA:1,18
DA:2,18
DA:3,18
DA:5,18
DA:8,4
DA:17,4
DA:18,1
DA:21,3
DA:22,1
DA:36,2
DA:45,5
DA:55,5
DA:56,1
DA:59,4
DA:60,2
DA:63,2
DA:77,2
DA:98,3
DA:107,3
DA:108,1
DA:111,2
DA:126,4
DA:127,1
DA:130,3
DA:139,3
DA:140,1
DA:143,2
DA:157,3
DA:166,3
DA:167,1
DA:170,2
DA:179,18
LF:32
LH:32
BRDA:17,0,0,1
BRDA:17,1,0,4
BRDA:17,1,1,2
BRDA:21,2,0,1
BRDA:21,3,0,3
BRDA:21,3,1,1
BRDA:55,4,0,1
BRDA:59,5,0,2
BRDA:107,6,0,1
BRDA:107,7,0,3
BRDA:107,7,1,2
BRDA:126,8,0,1
BRDA:139,9,0,1
BRDA:139,10,0,3
BRDA:139,10,1,2
BRDA:166,11,0,1
BRDA:166,12,0,3
BRDA:166,12,1,2
BRF:18
BRH:18
end_of_record
TN:
SF:src\services\channelMessage.service.ts
FN:9,(anonymous_1)
FN:90,(anonymous_2)
FN:170,(anonymous_3)
FN:196,(anonymous_4)
FNF:4
FNH:4
FNDA:5,(anonymous_1)
FNDA:4,(anonymous_2)
FNDA:3,(anonymous_3)
FNDA:3,(anonymous_4)
DA:1,18
DA:2,18
DA:3,18
DA:4,18
DA:5,18
DA:8,18
DA:15,5
DA:23,5
DA:24,1
DA:27,4
DA:34,4
DA:35,0
DA:39,4
DA:48,4
DA:51,4
DA:52,1
DA:53,1
DA:54,1
DA:55,1
DA:56,1
DA:58,0
DA:63,1
DA:67,4
DA:78,4
DA:79,0
DA:83,4
DA:84,1
DA:87,4
DA:91,4
DA:99,4
DA:100,0
DA:103,4
DA:110,4
DA:111,1
DA:114,3
DA:115,1
DA:122,1
DA:123,1
DA:127,2
DA:133,2
DA:167,2
DA:173,3
DA:177,3
DA:178,0
DA:181,3
DA:182,1
DA:185,2
DA:193,2
DA:197,3
DA:201,3
DA:202,0
DA:205,3
DA:206,1
DA:209,2
DA:216,2
DA:222,18
LF:56
LH:50
BRDA:23,0,0,1
BRDA:23,1,0,5
BRDA:23,1,1,4
BRDA:34,2,0,0
BRDA:51,3,0,1
BRDA:51,4,0,4
BRDA:51,4,1,1
BRDA:78,5,0,0
BRDA:83,6,0,1
BRDA:83,7,0,4
BRDA:83,7,1,1
BRDA:99,8,0,0
BRDA:99,9,0,4
BRDA:99,9,1,4
BRDA:110,10,0,1
BRDA:114,11,0,1
BRDA:122,12,0,1
BRDA:138,13,0,0
BRDA:138,13,1,2
BRDA:141,14,0,0
BRDA:141,14,1,2
BRDA:177,15,0,0
BRDA:177,16,0,3
BRDA:177,16,1,3
BRDA:177,16,2,3
BRDA:181,17,0,1
BRDA:201,18,0,0
BRDA:201,19,0,3
BRDA:201,19,1,3
BRDA:201,19,2,3
BRDA:205,20,0,1
BRF:31
BRH:24
end_of_record
TN:
SF:src\services\conversation.service.ts
FN:7,(anonymous_1)
FN:42,(anonymous_2)
FN:43,(anonymous_3)
FN:45,(anonymous_4)
FN:67,(anonymous_5)
FN:99,(anonymous_6)
FN:100,(anonymous_7)
FN:102,(anonymous_8)
FN:112,(anonymous_9)
FN:121,(anonymous_10)
FNF:10
FNH:10
FNDA:5,(anonymous_1)
FNDA:1,(anonymous_2)
FNDA:2,(anonymous_3)
FNDA:2,(anonymous_4)
FNDA:5,(anonymous_5)
FNDA:1,(anonymous_6)
FNDA:3,(anonymous_7)
FNDA:3,(anonymous_8)
FNDA:3,(anonymous_9)
FNDA:2,(anonymous_10)
DA:1,18
DA:2,18
DA:3,18
DA:6,18
DA:8,5
DA:9,1
DA:12,4
DA:17,4
DA:18,1
DA:21,3
DA:28,3
DA:29,1
DA:32,2
DA:42,2
DA:43,2
DA:44,1
DA:45,2
DA:48,2
DA:50,1
DA:65,1
DA:68,5
DA:70,5
DA:71,1
DA:74,4
DA:79,4
DA:80,1
DA:83,3
DA:90,3
DA:91,1
DA:94,2
DA:99,2
DA:100,3
DA:101,1
DA:102,3
DA:105,2
DA:107,1
DA:112,3
DA:119,1
DA:122,2
DA:128,2
DA:172,2
DA:179,18
LF:42
LH:42
BRDA:8,0,0,1
BRDA:17,1,0,1
BRDA:28,2,0,1
BRDA:45,3,0,1
BRDA:45,3,1,1
BRDA:48,4,0,1
BRDA:70,5,0,1
BRDA:79,6,0,1
BRDA:90,7,0,1
BRDA:102,8,0,1
BRDA:102,8,1,1
BRDA:105,9,0,1
BRDA:134,10,0,2
BRDA:134,10,1,2
BRDA:135,11,0,1
BRDA:135,11,1,1
BRDA:167,12,0,2
BRDA:167,12,1,2
BRF:18
BRH:18
end_of_record
TN:
SF:src\services\dm.service.ts
FN:11,(anonymous_1)
FN:28,(anonymous_2)
FN:96,(anonymous_3)
FN:109,(anonymous_4)
FN:165,(anonymous_5)
FN:189,(anonymous_6)
FNF:6
FNH:6
FNDA:5,(anonymous_1)
FNDA:4,(anonymous_2)
FNDA:3,(anonymous_3)
FNDA:2,(anonymous_4)
FNDA:4,(anonymous_5)
FNDA:4,(anonymous_6)
DA:1,18
DA:2,18
DA:3,18
DA:4,18
DA:5,18
DA:9,18
DA:12,5
DA:24,5
DA:25,1
DA:28,4
DA:29,4
DA:30,1
DA:33,3
DA:40,3
DA:41,0
DA:44,3
DA:53,3
DA:54,1
DA:57,3
DA:58,1
DA:59,1
DA:60,1
DA:61,1
DA:62,1
DA:64,0
DA:69,1
DA:73,3
DA:84,3
DA:85,0
DA:89,3
DA:90,1
DA:93,3
DA:97,3
DA:105,3
DA:106,1
DA:109,2
DA:110,2
DA:111,0
DA:114,2
DA:121,2
DA:122,0
DA:125,2
DA:131,2
DA:162,2
DA:167,4
DA:171,4
DA:172,1
DA:175,3
DA:176,1
DA:179,2
DA:187,2
DA:190,4
DA:194,4
DA:195,1
DA:198,3
DA:199,1
DA:202,2
DA:209,2
DA:218,18
LF:59
LH:54
BRDA:24,0,0,1
BRDA:29,1,0,1
BRDA:40,2,0,0
BRDA:53,3,0,1
BRDA:57,4,0,1
BRDA:57,5,0,3
BRDA:57,5,1,1
BRDA:84,6,0,0
BRDA:89,7,0,1
BRDA:89,8,0,3
BRDA:89,8,1,1
BRDA:105,9,0,1
BRDA:110,10,0,0
BRDA:121,11,0,0
BRDA:134,12,0,2
BRDA:134,12,1,2
BRDA:136,13,0,2
BRDA:136,13,1,2
BRDA:171,14,0,1
BRDA:171,15,0,4
BRDA:171,15,1,3
BRDA:175,16,0,1
BRDA:194,17,0,1
BRDA:194,18,0,4
BRDA:194,18,1,3
BRDA:198,19,0,1
BRF:26
BRH:22
end_of_record
TN:
SF:src\services\file.service.ts
FN:19,(anonymous_1)
FN:92,(anonymous_2)
FN:140,(anonymous_3)
FNF:3
FNH:3
FNDA:4,(anonymous_1)
FNDA:6,(anonymous_2)
FNDA:3,(anonymous_3)
DA:1,18
DA:2,18
DA:3,18
DA:4,18
DA:6,18
DA:9,18
DA:16,18
DA:20,4
DA:23,4
DA:24,1
DA:27,3
DA:29,3
DA:30,3
DA:31,3
DA:32,3
DA:35,3
DA:37,3
DA:38,1
DA:39,1
DA:41,2
DA:42,2
DA:44,1
DA:45,1
DA:47,0
DA:48,0
DA:51,0
DA:54,2
DA:56,2
DA:59,2
DA:66,2
DA:67,2
DA:68,2
DA:70,2
DA:71,2
DA:82,2
DA:84,2
DA:86,0
DA:87,0
DA:93,6
DA:105,6
DA:106,1
DA:110,5
DA:112,5
DA:113,3
DA:114,2
DA:115,2
DA:120,2
DA:121,2
DA:124,2
DA:125,0
DA:126,0
DA:129,0
DA:134,5
DA:135,1
DA:137,4
DA:141,3
DA:144,3
DA:145,1
DA:148,2
DA:150,2
DA:152,2
DA:157,2
DA:159,0
DA:160,0
DA:165,18
LF:65
LH:55
BRDA:23,0,0,1
BRDA:29,1,0,3
BRDA:29,1,1,0
BRDA:29,2,0,3
BRDA:29,2,1,3
BRDA:29,2,2,3
BRDA:37,3,0,1
BRDA:44,4,0,1
BRDA:105,5,0,1
BRDA:112,6,0,3
BRDA:112,6,1,2
BRDA:114,7,0,2
BRDA:120,8,0,2
BRDA:120,8,1,0
BRDA:124,9,0,1
BRDA:125,10,0,0
BRDA:129,11,0,0
BRDA:134,12,0,1
BRDA:144,13,0,1
BRF:19
BRH:15
end_of_record
TN:
SF:src\services\invite.service.ts
FN:10,(anonymous_1)
FN:87,(anonymous_2)
FNF:2
FNH:2
FNDA:10,(anonymous_1)
FNDA:13,(anonymous_2)
DA:1,18
DA:2,18
DA:4,18
DA:6,18
DA:8,18
DA:15,10
DA:23,10
DA:24,1
DA:27,9
DA:31,9
DA:32,6
DA:41,6
DA:42,0
DA:45,9
DA:49,9
DA:50,1
DA:53,8
DA:58,8
DA:59,1
DA:62,7
DA:64,7
DA:65,7
DA:67,7
DA:78,7
DA:84,7
DA:88,13
DA:95,13
DA:96,1
DA:99,12
DA:100,1
DA:101,1
DA:106,1
DA:109,11
DA:110,1
DA:114,1
DA:117,10
DA:122,10
DA:123,1
DA:126,9
DA:127,1
DA:130,8
DA:139,8
DA:140,1
DA:143,7
DA:151,7
DA:158,7
DA:162,18
LF:47
LH:46
BRDA:23,0,0,1
BRDA:31,1,0,6
BRDA:41,2,0,0
BRDA:49,3,0,1
BRDA:58,4,0,1
BRDA:73,5,0,7
BRDA:73,5,1,5
BRDA:95,6,0,1
BRDA:99,7,0,1
BRDA:100,8,0,1
BRDA:100,9,0,1
BRDA:100,9,1,1
BRDA:109,10,0,1
BRDA:122,11,0,1
BRDA:126,12,0,1
BRDA:139,13,0,1
BRF:16
BRH:15
end_of_record
TN:
SF:src\services\meeting.service.ts
FN:17,(anonymous_1)
FN:33,(anonymous_2)
FN:59,(anonymous_3)
FN:83,(anonymous_4)
FN:103,(anonymous_5)
FN:162,(anonymous_6)
FN:163,(anonymous_7)
FN:164,(anonymous_8)
FN:216,(anonymous_9)
FN:260,(anonymous_10)
FN:285,(anonymous_11)
FN:327,(anonymous_12)
FNF:12
FNH:12
FNDA:1,(anonymous_1)
FNDA:2,(anonymous_2)
FNDA:2,(anonymous_3)
FNDA:1,(anonymous_4)
FNDA:2,(anonymous_5)
FNDA:1,(anonymous_6)
FNDA:1,(anonymous_7)
FNDA:1,(anonymous_8)
FNDA:4,(anonymous_9)
FNDA:3,(anonymous_10)
FNDA:1,(anonymous_11)
FNDA:1,(anonymous_12)
DA:1,18
DA:2,18
DA:4,18
DA:5,18
DA:7,18
DA:10,18
DA:16,18
DA:18,1
DA:24,1
DA:30,1
DA:34,2
DA:35,2
DA:37,2
DA:38,2
DA:42,2
DA:44,2
DA:45,1
DA:48,1
DA:56,1
DA:60,2
DA:65,2
DA:66,1
DA:69,1
DA:70,1
DA:72,1
DA:77,1
DA:78,0
DA:80,1
DA:84,1
DA:89,1
DA:90,0
DA:91,0
DA:92,0
DA:94,0
DA:97,1
DA:100,1
DA:104,2
DA:107,2
DA:108,0
DA:111,2
DA:115,2
DA:116,0
DA:119,2
DA:125,2
DA:126,0
DA:129,2
DA:142,2
DA:143,1
DA:144,1
DA:146,1
DA:161,1
DA:162,1
DA:163,1
DA:164,1
DA:166,1
DA:189,1
DA:196,1
DA:205,1
DA:208,0
DA:209,0
DA:213,1
DA:217,4
DA:220,4
DA:221,0
DA:224,4
DA:230,4
DA:231,0
DA:234,4
DA:239,4
DA:240,1
DA:245,4
DA:257,4
DA:261,3
DA:263,3
DA:279,3
DA:280,0
DA:282,3
DA:286,1
DA:288,1
DA:293,1
DA:294,0
DA:297,1
DA:302,1
DA:303,0
DA:304,0
DA:305,0
DA:313,0
DA:320,0
DA:324,1
DA:328,1
DA:330,1
DA:335,1
DA:336,0
DA:339,1
DA:344,1
DA:345,0
DA:346,0
DA:347,0
DA:353,0
DA:357,1
DA:361,18
LF:101
LH:77
BRDA:44,0,0,1
BRDA:65,1,0,1
BRDA:77,2,0,0
BRDA:89,3,0,0
BRDA:89,3,1,1
BRDA:90,4,0,0
BRDA:90,4,1,0
BRDA:107,5,0,0
BRDA:115,6,0,0
BRDA:125,7,0,0
BRDA:142,8,0,1
BRDA:163,9,0,1
BRDA:163,9,1,1
BRDA:168,10,0,1
BRDA:168,10,1,0
BRDA:190,11,0,1
BRDA:190,11,1,0
BRDA:201,12,0,1
BRDA:201,12,1,1
BRDA:205,13,0,1
BRDA:205,13,1,1
BRDA:216,14,0,0
BRDA:220,15,0,0
BRDA:230,16,0,0
BRDA:239,17,0,1
BRDA:279,18,0,0
BRDA:293,19,0,0
BRDA:293,20,0,1
BRDA:293,20,1,0
BRDA:293,20,2,0
BRDA:302,21,0,0
BRDA:302,22,0,1
BRDA:302,22,1,0
BRDA:308,23,0,0
BRDA:308,23,1,0
BRDA:309,24,0,0
BRDA:309,24,1,0
BRDA:314,25,0,0
BRDA:314,25,1,0
BRDA:335,26,0,0
BRDA:335,27,0,1
BRDA:335,27,1,0
BRDA:335,27,2,0
BRDA:344,28,0,0
BRDA:344,29,0,1
BRDA:344,29,1,0
BRDA:348,30,0,0
BRDA:348,30,1,0
BRF:48
BRH:17
end_of_record
TN:
SF:src\services\mention.service.ts
FN:6,(anonymous_1)
FN:8,(anonymous_2)
FN:20,(anonymous_3)
FN:27,(anonymous_4)
FN:28,(anonymous_5)
FNF:5
FNH:5
FNDA:6,(anonymous_1)
FNDA:4,(anonymous_2)
FNDA:3,(anonymous_3)
FNDA:3,(anonymous_4)
FNDA:2,(anonymous_5)
DA:1,19
DA:2,19
DA:3,19
DA:5,19
DA:7,6
DA:8,6
DA:10,6
DA:18,6
DA:19,2
DA:20,3
DA:26,2
DA:27,3
DA:29,2
DA:43,2
DA:45,6
DA:49,19
LF:16
LH:16
BRDA:18,0,0,2
BRF:1
BRH:1
end_of_record
TN:
SF:src\services\message.service.ts
FN:7,(anonymous_1)
FN:13,(anonymous_2)
FN:60,(anonymous_3)
FNF:3
FNH:3
FNDA:4,(anonymous_1)
FNDA:1,(anonymous_2)
FNDA:3,(anonymous_3)
DA:1,1
DA:2,1
DA:3,1
DA:4,1
DA:6,1
DA:9,4
DA:10,4
DA:12,1
DA:13,1
DA:15,0
DA:18,3
DA:24,3
DA:25,1
DA:28,2
DA:37,2
DA:38,1
DA:41,1
DA:57,1
DA:61,3
DA:67,3
DA:68,1
DA:71,2
DA:80,2
DA:81,1
DA:84,1
DA:101,1
DA:104,1
LF:27
LH:26
BRDA:12,0,0,1
BRDA:24,1,0,1
BRDA:37,2,0,1
BRDA:60,3,0,3
BRDA:60,4,0,3
BRDA:67,5,0,1
BRDA:80,6,0,1
BRF:7
BRH:7
end_of_record
TN:
SF:src\services\notification.service.ts
FN:5,(anonymous_1)
FNF:1
FNH:0
FNDA:0,(anonymous_1)
DA:2,17
DA:4,17
DA:6,0
DA:10,0
DA:14,17
LF:5
LH:3
BRF:0
BRH:0
end_of_record
TN:
SF:src\services\reaction.service.ts
FN:4,(anonymous_1)
FN:48,(anonymous_2)
FN:92,(anonymous_3)
FNF:3
FNH:3
FNDA:8,(anonymous_1)
FNDA:4,(anonymous_2)
FNDA:4,(anonymous_3)
DA:1,18
DA:2,18
DA:4,18
DA:5,8
DA:29,8
DA:30,1
DA:33,7
DA:34,4
DA:35,4
DA:38,7
DA:39,3
DA:40,3
DA:42,7
DA:43,0
DA:47,18
DA:49,4
DA:51,4
DA:59,4
DA:60,1
DA:69,1
DA:71,3
DA:72,1
DA:82,3
DA:90,3
DA:93,4
DA:95,3
DA:104,3
DA:108,18
LF:28
LH:27
BRDA:29,0,0,1
BRDA:33,1,0,4
BRDA:34,2,0,4
BRDA:34,2,1,0
BRDA:35,3,0,0
BRDA:38,4,0,3
BRDA:39,5,0,3
BRDA:39,5,1,0
BRDA:40,6,0,0
BRDA:42,7,0,0
BRDA:42,8,0,7
BRDA:42,8,1,3
BRDA:59,9,0,1
BRDA:71,10,0,1
BRF:14
BRH:9
end_of_record
TN:
SF:src\services\user.service.ts
FN:13,(anonymous_1)
FN:39,(anonymous_2)
FN:54,(anonymous_3)
FN:68,(anonymous_4)
FN:74,(anonymous_5)
FN:84,(anonymous_6)
FN:110,(anonymous_7)
FN:125,(anonymous_8)
FN:154,(anonymous_9)
FN:165,(anonymous_10)
FNF:10
FNH:8
FNDA:3,(anonymous_1)
FNDA:14,(anonymous_2)
FNDA:0,(anonymous_3)
FNDA:3,(anonymous_4)
FNDA:4,(anonymous_5)
FNDA:3,(anonymous_6)
FNDA:2,(anonymous_7)
FNDA:1,(anonymous_8)
FNDA:0,(anonymous_9)
FNDA:5,(anonymous_10)
DA:1,18
DA:2,18
DA:3,18
DA:4,18
DA:8,18
DA:14,3
DA:31,3
DA:32,1
DA:35,2
DA:40,14
DA:47,14
DA:48,0
DA:51,14
DA:55,0
DA:62,0
DA:63,0
DA:66,0
DA:69,3
DA:71,3
DA:73,3
DA:74,4
DA:77,3
DA:78,1
DA:83,2
DA:84,3
DA:87,2
DA:102,2
DA:111,2
DA:113,2
DA:120,2
DA:126,1
DA:132,1
DA:150,1
DA:155,0
DA:157,0
DA:162,0
DA:170,5
DA:171,5
DA:172,1
DA:175,4
DA:177,4
DA:178,2
DA:181,2
DA:186,2
DA:191,18
LF:45
LH:37
BRDA:31,0,0,1
BRDA:47,1,0,0
BRDA:62,2,0,0
BRDA:77,3,0,1
BRDA:135,4,0,1
BRDA:135,4,1,1
BRDA:145,5,0,1
BRDA:145,5,1,1
BRDA:171,6,0,1
BRDA:177,7,0,2
BRF:10
BRH:8
end_of_record
TN:
SF:src\services\workspace.service.ts
FN:14,(anonymous_1)
FN:72,(anonymous_2)
FN:113,(anonymous_3)
FN:123,(anonymous_4)
FN:168,(anonymous_5)
FN:209,(anonymous_6)
FNF:6
FNH:6
FNDA:38,(anonymous_1)
FNDA:3,(anonymous_2)
FNDA:2,(anonymous_3)
FNDA:3,(anonymous_4)
FNDA:5,(anonymous_5)
FNDA:2,(anonymous_6)
DA:2,18
DA:3,18
DA:4,18
DA:13,18
DA:18,38
DA:26,38
DA:27,2
DA:30,36
DA:35,36
DA:36,36
DA:37,1
DA:39,35
DA:41,35
DA:48,35
DA:49,1
DA:52,34
DA:68,34
DA:78,3
DA:83,3
DA:87,3
DA:88,0
DA:91,3
DA:92,0
DA:95,3
DA:113,3
DA:128,3
DA:132,3
DA:133,0
DA:136,3
DA:137,0
DA:140,3
DA:141,3
DA:150,3
DA:151,1
DA:155,2
DA:164,2
DA:170,5
DA:174,5
DA:175,1
DA:178,4
DA:179,1
DA:182,3
DA:207,3
DA:210,2
DA:217,2
DA:218,1
DA:221,1
DA:227,18
LF:48
LH:44
BRDA:26,0,0,2
BRDA:36,1,0,1
BRDA:39,2,0,35
BRDA:39,2,1,33
BRDA:48,3,0,1
BRDA:87,4,0,0
BRDA:91,5,0,0
BRDA:109,6,0,3
BRDA:109,6,1,0
BRDA:132,7,0,0
BRDA:132,8,0,3
BRDA:132,8,1,3
BRDA:136,9,0,0
BRDA:140,10,0,3
BRDA:150,11,0,1
BRDA:158,12,0,2
BRDA:158,12,1,2
BRDA:159,13,0,2
BRDA:159,13,1,0
BRDA:174,14,0,1
BRDA:178,15,0,1
BRDA:217,16,0,1
BRF:22
BRH:16
end_of_record
TN:
SF:src\services\workspaceMembers.ts
FN:6,(anonymous_1)
FN:27,(anonymous_2)
FN:57,(anonymous_3)
FN:82,(anonymous_4)
FN:102,(anonymous_5)
FN:116,(anonymous_6)
FNF:6
FNH:6
FNDA:3,(anonymous_1)
FNDA:6,(anonymous_2)
FNDA:5,(anonymous_3)
FNDA:3,(anonymous_4)
FNDA:2,(anonymous_5)
FNDA:3,(anonymous_6)
DA:1,18
DA:2,18
DA:3,18
DA:5,18
DA:7,3
DA:11,3
DA:12,1
DA:15,2
DA:16,1
DA:22,1
DA:28,6
DA:33,6
DA:35,5
DA:36,1
DA:39,4
DA:40,1
DA:43,3
DA:47,3
DA:48,1
DA:51,2
DA:58,5
DA:63,5
DA:64,4
DA:65,1
DA:68,3
DA:72,3
DA:73,1
DA:76,2
DA:84,3
DA:85,0
DA:87,3
DA:91,3
DA:92,1
DA:94,2
DA:96,2
DA:103,2
DA:117,3
DA:121,3
DA:122,1
DA:125,2
DA:130,2
DA:131,2
DA:137,2
DA:141,18
LF:44
LH:43
BRDA:6,0,0,3
BRDA:11,1,0,1
BRDA:11,2,0,3
BRDA:11,2,1,2
BRDA:15,3,0,1
BRDA:15,4,0,2
BRDA:15,4,1,1
BRDA:33,5,0,1
BRDA:35,6,0,1
BRDA:39,7,0,1
BRDA:47,8,0,1
BRDA:47,9,0,3
BRDA:47,9,1,2
BRDA:63,10,0,1
BRDA:64,11,0,1
BRDA:72,12,0,1
BRDA:72,13,0,3
BRDA:72,13,1,2
BRDA:84,14,0,0
BRDA:84,15,0,3
BRDA:84,15,1,3
BRDA:91,16,0,1
BRDA:91,17,0,3
BRDA:91,17,1,2
BRDA:94,18,0,0
BRDA:121,19,0,1
BRDA:121,20,0,3
BRDA:121,20,1,2
BRDA:130,21,0,2
BRF:29
BRH:27
end_of_record
TN:
SF:src\socket\index.ts
FN:13,(anonymous_1)
FN:18,(anonymous_2)
FN:31,(anonymous_3)
FN:46,(anonymous_4)
FNF:4
FNH:4
FNDA:17,(anonymous_1)
FNDA:62,(anonymous_2)
FNDA:62,(anonymous_3)
FNDA:62,(anonymous_4)
DA:1,17
DA:3,17
DA:4,17
DA:5,17
DA:6,17
DA:7,17
DA:8,17
DA:13,17
DA:14,17
DA:18,17
DA:19,62
DA:20,62
DA:22,62
DA:23,62
DA:24,62
DA:25,62
DA:27,0
DA:31,17
DA:32,62
DA:33,62
DA:36,62
DA:40,62
DA:41,62
DA:42,62
DA:43,62
DA:46,62
DA:47,62
DA:50,62
LF:28
LH:27
BRDA:20,0,0,0
BRF:1
BRH:0
end_of_record
TN:
SF:src\socket\handlers\reactionHandlers.ts
FN:6,(anonymous_0)
FN:9,(anonymous_1)
FN:28,(anonymous_2)
FNF:3
FNH:3
FNDA:62,(anonymous_0)
FNDA:2,(anonymous_1)
FNDA:1,(anonymous_2)
DA:2,17
DA:3,17
DA:4,17
DA:6,17
DA:7,62
DA:9,62
DA:10,2
DA:11,2
DA:13,1
DA:14,1
DA:15,1
DA:17,1
DA:19,1
DA:24,0
DA:28,62
DA:29,1
DA:30,1
DA:31,1
DA:33,0
LF:19
LH:17
BRDA:11,0,0,1
BRF:1
BRH:1
end_of_record
TN:
SF:src\socket\handlers\userHandlers.ts
FN:4,(anonymous_0)
FN:7,(anonymous_1)
FNF:2
FNH:1
FNDA:62,(anonymous_0)
FNDA:0,(anonymous_1)
DA:2,17
DA:4,17
DA:5,62
DA:7,62
DA:8,0
DA:9,0
DA:10,0
DA:12,0
LF:8
LH:4
BRDA:12,0,0,0
BRDA:12,0,1,0
BRF:2
BRH:0
end_of_record
TN:
SF:src\socket\handlers\DM\dmCall.handler.ts
FN:3,(anonymous_0)
FN:4,(anonymous_1)
FN:8,(anonymous_2)
FN:12,(anonymous_3)
FN:16,(anonymous_4)
FN:20,(anonymous_5)
FNF:6
FNH:6
FNDA:62,(anonymous_0)
FNDA:1,(anonymous_1)
FNDA:1,(anonymous_2)
FNDA:1,(anonymous_3)
FNDA:1,(anonymous_4)
FNDA:1,(anonymous_5)
DA:3,17
DA:4,62
DA:5,1
DA:8,62
DA:9,1
DA:12,62
DA:13,1
DA:16,62
DA:17,1
DA:20,62
DA:21,1
LF:11
LH:11
BRF:0
BRH:0
end_of_record
TN:
SF:src\socket\handlers\DM\dmInCallMessage.handler.ts
FN:3,(anonymous_0)
FN:4,(anonymous_1)
FNF:2
FNH:2
FNDA:62,(anonymous_0)
FNDA:3,(anonymous_1)
DA:3,17
DA:4,62
DA:5,3
DA:6,1
DA:7,1
DA:10,2
LF:6
LH:6
BRDA:5,0,0,1
BRDA:5,1,0,3
BRDA:5,1,1,3
BRF:3
BRH:3
end_of_record
TN:
SF:src\socket\handlers\DM\dmMessage.handler.ts
FN:7,(anonymous_0)
FN:8,(anonymous_1)
FN:13,(anonymous_2)
FN:23,(anonymous_3)
FN:38,(anonymous_4)
FN:47,(anonymous_5)
FN:57,(anonymous_6)
FN:71,(anonymous_7)
FN:75,(anonymous_8)
FNF:9
FNH:8
FNDA:62,(anonymous_0)
FNDA:40,(anonymous_1)
FNDA:1,(anonymous_2)
FNDA:0,(anonymous_3)
FNDA:1,(anonymous_4)
FNDA:1,(anonymous_5)
FNDA:1,(anonymous_6)
FNDA:1,(anonymous_7)
FNDA:1,(anonymous_8)
DA:2,17
DA:3,17
DA:4,17
DA:5,17
DA:7,17
DA:8,62
DA:9,40
DA:10,40
DA:13,62
DA:14,1
DA:15,1
DA:17,1
DA:18,1
DA:19,1
DA:20,1
DA:22,1
DA:23,0
DA:24,0
DA:33,0
DA:34,0
DA:38,62
DA:39,1
DA:40,1
DA:41,1
DA:43,0
DA:47,62
DA:48,1
DA:49,1
DA:50,1
DA:51,1
DA:53,0
DA:57,62
DA:58,1
DA:59,1
DA:61,1
DA:62,1
DA:63,1
DA:64,1
DA:65,1
DA:67,0
DA:71,62
DA:72,1
DA:75,62
DA:76,1
LF:44
LH:37
BRDA:15,0,0,0
BRDA:22,1,0,0
BRDA:34,2,0,0
BRDA:34,2,1,0
BRDA:43,3,0,0
BRDA:43,3,1,0
BRDA:59,4,0,0
BRF:7
BRH:0
end_of_record
TN:
SF:src\socket\handlers\DM\dmScreenShare.handler.ts
FN:3,(anonymous_0)
FN:4,(anonymous_1)
FN:8,(anonymous_2)
FN:12,(anonymous_3)
FN:16,(anonymous_4)
FNF:5
FNH:5
FNDA:62,(anonymous_0)
FNDA:1,(anonymous_1)
FNDA:1,(anonymous_2)
FNDA:1,(anonymous_3)
FNDA:1,(anonymous_4)
DA:3,17
DA:4,62
DA:5,1
DA:8,62
DA:9,1
DA:12,62
DA:13,1
DA:16,62
DA:17,1
LF:9
LH:9
BRF:0
BRH:0
end_of_record
TN:
SF:src\socket\handlers\DM\index.ts
FN:7,(anonymous_0)
FN:20,(anonymous_1)
FN:21,(anonymous_2)
FNF:3
FNH:2
FNDA:62,(anonymous_0)
FNDA:62,(anonymous_1)
FNDA:0,(anonymous_2)
DA:2,17
DA:3,17
DA:4,17
DA:5,17
DA:7,17
DA:8,62
DA:9,62
DA:10,0
DA:11,0
DA:12,0
DA:15,62
DA:16,62
DA:17,62
DA:18,62
DA:20,62
DA:21,62
DA:22,0
DA:23,0
DA:24,0
LF:19
LH:13
BRDA:9,0,0,0
BRDA:22,1,0,0
BRDA:22,2,0,0
BRDA:22,2,1,0
BRF:4
BRH:0
end_of_record
TN:
SF:src\socket\handlers\channel\channelCall.handler.ts
FN:3,(anonymous_0)
FN:5,(anonymous_1)
FN:18,(anonymous_2)
FN:24,(anonymous_3)
FN:30,(anonymous_4)
FN:35,(anonymous_5)
FN:40,(anonymous_6)
FN:45,(anonymous_7)
FNF:8
FNH:5
FNDA:62,(anonymous_0)
FNDA:14,(anonymous_1)
FNDA:1,(anonymous_2)
FNDA:1,(anonymous_3)
FNDA:1,(anonymous_4)
FNDA:0,(anonymous_5)
FNDA:0,(anonymous_6)
FNDA:0,(anonymous_7)
DA:3,17
DA:5,62
DA:6,14
DA:7,14
DA:8,14
DA:9,14
DA:10,14
DA:13,0
DA:18,62
DA:19,1
DA:20,1
DA:24,62
DA:25,1
DA:26,1
DA:30,62
DA:31,1
DA:32,1
DA:35,62
DA:36,0
DA:37,0
DA:40,62
DA:41,0
DA:42,0
DA:45,62
DA:46,0
DA:47,0
DA:48,0
DA:51,0
LF:28
LH:19
BRDA:9,0,0,14
BRDA:9,0,1,0
BRDA:46,1,0,0
BRDA:46,2,0,0
BRDA:46,2,1,0
BRF:5
BRH:1
end_of_record
TN:
SF:src\socket\handlers\channel\channelMessage.handler.ts
FN:11,(anonymous_0)
FN:12,(anonymous_1)
FN:17,(anonymous_2)
FN:27,(anonymous_3)
FN:42,(anonymous_4)
FN:60,(anonymous_5)
FN:72,(anonymous_6)
FNF:7
FNH:6
FNDA:62,(anonymous_0)
FNDA:5,(anonymous_1)
FNDA:2,(anonymous_2)
FNDA:0,(anonymous_3)
FNDA:1,(anonymous_4)
FNDA:1,(anonymous_5)
FNDA:1,(anonymous_6)
DA:2,17
DA:3,17
DA:4,17
DA:8,17
DA:9,17
DA:11,17
DA:12,62
DA:13,5
DA:14,5
DA:17,62
DA:18,2
DA:19,2
DA:21,2
DA:22,2
DA:23,2
DA:24,2
DA:26,2
DA:27,0
DA:28,0
DA:37,0
DA:38,0
DA:42,62
DA:43,1
DA:44,1
DA:46,1
DA:47,1
DA:48,1
DA:50,1
DA:51,1
DA:54,1
DA:56,0
DA:60,62
DA:61,1
DA:62,1
DA:63,1
DA:64,1
DA:66,1
DA:68,0
DA:72,62
DA:73,1
DA:74,1
DA:75,1
DA:77,0
LF:43
LH:36
BRDA:19,0,0,0
BRDA:26,1,0,0
BRDA:38,2,0,0
BRDA:38,2,1,0
BRDA:44,3,0,0
BRDA:50,4,0,1
BRDA:63,5,0,1
BRDA:72,6,0,1
BRDA:77,7,0,0
BRDA:77,7,1,0
BRF:10
BRH:3
end_of_record
TN:
SF:src\socket\handlers\channel\channelScreenShare.handler.ts
FN:3,(anonymous_0)
FN:4,(anonymous_1)
FN:9,(anonymous_2)
FN:14,(anonymous_3)
FN:19,(anonymous_4)
FNF:5
FNH:5
FNDA:62,(anonymous_0)
FNDA:1,(anonymous_1)
FNDA:1,(anonymous_2)
FNDA:1,(anonymous_3)
FNDA:1,(anonymous_4)
DA:3,17
DA:4,62
DA:5,1
DA:6,1
DA:9,62
DA:10,1
DA:11,1
DA:14,62
DA:15,1
DA:16,1
DA:19,62
DA:20,1
DA:21,1
LF:13
LH:13
BRF:0
BRH:0
end_of_record
TN:
SF:src\socket\handlers\channel\channelTyping.handler.ts
FN:3,(anonymous_0)
FN:4,(anonymous_1)
FN:8,(anonymous_2)
FNF:3
FNH:3
FNDA:62,(anonymous_0)
FNDA:1,(anonymous_1)
FNDA:1,(anonymous_2)
DA:3,17
DA:4,62
DA:5,1
DA:8,62
DA:9,1
LF:5
LH:5
BRF:0
BRH:0
end_of_record
TN:
SF:src\socket\handlers\channel\index.ts
FN:7,(anonymous_0)
FN:21,(anonymous_1)
FN:22,(anonymous_2)
FNF:3
FNH:2
FNDA:62,(anonymous_0)
FNDA:62,(anonymous_1)
FNDA:0,(anonymous_2)
DA:2,17
DA:3,17
DA:4,17
DA:5,17
DA:7,17
DA:8,62
DA:10,62
DA:11,0
DA:12,0
DA:13,0
DA:16,62
DA:17,62
DA:18,62
DA:19,62
DA:21,62
DA:22,62
DA:23,0
DA:24,0
DA:25,0
DA:26,0
LF:20
LH:13
BRDA:10,0,0,0
BRDA:23,1,0,0
BRDA:23,2,0,0
BRDA:23,2,1,0
BRF:4
BRH:0
end_of_record
TN:
SF:src\socket\utils\sendMentionNotification.ts
FN:14,(anonymous_0)
FN:19,(anonymous_1)
FNF:2
FNH:0
FNDA:0,(anonymous_0)
FNDA:0,(anonymous_1)
DA:2,17
DA:14,17
DA:19,0
DA:20,0
DA:21,0
DA:22,0
LF:6
LH:2
BRDA:21,0,0,0
BRF:1
BRH:0
end_of_record
TN:
SF:src\socket\utils\userSocketStore.ts
FN:3,(anonymous_0)
FN:7,(anonymous_1)
FN:16,(anonymous_2)
FN:20,(anonymous_3)
FNF:4
FNH:2
FNDA:62,(anonymous_0)
FNDA:62,(anonymous_1)
FNDA:0,(anonymous_2)
FNDA:0,(anonymous_3)
DA:1,17
DA:3,17
DA:4,62
DA:7,17
DA:8,62
DA:9,61
DA:10,60
DA:11,60
DA:16,17
DA:17,0
DA:20,17
DA:21,0
LF:12
LH:10
BRDA:9,0,0,60
BRF:1
BRH:1
end_of_record
TN:
SF:src\utils\apiError.ts
FN:6,(anonymous_0)
FN:19,(anonymous_1)
FN:23,(anonymous_2)
FN:27,(anonymous_3)
FN:31,(anonymous_4)
FN:35,(anonymous_5)
FN:39,(anonymous_6)
FN:43,(anonymous_7)
FNF:8
FNH:8
FNDA:123,(anonymous_0)
FNDA:48,(anonymous_1)
FNDA:11,(anonymous_2)
FNDA:19,(anonymous_3)
FNDA:32,(anonymous_4)
FNDA:2,(anonymous_5)
FNDA:2,(anonymous_6)
FNDA:2,(anonymous_7)
DA:1,32
DA:7,123
DA:8,123
DA:9,123
DA:10,123
DA:12,123
DA:13,1
DA:15,122
DA:20,48
DA:24,11
DA:28,19
DA:32,32
DA:36,2
DA:40,2
DA:44,2
LF:15
LH:15
BRDA:6,0,0,72
BRDA:6,1,0,122
BRDA:12,2,0,1
BRDA:12,2,1,122
BRDA:19,3,0,1
BRDA:19,4,0,45
BRDA:23,5,0,1
BRDA:27,6,0,1
BRDA:31,7,0,1
BRDA:35,8,0,1
BRDA:39,9,0,1
BRDA:39,10,0,1
BRF:12
BRH:12
end_of_record
TN:
SF:src\utils\apiResponse.ts
FN:5,(anonymous_1)
FN:7,(anonymous_2)
FN:15,(anonymous_3)
FN:23,(anonymous_4)
FNF:4
FNH:3
FNDA:89,(anonymous_1)
FNDA:42,(anonymous_2)
FNDA:47,(anonymous_3)
FNDA:0,(anonymous_4)
DA:2,17
DA:4,17
DA:5,89
DA:8,42
DA:16,47
DA:24,0
LF:6
LH:5
BRDA:7,0,0,1
BRDA:15,1,0,0
BRF:2
BRH:1
end_of_record
TN:
SF:src\utils\cleanup.ts
FN:3,cleanupDb
FNF:1
FNH:1
FNDA:57,cleanupDb
DA:1,18
DA:3,18
DA:4,57
DA:8,57
DA:9,798
LF:5
LH:5
BRF:0
BRH:0
end_of_record
TN:
SF:src\utils\extractMention.ts
FN:1,(anonymous_0)
FNF:1
FNH:1
FNDA:36,(anonymous_0)
DA:1,20
DA:2,36
DA:3,36
DA:5,36
DA:6,2219
DA:8,140
DA:9,140
DA:10,137
DA:13,137
DA:14,137
DA:20,36
LF:11
LH:11
BRDA:6,0,0,140
BRDA:9,1,0,137
BRDA:13,2,0,137
BRF:3
BRH:3
end_of_record
TN:
SF:src\utils\fillter.ts
FN:15,buildPrismaQuery
FN:26,(anonymous_1)
FNF:2
FNH:2
FNDA:44,buildPrismaQuery
FNDA:9,(anonymous_1)
DA:15,22
DA:20,44
DA:23,44
DA:24,6
DA:25,6
DA:26,9
DA:36,44
DA:37,20
DA:38,20
DA:39,11
DA:44,44
DA:45,44
DA:46,7
DA:47,7
DA:53,44
DA:54,44
DA:56,44
DA:57,44
DA:59,44
DA:61,44
LF:20
LH:20
BRDA:17,0,0,22
BRDA:18,1,0,25
BRDA:23,2,0,6
BRDA:23,3,0,44
BRDA:23,3,1,8
BRDA:25,4,0,5
BRDA:38,5,0,11
BRDA:38,6,0,20
BRDA:38,6,1,13
BRDA:45,7,0,7
BRDA:46,8,0,2
BRDA:48,9,0,3
BRDA:48,9,1,4
BRDA:53,10,0,44
BRDA:53,10,1,34
BRDA:54,11,0,44
BRDA:54,11,1,34
BRDA:56,12,0,3
BRDA:56,13,0,44
BRDA:56,13,1,43
BRDA:57,14,0,3
BRDA:57,15,0,44
BRDA:57,15,1,43
BRDA:62,16,0,11
BRDA:62,16,1,33
BRF:25
BRH:25
end_of_record
TN:
SF:src\utils\jwt.ts
FN:11,(anonymous_1)
FN:17,(anonymous_2)
FN:22,(anonymous_3)
FN:37,(anonymous_4)
FNF:4
FNH:4
FNDA:74,(anonymous_1)
FNDA:6,(anonymous_2)
FNDA:10,(anonymous_3)
FNDA:8,(anonymous_4)
DA:1,18
DA:11,18
DA:12,74
DA:14,74
DA:17,18
DA:18,6
DA:19,6
DA:22,18
DA:23,10
DA:24,10
DA:25,10
DA:27,6
DA:28,1
DA:30,5
DA:31,4
DA:33,1
DA:37,18
DA:38,8
DA:39,8
LF:19
LH:19
BRDA:27,0,0,1
BRDA:30,1,0,4
BRDA:37,2,0,6
BRF:3
BRH:3
end_of_record
TN:
SF:src\utils\sendEmail.ts
FN:10,(anonymous_1)
FNF:1
FNH:1
FNDA:9,(anonymous_1)
DA:2,17
DA:10,17
DA:12,9
DA:13,0
DA:15,0
DA:19,9
DA:31,9
DA:32,9
DA:35,9
DA:37,9
DA:38,9
DA:44,9
DA:46,0
DA:47,0
DA:51,17
LF:15
LH:11
BRDA:12,0,0,0
BRDA:12,1,0,9
BRDA:12,1,1,9
BRDA:12,1,2,9
BRDA:12,1,3,9
BRDA:31,2,0,9
BRF:6
BRH:5
end_of_record
TN:
SF:src\utils\validateSocketData.ts
FN:5,(anonymous_0)
FNF:1
FNH:1
FNDA:7,(anonymous_0)
DA:5,17
DA:11,7
DA:12,7
DA:13,1
DA:14,1
DA:15,1
DA:18,6
LF:7
LH:7
BRDA:9,0,0,0
BRDA:12,1,0,1
BRDA:13,2,0,1
BRDA:13,2,1,0
BRF:4
BRH:2
end_of_record
TN:
SF:src\validators\auth.validators.ts
FN:95,(anonymous_0)
FN:122,(anonymous_1)
FNF:2
FNH:2
FNDA:1,(anonymous_0)
FNDA:1,(anonymous_1)
DA:1,17
DA:3,17
DA:22,17
DA:26,17
DA:34,17
DA:41,17
DA:53,17
DA:61,17
DA:65,17
DA:69,17
DA:95,1
DA:100,17
DA:122,1
DA:127,17
LF:14
LH:14
BRF:0
BRH:0
end_of_record
TN:
SF:src\validators\channel.validators.ts
FNF:0
FNH:0
DA:1,17
DA:3,17
DA:10,17
LF:3
LH:3
BRF:0
BRH:0
end_of_record
TN:
SF:src\validators\channelMessage.validators.ts
FNF:0
FNH:0
DA:1,17
DA:3,17
DA:8,17
LF:3
LH:3
BRF:0
BRH:0
end_of_record
TN:
SF:src\validators\conversation.validtors.ts
FNF:0
FNH:0
DA:1,17
DA:3,17
DA:7,17
LF:3
LH:3
BRF:0
BRH:0
end_of_record
TN:
SF:src\validators\dm.validators.ts
FNF:0
FNH:0
DA:1,17
DA:3,17
DA:8,17
LF:3
LH:3
BRF:0
BRH:0
end_of_record
TN:
SF:src\validators\invite.validators.ts
FNF:0
FNH:0
DA:1,17
DA:3,17
DA:9,17
LF:3
LH:3
BRF:0
BRH:0
end_of_record
TN:
SF:src\validators\meeting.validators.ts
FN:9,(anonymous_0)
FN:12,(anonymous_1)
FN:17,(anonymous_2)
FN:20,(anonymous_3)
FN:25,(anonymous_4)
FN:38,(anonymous_5)
FN:44,(anonymous_6)
FN:51,(anonymous_7)
FNF:8
FNH:6
FNDA:2,(anonymous_0)
FNDA:2,(anonymous_1)
FNDA:2,(anonymous_2)
FNDA:2,(anonymous_3)
FNDA:2,(anonymous_4)
FNDA:0,(anonymous_5)
FNDA:0,(anonymous_6)
FNDA:2,(anonymous_7)
DA:1,17
DA:3,17
DA:9,2
DA:12,2
DA:17,2
DA:20,2
DA:25,2
DA:32,17
DA:38,0
DA:44,0
DA:52,2
DA:53,0
DA:55,2
DA:65,17
LF:14
LH:11
BRDA:52,0,0,0
BRDA:52,1,0,2
BRDA:52,1,1,0
BRF:3
BRH:1
end_of_record
TN:
SF:src\validators\message.validators.ts
FNF:0
FNH:0
DA:1,1
DA:3,1
LF:2
LH:2
BRF:0
BRH:0
end_of_record
TN:
SF:src\validators\reaction.validators.ts
FNF:0
FNH:0
DA:1,17
DA:3,17
LF:2
LH:2
BRF:0
BRH:0
end_of_record
TN:
SF:src\validators\user.validators.ts
FN:7,(anonymous_0)
FNF:1
FNH:1
FNDA:2,(anonymous_0)
DA:1,17
DA:4,17
DA:7,2
DA:13,17
LF:4
LH:4
BRDA:7,0,0,2
BRDA:7,0,1,0
BRF:2
BRH:1
end_of_record
TN:
SF:src\validators\workspace.validators.ts
FNF:0
FNH:0
DA:1,17
DA:3,17
LF:2
LH:2
BRF:0
BRH:0
end_of_record
