TN:
SF:src\services\channel.service.ts
FN:7,(anonymous_1)
FN:30,(anonymous_2)
FN:43,(anonymous_3)
FN:63,(anonymous_4)
FN:84,(anonymous_5)
FN:107,(anonymous_6)
FN:123,(anonymous_7)
FN:138,(anonymous_8)
FNF:8
FNH:8
FNDA:3,(anonymous_1)
FNDA:1,(anonymous_2)
FNDA:2,(anonymous_3)
FNDA:2,(anonymous_4)
FNDA:1,(anonymous_5)
FNDA:3,(anonymous_6)
FNDA:5,(anonymous_7)
FNDA:2,(anonymous_8)
DA:2,1
DA:3,1
DA:4,1
DA:6,1
DA:8,3
DA:9,2
DA:11,1
DA:27,1
DA:31,1
DA:44,2
DA:56,2
DA:57,1
DA:60,1
DA:68,2
DA:70,2
DA:71,2
DA:74,1
DA:85,1
DA:87,1
DA:108,3
DA:116,3
DA:117,0
DA:120,3
DA:124,5
DA:133,5
DA:134,2
DA:139,2
DA:140,2
DA:147,2
DA:148,1
DA:153,1
LF:31
LH:30
BRDA:56,0,0,1
BRDA:70,1,0,2
BRDA:70,2,0,2
BRDA:70,2,1,2
BRDA:116,3,0,0
BRDA:129,4,0,2
BRDA:129,4,1,3
BRDA:133,5,0,2
BRDA:139,6,0,2
BRDA:139,6,1,2
BRDA:147,7,0,1
BRF:11
BRH:10
end_of_record
TN:
SF:src\services\channelMembers.service.ts
FN:7,(anonymous_1)
FN:44,(anonymous_2)
FN:76,(anonymous_3)
FN:97,(anonymous_4)
FN:125,(anonymous_5)
FN:156,(anonymous_6)
FNF:6
FNH:6
FNDA:3,(anonymous_1)
FNDA:3,(anonymous_2)
FNDA:1,(anonymous_3)
FNDA:2,(anonymous_4)
FNDA:3,(anonymous_5)
FNDA:2,(anonymous_6)
DA:1,1
DA:2,1
DA:3,1
DA:5,1
DA:8,3
DA:17,3
DA:18,1
DA:21,2
DA:22,1
DA:36,1
DA:45,3
DA:55,3
DA:56,1
DA:59,2
DA:60,1
DA:63,1
DA:77,1
DA:98,2
DA:107,2
DA:108,1
DA:111,1
DA:126,3
DA:127,1
DA:130,2
DA:139,2
DA:140,1
DA:143,1
DA:157,2
DA:166,2
DA:167,1
DA:170,1
DA:179,1
LF:32
LH:32
BRDA:17,0,0,1
BRDA:17,1,0,3
BRDA:17,1,1,2
BRDA:21,2,0,1
BRDA:21,3,0,2
BRDA:21,3,1,1
BRDA:55,4,0,1
BRDA:59,5,0,1
BRDA:107,6,0,1
BRDA:107,7,0,2
BRDA:107,7,1,1
BRDA:126,8,0,1
BRDA:139,9,0,1
BRDA:139,10,0,2
BRDA:139,10,1,1
BRDA:166,11,0,1
BRDA:166,12,0,2
BRDA:166,12,1,1
BRF:18
BRH:18
end_of_record
TN:
SF:src\services\channelMessage.service.ts
FN:9,(anonymous_1)
FN:90,(anonymous_2)
FN:170,(anonymous_3)
FN:196,(anonymous_4)
FNF:4
FNH:4
FNDA:3,(anonymous_1)
FNDA:3,(anonymous_2)
FNDA:2,(anonymous_3)
FNDA:2,(anonymous_4)
DA:1,1
DA:2,1
DA:3,1
DA:4,1
DA:5,1
DA:8,1
DA:15,3
DA:23,3
DA:24,1
DA:27,2
DA:34,2
DA:35,0
DA:39,2
DA:48,2
DA:51,2
DA:52,1
DA:53,1
DA:54,1
DA:55,1
DA:56,1
DA:58,0
DA:63,1
DA:67,2
DA:78,2
DA:79,0
DA:83,2
DA:84,1
DA:87,2
DA:91,3
DA:99,3
DA:100,0
DA:103,3
DA:110,3
DA:111,1
DA:114,2
DA:115,1
DA:122,1
DA:123,1
DA:127,1
DA:133,1
DA:167,1
DA:173,2
DA:177,2
DA:178,0
DA:181,2
DA:182,1
DA:185,1
DA:193,1
DA:197,2
DA:201,2
DA:202,0
DA:205,2
DA:206,1
DA:209,1
DA:216,1
DA:222,1
LF:56
LH:50
BRDA:23,0,0,1
BRDA:23,1,0,3
BRDA:23,1,1,2
BRDA:34,2,0,0
BRDA:51,3,0,1
BRDA:51,4,0,2
BRDA:51,4,1,1
BRDA:78,5,0,0
BRDA:83,6,0,1
BRDA:83,7,0,2
BRDA:83,7,1,1
BRDA:99,8,0,0
BRDA:99,9,0,3
BRDA:99,9,1,3
BRDA:110,10,0,1
BRDA:114,11,0,1
BRDA:122,12,0,1
BRDA:138,13,0,0
BRDA:138,13,1,1
BRDA:141,14,0,0
BRDA:141,14,1,1
BRDA:177,15,0,0
BRDA:177,16,0,2
BRDA:177,16,1,2
BRDA:177,16,2,2
BRDA:181,17,0,1
BRDA:201,18,0,0
BRDA:201,19,0,2
BRDA:201,19,1,2
BRDA:201,19,2,2
BRDA:205,20,0,1
BRF:31
BRH:24
end_of_record
TN:
SF:src\services\conversation.service.ts
FN:7,(anonymous_1)
FN:42,(anonymous_2)
FN:43,(anonymous_3)
FN:45,(anonymous_4)
FN:67,(anonymous_5)
FN:99,(anonymous_6)
FN:100,(anonymous_7)
FN:102,(anonymous_8)
FN:112,(anonymous_9)
FN:121,(anonymous_10)
FNF:10
FNH:10
FNDA:5,(anonymous_1)
FNDA:1,(anonymous_2)
FNDA:2,(anonymous_3)
FNDA:2,(anonymous_4)
FNDA:5,(anonymous_5)
FNDA:1,(anonymous_6)
FNDA:3,(anonymous_7)
FNDA:3,(anonymous_8)
FNDA:3,(anonymous_9)
FNDA:2,(anonymous_10)
DA:1,1
DA:2,1
DA:3,1
DA:6,1
DA:8,5
DA:9,1
DA:12,4
DA:17,4
DA:18,1
DA:21,3
DA:28,3
DA:29,1
DA:32,2
DA:42,2
DA:43,2
DA:44,1
DA:45,2
DA:48,2
DA:50,1
DA:65,1
DA:68,5
DA:70,5
DA:71,1
DA:74,4
DA:79,4
DA:80,1
DA:83,3
DA:90,3
DA:91,1
DA:94,2
DA:99,2
DA:100,3
DA:101,1
DA:102,3
DA:105,2
DA:107,1
DA:112,3
DA:119,1
DA:122,2
DA:128,2
DA:172,2
DA:179,1
LF:42
LH:42
BRDA:8,0,0,1
BRDA:17,1,0,1
BRDA:28,2,0,1
BRDA:45,3,0,1
BRDA:45,3,1,1
BRDA:48,4,0,1
BRDA:70,5,0,1
BRDA:79,6,0,1
BRDA:90,7,0,1
BRDA:102,8,0,1
BRDA:102,8,1,1
BRDA:105,9,0,1
BRDA:134,10,0,2
BRDA:134,10,1,2
BRDA:135,11,0,1
BRDA:135,11,1,1
BRDA:167,12,0,2
BRDA:167,12,1,2
BRF:18
BRH:18
end_of_record
TN:
SF:src\services\dm.service.ts
FN:11,(anonymous_1)
FN:28,(anonymous_2)
FN:96,(anonymous_3)
FN:109,(anonymous_4)
FN:165,(anonymous_5)
FN:189,(anonymous_6)
FNF:6
FNH:6
FNDA:4,(anonymous_1)
FNDA:3,(anonymous_2)
FNDA:2,(anonymous_3)
FNDA:1,(anonymous_4)
FNDA:3,(anonymous_5)
FNDA:3,(anonymous_6)
DA:1,1
DA:2,1
DA:3,1
DA:4,1
DA:5,1
DA:9,1
DA:12,4
DA:24,4
DA:25,1
DA:28,3
DA:29,3
DA:30,1
DA:33,2
DA:40,2
DA:41,0
DA:44,2
DA:53,2
DA:54,1
DA:57,2
DA:58,1
DA:59,1
DA:60,1
DA:61,1
DA:62,1
DA:64,0
DA:69,1
DA:73,2
DA:84,2
DA:85,0
DA:89,2
DA:90,1
DA:93,2
DA:97,2
DA:105,2
DA:106,1
DA:109,1
DA:110,1
DA:111,0
DA:114,1
DA:121,1
DA:122,0
DA:125,1
DA:131,1
DA:162,1
DA:167,3
DA:171,3
DA:172,1
DA:175,2
DA:176,1
DA:179,1
DA:187,1
DA:190,3
DA:194,3
DA:195,1
DA:198,2
DA:199,1
DA:202,1
DA:209,1
DA:218,1
LF:59
LH:54
BRDA:24,0,0,1
BRDA:29,1,0,1
BRDA:40,2,0,0
BRDA:53,3,0,1
BRDA:57,4,0,1
BRDA:57,5,0,2
BRDA:57,5,1,1
BRDA:84,6,0,0
BRDA:89,7,0,1
BRDA:89,8,0,2
BRDA:89,8,1,1
BRDA:105,9,0,1
BRDA:110,10,0,0
BRDA:121,11,0,0
BRDA:134,12,0,1
BRDA:134,12,1,1
BRDA:136,13,0,1
BRDA:136,13,1,1
BRDA:171,14,0,1
BRDA:171,15,0,3
BRDA:171,15,1,2
BRDA:175,16,0,1
BRDA:194,17,0,1
BRDA:194,18,0,3
BRDA:194,18,1,2
BRDA:198,19,0,1
BRF:26
BRH:22
end_of_record
TN:
SF:src\services\file.service.ts
FN:19,(anonymous_1)
FN:92,(anonymous_2)
FN:140,(anonymous_3)
FNF:3
FNH:3
FNDA:3,(anonymous_1)
FNDA:3,(anonymous_2)
FNDA:2,(anonymous_3)
DA:1,1
DA:2,1
DA:3,1
DA:4,1
DA:6,1
DA:9,1
DA:16,1
DA:20,3
DA:23,3
DA:24,1
DA:27,2
DA:29,2
DA:30,2
DA:31,2
DA:32,2
DA:35,2
DA:37,2
DA:38,1
DA:39,1
DA:41,1
DA:42,1
DA:44,1
DA:45,1
DA:47,0
DA:48,0
DA:51,0
DA:54,1
DA:56,1
DA:59,1
DA:66,1
DA:67,1
DA:68,1
DA:70,1
DA:71,1
DA:82,1
DA:84,1
DA:86,0
DA:87,0
DA:93,3
DA:105,3
DA:106,1
DA:110,2
DA:112,2
DA:113,1
DA:114,1
DA:115,1
DA:120,1
DA:121,1
DA:124,1
DA:125,0
DA:126,0
DA:129,0
DA:134,2
DA:135,0
DA:137,2
DA:141,2
DA:144,2
DA:145,1
DA:148,1
DA:150,1
DA:152,1
DA:157,1
DA:159,0
DA:160,0
DA:165,1
LF:65
LH:54
BRDA:23,0,0,1
BRDA:29,1,0,2
BRDA:29,1,1,0
BRDA:29,2,0,2
BRDA:29,2,1,2
BRDA:29,2,2,2
BRDA:37,3,0,1
BRDA:44,4,0,1
BRDA:105,5,0,1
BRDA:112,6,0,1
BRDA:112,6,1,1
BRDA:114,7,0,1
BRDA:120,8,0,1
BRDA:120,8,1,0
BRDA:124,9,0,1
BRDA:125,10,0,0
BRDA:129,11,0,0
BRDA:134,12,0,0
BRDA:144,13,0,1
BRF:19
BRH:14
end_of_record
TN:
SF:src\services\invite.service.ts
FN:10,(anonymous_1)
FN:87,(anonymous_2)
FNF:2
FNH:2
FNDA:4,(anonymous_1)
FNDA:7,(anonymous_2)
DA:1,1
DA:2,1
DA:4,1
DA:6,1
DA:8,1
DA:15,4
DA:23,4
DA:24,1
DA:27,3
DA:31,3
DA:32,0
DA:41,0
DA:42,0
DA:45,3
DA:49,3
DA:50,1
DA:53,2
DA:58,2
DA:59,1
DA:62,1
DA:64,1
DA:65,1
DA:67,1
DA:78,1
DA:84,1
DA:88,7
DA:95,7
DA:96,1
DA:99,6
DA:100,1
DA:101,1
DA:106,1
DA:109,5
DA:110,1
DA:114,1
DA:117,4
DA:122,4
DA:123,1
DA:126,3
DA:127,1
DA:130,2
DA:139,2
DA:140,1
DA:143,1
DA:151,1
DA:158,1
DA:162,1
LF:47
LH:44
BRDA:23,0,0,1
BRDA:31,1,0,0
BRDA:41,2,0,0
BRDA:49,3,0,1
BRDA:58,4,0,1
BRDA:73,5,0,1
BRDA:73,5,1,0
BRDA:95,6,0,1
BRDA:99,7,0,1
BRDA:100,8,0,1
BRDA:100,9,0,1
BRDA:100,9,1,1
BRDA:109,10,0,1
BRDA:122,11,0,1
BRDA:126,12,0,1
BRDA:139,13,0,1
BRF:16
BRH:13
end_of_record
TN:
SF:src\services\meeting.service.ts
FN:17,(anonymous_1)
FN:33,(anonymous_2)
FN:59,(anonymous_3)
FN:83,(anonymous_4)
FN:103,(anonymous_5)
FN:162,(anonymous_6)
FN:163,(anonymous_7)
FN:164,(anonymous_8)
FN:216,(anonymous_9)
FN:260,(anonymous_10)
FN:285,(anonymous_11)
FN:327,(anonymous_12)
FNF:12
FNH:8
FNDA:1,(anonymous_1)
FNDA:2,(anonymous_2)
FNDA:2,(anonymous_3)
FNDA:1,(anonymous_4)
FNDA:1,(anonymous_5)
FNDA:1,(anonymous_6)
FNDA:1,(anonymous_7)
FNDA:1,(anonymous_8)
FNDA:0,(anonymous_9)
FNDA:0,(anonymous_10)
FNDA:0,(anonymous_11)
FNDA:0,(anonymous_12)
DA:1,1
DA:2,1
DA:4,1
DA:5,1
DA:7,1
DA:10,1
DA:16,1
DA:18,1
DA:24,1
DA:30,1
DA:34,2
DA:35,2
DA:37,2
DA:38,2
DA:42,2
DA:44,2
DA:45,1
DA:48,1
DA:56,1
DA:60,2
DA:65,2
DA:66,1
DA:69,1
DA:70,1
DA:72,1
DA:77,1
DA:78,0
DA:80,1
DA:84,1
DA:89,1
DA:90,0
DA:91,0
DA:92,0
DA:94,0
DA:97,1
DA:100,1
DA:104,1
DA:107,1
DA:108,0
DA:111,1
DA:115,1
DA:116,0
DA:119,1
DA:125,1
DA:126,0
DA:129,1
DA:142,1
DA:143,1
DA:144,1
DA:146,1
DA:161,1
DA:162,1
DA:163,1
DA:164,1
DA:166,1
DA:189,1
DA:196,1
DA:205,1
DA:208,0
DA:209,0
DA:213,0
DA:217,0
DA:220,0
DA:221,0
DA:224,0
DA:230,0
DA:231,0
DA:234,0
DA:239,0
DA:240,0
DA:245,0
DA:257,0
DA:261,0
DA:263,0
DA:279,0
DA:280,0
DA:282,0
DA:286,0
DA:288,0
DA:293,0
DA:294,0
DA:297,0
DA:302,0
DA:303,0
DA:304,0
DA:305,0
DA:313,0
DA:320,0
DA:324,0
DA:328,0
DA:330,0
DA:335,0
DA:336,0
DA:339,0
DA:344,0
DA:345,0
DA:346,0
DA:347,0
DA:353,0
DA:357,0
DA:361,1
LF:101
LH:51
BRDA:44,0,0,1
BRDA:65,1,0,1
BRDA:77,2,0,0
BRDA:89,3,0,0
BRDA:89,3,1,1
BRDA:90,4,0,0
BRDA:90,4,1,0
BRDA:107,5,0,0
BRDA:115,6,0,0
BRDA:125,7,0,0
BRDA:142,8,0,1
BRDA:163,9,0,1
BRDA:163,9,1,1
BRDA:168,10,0,1
BRDA:168,10,1,0
BRDA:190,11,0,1
BRDA:190,11,1,0
BRDA:201,12,0,1
BRDA:201,12,1,1
BRDA:205,13,0,1
BRDA:205,13,1,1
BRDA:216,14,0,0
BRDA:220,15,0,0
BRDA:230,16,0,0
BRDA:239,17,0,0
BRDA:279,18,0,0
BRDA:293,19,0,0
BRDA:293,20,0,0
BRDA:293,20,1,0
BRDA:293,20,2,0
BRDA:302,21,0,0
BRDA:302,22,0,0
BRDA:302,22,1,0
BRDA:308,23,0,0
BRDA:308,23,1,0
BRDA:309,24,0,0
BRDA:309,24,1,0
BRDA:314,25,0,0
BRDA:314,25,1,0
BRDA:335,26,0,0
BRDA:335,27,0,0
BRDA:335,27,1,0
BRDA:335,27,2,0
BRDA:344,28,0,0
BRDA:344,29,0,0
BRDA:344,29,1,0
BRDA:348,30,0,0
BRDA:348,30,1,0
BRF:48
BRH:12
end_of_record
TN:
SF:src\services\mention.service.ts
FN:6,(anonymous_1)
FN:8,(anonymous_2)
FN:20,(anonymous_3)
FN:27,(anonymous_4)
FN:28,(anonymous_5)
FNF:5
FNH:5
FNDA:2,(anonymous_1)
FNDA:3,(anonymous_2)
FNDA:2,(anonymous_3)
FNDA:2,(anonymous_4)
FNDA:1,(anonymous_5)
DA:1,1
DA:2,1
DA:3,1
DA:5,1
DA:7,2
DA:8,3
DA:10,2
DA:18,2
DA:19,1
DA:20,2
DA:26,1
DA:27,2
DA:29,1
DA:43,1
DA:45,2
DA:49,1
LF:16
LH:16
BRDA:18,0,0,1
BRF:1
BRH:1
end_of_record
TN:
SF:src\services\message.service.ts
FN:7,(anonymous_1)
FN:13,(anonymous_2)
FN:60,(anonymous_3)
FNF:3
FNH:3
FNDA:4,(anonymous_1)
FNDA:1,(anonymous_2)
FNDA:3,(anonymous_3)
DA:1,1
DA:2,1
DA:3,1
DA:4,1
DA:6,1
DA:9,4
DA:10,4
DA:12,1
DA:13,1
DA:15,0
DA:18,3
DA:24,3
DA:25,1
DA:28,2
DA:37,2
DA:38,1
DA:41,1
DA:57,1
DA:61,3
DA:67,3
DA:68,1
DA:71,2
DA:80,2
DA:81,1
DA:84,1
DA:101,1
DA:104,1
LF:27
LH:26
BRDA:12,0,0,1
BRDA:24,1,0,1
BRDA:37,2,0,1
BRDA:60,3,0,3
BRDA:60,4,0,3
BRDA:67,5,0,1
BRDA:80,6,0,1
BRF:7
BRH:7
end_of_record
TN:
SF:src\services\reaction.service.ts
FN:4,(anonymous_1)
FN:48,(anonymous_2)
FN:92,(anonymous_3)
FNF:3
FNH:3
FNDA:5,(anonymous_1)
FNDA:3,(anonymous_2)
FNDA:2,(anonymous_3)
DA:1,1
DA:2,1
DA:4,1
DA:5,5
DA:29,5
DA:30,1
DA:33,4
DA:34,4
DA:35,4
DA:38,4
DA:39,0
DA:40,0
DA:42,4
DA:43,0
DA:47,1
DA:49,3
DA:51,3
DA:59,3
DA:60,1
DA:69,1
DA:71,2
DA:72,1
DA:82,2
DA:90,2
DA:93,2
DA:95,1
DA:104,1
DA:108,1
LF:28
LH:25
BRDA:29,0,0,1
BRDA:33,1,0,4
BRDA:34,2,0,4
BRDA:34,2,1,0
BRDA:35,3,0,0
BRDA:38,4,0,0
BRDA:39,5,0,0
BRDA:39,5,1,0
BRDA:40,6,0,0
BRDA:42,7,0,0
BRDA:42,8,0,4
BRDA:42,8,1,0
BRDA:59,9,0,1
BRDA:71,10,0,1
BRF:14
BRH:6
end_of_record
TN:
SF:src\services\user.service.ts
FN:13,(anonymous_1)
FN:39,(anonymous_2)
FN:54,(anonymous_3)
FN:68,(anonymous_4)
FN:74,(anonymous_5)
FN:84,(anonymous_6)
FN:108,(anonymous_7)
FN:123,(anonymous_8)
FN:152,(anonymous_9)
FN:163,(anonymous_10)
FNF:10
FNH:7
FNDA:2,(anonymous_1)
FNDA:8,(anonymous_2)
FNDA:0,(anonymous_3)
FNDA:2,(anonymous_4)
FNDA:2,(anonymous_5)
FNDA:1,(anonymous_6)
FNDA:1,(anonymous_7)
FNDA:0,(anonymous_8)
FNDA:0,(anonymous_9)
FNDA:3,(anonymous_10)
DA:1,1
DA:2,1
DA:3,1
DA:4,1
DA:8,1
DA:14,2
DA:31,2
DA:32,1
DA:35,1
DA:40,8
DA:47,8
DA:48,0
DA:51,8
DA:55,0
DA:62,0
DA:63,0
DA:66,0
DA:69,2
DA:71,2
DA:73,2
DA:74,2
DA:77,2
DA:78,1
DA:83,1
DA:84,1
DA:87,1
DA:102,1
DA:109,1
DA:111,1
DA:118,1
DA:124,0
DA:130,0
DA:148,0
DA:153,0
DA:155,0
DA:160,0
DA:168,3
DA:169,3
DA:170,1
DA:173,2
DA:175,2
DA:176,1
DA:179,1
DA:184,1
DA:189,1
LF:45
LH:34
BRDA:31,0,0,1
BRDA:47,1,0,0
BRDA:62,2,0,0
BRDA:77,3,0,1
BRDA:133,4,0,0
BRDA:133,4,1,0
BRDA:143,5,0,0
BRDA:143,5,1,0
BRDA:169,6,0,1
BRDA:175,7,0,1
BRF:10
BRH:4
end_of_record
TN:
SF:src\services\workspace.service.ts
FN:14,(anonymous_1)
FN:73,(anonymous_2)
FN:114,(anonymous_3)
FN:124,(anonymous_4)
FN:158,(anonymous_5)
FN:199,(anonymous_6)
FNF:6
FNH:6
FNDA:4,(anonymous_1)
FNDA:1,(anonymous_2)
FNDA:1,(anonymous_3)
FNDA:2,(anonymous_4)
FNDA:3,(anonymous_5)
FNDA:2,(anonymous_6)
DA:2,1
DA:3,1
DA:4,1
DA:13,1
DA:18,4
DA:26,4
DA:27,1
DA:30,3
DA:35,3
DA:36,3
DA:37,1
DA:39,2
DA:41,2
DA:48,2
DA:49,1
DA:52,1
DA:68,1
DA:79,1
DA:84,1
DA:88,1
DA:89,0
DA:92,1
DA:93,0
DA:96,1
DA:114,1
DA:129,2
DA:130,2
DA:139,2
DA:140,1
DA:145,1
DA:155,1
DA:160,3
DA:164,3
DA:165,1
DA:168,2
DA:169,1
DA:172,1
DA:197,1
DA:200,2
DA:207,2
DA:208,1
DA:211,1
DA:217,1
LF:43
LH:41
BRDA:26,0,0,1
BRDA:36,1,0,1
BRDA:39,2,0,2
BRDA:39,2,1,0
BRDA:48,3,0,1
BRDA:88,4,0,0
BRDA:92,5,0,0
BRDA:110,6,0,1
BRDA:110,6,1,0
BRDA:129,7,0,2
BRDA:139,8,0,1
BRDA:148,9,0,1
BRDA:148,9,1,1
BRDA:149,10,0,1
BRDA:149,10,1,0
BRDA:164,11,0,1
BRDA:168,12,0,1
BRDA:207,13,0,1
BRF:18
BRH:13
end_of_record
TN:
SF:src\services\workspaceMembers.ts
FN:6,(anonymous_1)
FN:27,(anonymous_2)
FN:57,(anonymous_3)
FN:82,(anonymous_4)
FN:97,(anonymous_5)
FN:111,(anonymous_6)
FNF:6
FNH:6
FNDA:3,(anonymous_1)
FNDA:5,(anonymous_2)
FNDA:4,(anonymous_3)
FNDA:2,(anonymous_4)
FNDA:1,(anonymous_5)
FNDA:2,(anonymous_6)
DA:1,1
DA:2,1
DA:3,1
DA:5,1
DA:7,3
DA:11,3
DA:12,1
DA:15,2
DA:16,1
DA:22,1
DA:28,5
DA:33,5
DA:35,4
DA:36,1
DA:39,3
DA:40,1
DA:43,2
DA:47,2
DA:48,1
DA:51,1
DA:58,4
DA:63,4
DA:64,3
DA:65,1
DA:68,2
DA:72,2
DA:73,1
DA:76,1
DA:83,2
DA:87,2
DA:88,1
DA:91,1
DA:98,1
DA:112,2
DA:116,2
DA:117,1
DA:120,1
DA:125,1
DA:126,1
DA:132,1
DA:136,1
LF:41
LH:41
BRDA:6,0,0,3
BRDA:11,1,0,1
BRDA:11,2,0,3
BRDA:11,2,1,2
BRDA:15,3,0,1
BRDA:15,4,0,2
BRDA:15,4,1,1
BRDA:33,5,0,1
BRDA:35,6,0,1
BRDA:39,7,0,1
BRDA:47,8,0,1
BRDA:47,9,0,2
BRDA:47,9,1,1
BRDA:63,10,0,1
BRDA:64,11,0,1
BRDA:72,12,0,1
BRDA:72,13,0,2
BRDA:72,13,1,1
BRDA:87,14,0,1
BRDA:87,15,0,2
BRDA:87,15,1,1
BRDA:116,16,0,1
BRDA:116,17,0,2
BRDA:116,17,1,1
BRDA:125,18,0,1
BRF:25
BRH:25
end_of_record
TN:
SF:src\utils\apiError.ts
FN:6,(anonymous_0)
FN:19,(anonymous_1)
FN:23,(anonymous_2)
FN:27,(anonymous_3)
FN:31,(anonymous_4)
FN:35,(anonymous_5)
FN:39,(anonymous_6)
FN:43,(anonymous_7)
FNF:8
FNH:8
FNDA:101,(anonymous_0)
FNDA:41,(anonymous_1)
FNDA:5,(anonymous_2)
FNDA:17,(anonymous_3)
FNDA:30,(anonymous_4)
FNDA:2,(anonymous_5)
FNDA:2,(anonymous_6)
FNDA:1,(anonymous_7)
DA:1,14
DA:7,101
DA:8,101
DA:9,101
DA:10,101
DA:12,101
DA:13,1
DA:15,100
DA:20,41
DA:24,5
DA:28,17
DA:32,30
DA:36,2
DA:40,2
DA:44,1
LF:15
LH:15
BRDA:6,0,0,57
BRDA:6,1,0,100
BRDA:12,2,0,1
BRDA:12,2,1,100
BRDA:19,3,0,1
BRDA:19,4,0,40
BRDA:23,5,0,1
BRDA:27,6,0,1
BRDA:31,7,0,1
BRDA:35,8,0,1
BRDA:39,9,0,1
BRDA:39,10,0,1
BRF:12
BRH:12
end_of_record
TN:
SF:src\utils\extractMention.ts
FN:1,(anonymous_0)
FNF:1
FNH:1
FNDA:34,(anonymous_0)
DA:1,2
DA:2,34
DA:3,34
DA:5,34
DA:6,2218
DA:8,140
DA:9,140
DA:10,137
DA:13,137
DA:14,137
DA:20,34
LF:11
LH:11
BRDA:6,0,0,140
BRDA:9,1,0,137
BRDA:13,2,0,137
BRF:3
BRH:3
end_of_record
TN:
SF:src\utils\fillter.ts
FN:15,buildPrismaQuery
FN:26,(anonymous_1)
FNF:2
FNH:2
FNDA:39,buildPrismaQuery
FNDA:9,(anonymous_1)
DA:15,5
DA:20,39
DA:23,39
DA:24,6
DA:25,6
DA:26,9
DA:36,39
DA:37,19
DA:38,19
DA:39,11
DA:44,39
DA:45,39
DA:46,7
DA:47,7
DA:53,39
DA:54,39
DA:56,39
DA:57,39
DA:59,39
DA:61,39
LF:20
LH:20
BRDA:17,0,0,22
BRDA:18,1,0,23
BRDA:23,2,0,6
BRDA:23,3,0,39
BRDA:23,3,1,8
BRDA:25,4,0,5
BRDA:38,5,0,11
BRDA:38,6,0,19
BRDA:38,6,1,13
BRDA:45,7,0,7
BRDA:46,8,0,2
BRDA:48,9,0,3
BRDA:48,9,1,4
BRDA:53,10,0,39
BRDA:53,10,1,29
BRDA:54,11,0,39
BRDA:54,11,1,29
BRDA:56,12,0,3
BRDA:56,13,0,39
BRDA:56,13,1,38
BRDA:57,14,0,3
BRDA:57,15,0,39
BRDA:57,15,1,38
BRDA:62,16,0,11
BRDA:62,16,1,28
BRF:25
BRH:25
end_of_record
TN:
SF:src\utils\jwt.ts
FN:11,(anonymous_1)
FN:17,(anonymous_2)
FN:22,(anonymous_3)
FN:37,(anonymous_4)
FNF:4
FNH:4
FNDA:6,(anonymous_1)
FNDA:4,(anonymous_2)
FNDA:8,(anonymous_3)
FNDA:7,(anonymous_4)
DA:1,1
DA:11,1
DA:12,6
DA:14,6
DA:17,1
DA:18,4
DA:19,4
DA:22,1
DA:23,8
DA:24,8
DA:25,8
DA:27,6
DA:28,1
DA:30,5
DA:31,4
DA:33,1
DA:37,1
DA:38,7
DA:39,7
LF:19
LH:19
BRDA:27,0,0,1
BRDA:30,1,0,4
BRDA:37,2,0,6
BRF:3
BRH:3
end_of_record
TN:
SF:src\validators\message.validators.ts
FNF:0
FNH:0
DA:1,1
DA:3,1
LF:2
LH:2
BRF:0
BRH:0
end_of_record
